<?xml version="1.0" encoding="UTF-8"?>
<!-- Generated by org.testng.reporters.JUnitXMLReporter -->
<testsuite hostname="QTLSYS0-223" ignored="11" name="Test" tests="1" failures="1" timestamp="29 Jul 2020 12:25:31 GMT" time="90.079" errors="0">
  <testcase name="LOC_ACHDeposit_EODs_Return_RedepositTxn" time="86.931" classname="tests.QCStore">
    <failure type="org.openqa.selenium.NoSuchElementException" message="Unable to find element with xpath == //*[@id=&amp;apos;errorMessage&amp;apos;]/form[1]/table[1]/tbody/tr[2]/td/table/tbody/tr[3]/td/table/tbody/tr[7]/td[2]/input (WARNING: The server did not provide any stacktrace information)
Command duration or timeout: 0 milliseconds
For documentation on this error, please visit: http://seleniumhq.org/exceptions/no_such_element.html
Build info: version: &amp;apos;3.14.0&amp;apos;, revision: &amp;apos;aacccce0&amp;apos;, time: &amp;apos;2018-08-02T20:19:58.91Z&amp;apos;
System info: host: &amp;apos;QTLSYS0-223&amp;apos;, ip: &amp;apos;192.168.0.223&amp;apos;, os.name: &amp;apos;Windows 10&amp;apos;, os.arch: &amp;apos;amd64&amp;apos;, os.version: &amp;apos;10.0&amp;apos;, java.version: &amp;apos;1.8.0_171&amp;apos;
Driver info: org.openqa.selenium.ie.InternetExplorerDriver
Capabilities {browserAttachTimeout: 0, browserName: internet explorer, cssSelectorsEnabled: true, elementScrollBehavior: 0, enableElementCacheCleanup: true, enablePersistentHover: true, handlesAlerts: true, ie.browserCommandLineSwitches: , ie.ensureCleanSession: false, ie.forceCreateProcessApi: false, ie.usePerProcessProxy: false, ignoreProtectedModeSettings: false, ignoreZoomSetting: false, initialBrowserUrl: http://localhost:13089/, javascriptEnabled: true, nativeEvents: true, platform: WINDOWS, platformName: WINDOWS, requireWindowFocus: false, takesScreenshot: true, unexpectedAlertBehaviour: dismiss, unhandledPromptBehavior: dismiss, version: 11}
Session ID: 970f4a63-0bd5-4766-bf28-3b0a7f8b77d4
*** Element info: {Using=xpath, value=//*[@id=&amp;apos;errorMessage&amp;apos;]/form[1]/table[1]/tbody/tr[2]/td/table/tbody/tr[3]/td/table/tbody/tr[7]/td[2]/input}">
      <![CDATA[org.openqa.selenium.NoSuchElementException: Unable to find element with xpath == //*[@id='errorMessage']/form[1]/table[1]/tbody/tr[2]/td/table/tbody/tr[3]/td/table/tbody/tr[7]/td[2]/input (WARNING: The server did not provide any stacktrace information)
Command duration or timeout: 0 milliseconds
For documentation on this error, please visit: http://seleniumhq.org/exceptions/no_such_element.html
Build info: version: '3.14.0', revision: 'aacccce0', time: '2018-08-02T20:19:58.91Z'
System info: host: 'QTLSYS0-223', ip: '192.168.0.223', os.name: 'Windows 10', os.arch: 'amd64', os.version: '10.0', java.version: '1.8.0_171'
Driver info: org.openqa.selenium.ie.InternetExplorerDriver
Capabilities {browserAttachTimeout: 0, browserName: internet explorer, cssSelectorsEnabled: true, elementScrollBehavior: 0, enableElementCacheCleanup: true, enablePersistentHover: true, handlesAlerts: true, ie.browserCommandLineSwitches: , ie.ensureCleanSession: false, ie.forceCreateProcessApi: false, ie.usePerProcessProxy: false, ignoreProtectedModeSettings: false, ignoreZoomSetting: false, initialBrowserUrl: http://localhost:13089/, javascriptEnabled: true, nativeEvents: true, platform: WINDOWS, platformName: WINDOWS, requireWindowFocus: false, takesScreenshot: true, unexpectedAlertBehaviour: dismiss, unhandledPromptBehavior: dismiss, version: 11}
Session ID: 970f4a63-0bd5-4766-bf28-3b0a7f8b77d4
*** Element info: {Using=xpath, value=//*[@id='errorMessage']/form[1]/table[1]/tbody/tr[2]/td/table/tbody/tr[3]/td/table/tbody/tr[7]/td[2]/input}
at org.openqa.selenium.remote.ErrorHandler.createThrowable(ErrorHandler.java:214)
at org.openqa.selenium.remote.ErrorHandler.throwIfResponseFailed(ErrorHandler.java:166)
at org.openqa.selenium.remote.http.JsonHttpResponseCodec.reconstructValue(JsonHttpResponseCodec.java:40)
at org.openqa.selenium.remote.http.AbstractHttpResponseCodec.decode(AbstractHttpResponseCodec.java:80)
at org.openqa.selenium.remote.http.AbstractHttpResponseCodec.decode(AbstractHttpResponseCodec.java:44)
at org.openqa.selenium.remote.HttpCommandExecutor.execute(HttpCommandExecutor.java:158)
at org.openqa.selenium.remote.service.DriverCommandExecutor.execute(DriverCommandExecutor.java:83)
at org.openqa.selenium.remote.RemoteWebDriver.execute(RemoteWebDriver.java:548)
at org.openqa.selenium.remote.RemoteWebDriver.findElement(RemoteWebDriver.java:322)
at org.openqa.selenium.remote.RemoteWebDriver.findElementByXPath(RemoteWebDriver.java:424)
at org.openqa.selenium.By$ByXPath.findElement(By.java:353)
at org.openqa.selenium.remote.RemoteWebDriver.findElement(RemoteWebDriver.java:314)
at tests.SQCCSRNewLoan.LOC(SQCCSRNewLoan.java:274)
at tests.SQCCSRNewLoan.newLoan(SQCCSRNewLoan.java:209)
at tests.QCStore.LOC_ACHDeposit_EODs_Return_RedepositTxn(QCStore.java:150)
... Removed 29 stack frames]]>
    </failure>
  </testcase> <!-- LOC_ACHDeposit_EODs_Return_RedepositTxn -->
  <testcase name="LOC_ACHDep_EODs_Return_fullpay_Redeposit" time="0.0" classname="tests.QCStore">
    <ignored/>
  </testcase> <!-- LOC_ACHDep_EODs_Return_fullpay_Redeposit -->
  <testcase name="LOC_ACHDep_EODs_Return_payoff_Redeposit" time="0.0" classname="tests.QCStore">
    <ignored/>
  </testcase> <!-- LOC_ACHDep_EODs_Return_payoff_Redeposit -->
  <testcase name="LOC_ACHDep_EODs_Return_Redeposit_parpay" time="0.0" classname="tests.QCStore">
    <ignored/>
  </testcase> <!-- LOC_ACHDep_EODs_Return_Redeposit_parpay -->
  <testcase name="LOC_Payoff_ageLastInst_ACHDeposit" time="0.0" classname="tests.QCStore">
    <ignored/>
  </testcase> <!-- LOC_Payoff_ageLastInst_ACHDeposit -->
  <testcase name="LOC_ACHDep_EOD_Return_ACHdeposit_EOD_Return" time="0.0" classname="tests.QCStore">
    <ignored/>
  </testcase> <!-- LOC_ACHDep_EOD_Return_ACHdeposit_EOD_Return -->
  <testcase name="LOC_ACHDep_Return_Eod_Redeposit" time="0.0" classname="tests.QCStore">
    <ignored/>
  </testcase> <!-- LOC_ACHDep_Return_Eod_Redeposit -->
  <testcase name="LOC_ACHDeposit_Return" time="0.0" classname="tests.QCStore">
    <ignored/>
  </testcase> <!-- LOC_ACHDeposit_Return -->
  <testcase name="LOC_ACHDep_Return_EOD_ACHdeposit_Return_EOD" time="0.0" classname="tests.QCStore">
    <ignored/>
  </testcase> <!-- LOC_ACHDep_Return_EOD_ACHdeposit_Return_EOD -->
  <testcase name="LOC_ACHDeposit_Return_Redeposit" time="0.0" classname="tests.QCStore">
    <ignored/>
  </testcase> <!-- LOC_ACHDeposit_Return_Redeposit -->
  <testcase name="LOC_Payment_ACHDeposit" time="0.0" classname="tests.QCStore">
    <ignored/>
  </testcase> <!-- LOC_Payment_ACHDeposit -->
  <testcase name="LOC_Payment_2ndDuedate_ACHDeposit" time="0.0" classname="tests.QCStore">
    <ignored/>
  </testcase> <!-- LOC_Payment_2ndDuedate_ACHDeposit -->
</testsuite> <!-- Test -->
