
<!DOCTYPE html>
<html>
	<head>
		<!--
			ExtentReports Library 2.41.1 | http://relevantcodes.com/extentreports-for-selenium/ | https://github.com/anshooarora/
			Copyright (c) 2015, Anshoo Arora (Relevant Codes) | Copyrights licensed under the New BSD License | http://opensource.org/licenses/BSD-3-Clause
			Documentation: http://extentreports.relevantcodes.com 
		-->

		<meta charset='UTF-8' /> 
		<meta name='description' content='ExtentReports (by Anshoo Arora) is a reporting library for automation testing for .NET and Java. It creates detailed and beautiful HTML reports for modern browsers. ExtentReports shows test and step summary along with dashboards, system and environment details for quick analysis of your tests.' />
		<meta name='robots' content='noodp, noydir' />
		<meta name='viewport' content='width=device-width, initial-scale=1' />
		<meta name='extentx' id='extentx' content='' />
		
		<title>
				ExtentReports 2.0
		</title>
		
		
		<link href='https://fonts.googleapis.com/css?family=Source+Sans+Pro:400,600' rel='stylesheet' type='text/css'>
		<link href='https://cdn.rawgit.com/anshooarora/extentreports/6032d73243ba4fe4fb8769eb9c315d4fdf16fe68/cdn/extent.css' type='text/css' rel='stylesheet' />
		
		<style>
				
            
                
            
        
		</style>
	</head>
	
	
	<body class='extent default standard hide-overflow'>
		<!-- nav -->
		<nav>
			<div class='logo-container blue darken-2'>
				<a class='logo-content' href='http://extentreports.relevantcodes.com'>
					<span>ExtentReports</span>
				</a>
				<a href='#' data-activates='slide-out' class='button-collapse hide-on-large-only'><i class='mdi-navigation-apps'></i></a>
			</div>
			<ul id='slide-out' class='side-nav fixed hide-on-med-and-down'>
				<li class='analysis waves-effect active'><a href='#!' class='test-view' onclick="_updateCurrentStage(0)"><i class='mdi-action-dashboard'></i>Test Details</a></li>
				<li class='analysis waves-effect'>
					<a href='#!' onclick="_updateCurrentStage(-1)" class='dashboard-view'><i class='mdi-action-track-changes'></i></i>Analysis</a>
				</li>
			</ul>
			<span class='report-name'>Automation Report</span> <span class='report-headline'></span>
			<ul class='right hide-on-med-and-down nav-right'>
				<li class='theme-selector' alt='Click to toggle dark theme. To enable by default, use js configuration $("body").addClass("dark");' title='Click to toggle dark theme. To enable by default, use js configuration $("body").addClass("dark");'>
					<i class='mdi-hardware-desktop-windows'></i>
				</li>
				<li>
					<span class='suite-started-time'>2019-05-24 15:51:24</span>
				</li>
				<li>
					<span>v2.41.1</span>
				</li>
			</ul>
		</nav>
		<!-- /nav -->
		
		<!-- container -->
		<div class='container'>
			
			<!-- dashboard -->
			<div id='dashboard-view' class='row'>
				<div class='time-totals'>
					<div class='col l2 m4 s6'>
						<div class='card suite-total-tests'> 
							<span class='panel-name'>Total Tests</span> 
							<span class='total-tests'> <span class='panel-lead'></span> </span> 
						</div> 
					</div>
					<div class='col l2 m4 s6'>
						<div class='card suite-total-steps'> 
							<span class='panel-name'>Total Steps</span> 
							<span class='total-steps'> <span class='panel-lead'></span> </span> 
						</div> 
					</div>
					<div class='col l2 m4 s12'>
						<div class='card suite-total-time-current'> 
							<span class='panel-name'>Total Time Taken (Current Run)</span> 
							<span class='suite-total-time-current-value panel-lead'>0h 27m 39s+111ms</span> 
						</div> 
					</div>
					<div class='col l2 m4 s12'>
						<div class='card suite-total-time-overall'> 
							<span class='panel-name'>Total Time Taken (Overall)</span> 
							<span class='suite-total-time-overall-value panel-lead'>0h 27m 39s+111ms</span> 
						</div> 
					</div>
					<div class='col l2 m4 s6 suite-start-time'>
						<div class='card accent green-accent'> 
							<span class='panel-name'>Start</span> 
							<span class='panel-lead suite-started-time'>2019-05-24 15:23:45</span> 
						</div> 
					</div>
					<div class='col l2 m4 s6 suite-end-time'>
						<div class='card accent pink-accent'> 
							<span class='panel-name'>End</span> 
							<span class='panel-lead suite-ended-time'>2019-05-24 15:51:24</span> 
						</div> 
					</div>
				</div>
				<div class='charts'>
					<div class='col s12 m6 l4 fh'> 
						<div class='card-panel'> 
							<div>
								<span class='panel-name'>Tests View</span>
							</div> 
							<div class='panel-setting modal-trigger test-count-setting right'>
								<a href='#test-count-setting'><i class='mdi-navigation-more-vert text-md'></i></a>
							</div> 
							<div class='chart-box'>
								<canvas class='text-centered' id='test-analysis'></canvas>
							</div> 
							<div>
								<span class='weight-light'><span class='t-pass-count weight-normal'></span> test(s) passed</span>
							</div> 
							<div>
								<span class='weight-light'><span class='t-fail-count weight-normal'></span> test(s) failed, <span class='t-others-count weight-normal'></span> others</span>
							</div> 
						</div> 
					</div> 
					<div class='col s12 m6 l4 fh'> 
						<div class='card-panel'> 
							<div>
								<span class='panel-name'>Steps View</span>
							</div> 
							<div class='panel-setting modal-trigger step-status-filter right'>
								<a href='#step-status-filter'><i class='mdi-navigation-more-vert text-md'></i></a>
							</div> 
							<div class='chart-box'>
								<canvas class='text-centered' id='step-analysis'></canvas>
							</div> 
							<div>
								<span class='weight-light'><span class='s-pass-count weight-normal'></span> step(s) passed </span>
							</div> 
							<div>
								<span class='weight-light'><span class='s-fail-count weight-normal'></span> step(s) failed, <span class='s-others-count weight-normal'></span> others</span>
							</div> 
						</div> 
					</div>
					<div class='col s12 m12 l4 fh'> 
						<div class='card-panel'> 
							<span class='panel-name'>Pass Percentage</span> 
							<span class='pass-percentage panel-lead'></span> 
							<div class='progress light-blue lighten-3'> 
								<div class='determinate light-blue'></div> 
							</div> 
						</div> 
					</div>
				</div>
				<div class='system-view'>
					<div class='col l4 m12 s12'>
						<div class='card-panel'>
							<span class='label info outline right'>Environment</span>
							<table>
								<thead>
									<tr>
										<th>Param</th>
										<th>Value</th>
									</tr>
								</thead>
								<tbody>
										<tr>
											<td>User Name</td>
											<td>brahmithchary.p</td>
										</tr>
										<tr>
											<td>OS</td>
											<td>Windows 7</td>
										</tr>
										<tr>
											<td>Java Version</td>
											<td>1.8.0_171</td>
										</tr>
										<tr>
											<td>Host Name</td>
											<td>QTLSYS2-238</td>
										</tr>
								</tbody>
							</table>
						</div>
					</div>
				</div>
			</div>
			<!-- /dashboard -->
			
			<!-- tests -->
			<div id='test-view' class='row _addedTable'>
				<div class='col _addedCell1'>
					<div class='contents'>
						<div class='card-panel heading'>
							<h5>Tests</h5>
						</div>
						<div class='card-panel filters'>
							<div>
								<a class='dropdown-button btn-floating btn-small waves-effect waves-light grey tests-toggle' data-activates='tests-toggle' data-constrainwidth='true' data-beloworigin='true' data-hover='true' href='#'>
									<i class='mdi-action-reorder'></i>
								</a>
								<ul id='tests-toggle' class='dropdown-content'>
									<li class='pass'><a href='#!'>Pass</a></li>
									<li class='fail'><a href='#!'>Fail</a></li>
										<li class='error'><a href='#!'>Error</a></li>
									<li class='skip'><a href='#!'>Skip</a></li>
									<li class='divider'></li>
									<li class='clear'><a href='#!'>Clear Filters</a></li>
								</ul>
							</div>
							<div>
								<a class='btn-floating btn-small waves-effect waves-light grey' id='clear-filters' alt='Clear Filters' title='Clear Filters'>
									<i class='mdi-navigation-close'></i>
								</a>
							</div>
							<div>
								<a class='btn-floating btn-small waves-effect waves-light grey' id='enableDashboard' alt='Enable Dashboard' title='Enable Dashboard'>
									<i class='mdi-action-track-changes'></i>
								</a>
							</div>
							<div>
								<a class='btn-floating btn-small waves-effect waves-light blue enabled' id='refreshCharts' alt='Refresh Charts on Filters' title='Refresh Charts on Filters'>
									<i class='mdi-navigation-refresh'></i>
								</a>
							</div>
							<div class='search' alt='Search Tests' title='Search Tests'>
								<div class='input-field left'>
									<input id='searchTests' type='text' class='validate' placeholder='Search Tests...'>
								</div>
								<a href="#" class='btn-floating btn-small waves-effect waves-light grey'>
									<i class='mdi-action-search'></i>
								</a>
							</div>
						</div>
						<div class='card-panel no-padding-h no-padding-v no-margin-v'>
							<div class='wrapper'>
								<ul id='test-collection' class='test-collection'>
										<li class='collection-item test displayed active error ' extentid='af2f4d3a-7a31-4d0a-a45f-dfd3804db31e'>
											<div class='test-head'>
												<span class='test-name'>QC_ILP_NewLoan_Promotion </span>
												<span class='test-status label right outline capitalize error'>error</span>
												<span class='category-assigned hide '></span>
											</div>
											<div class='test-body'>
												<div class='test-info'>
													<span title='Test started time' alt='Test started time' class='test-started-time label green lighten-1 text-white'>2019-05-24 15:23:50</span>
													<span title='Test ended time' alt='Test ended time' class='test-ended-time label red lighten-1 text-white'></span>
													<span title='Time taken to finish' alt='Time taken to finish' class='test-time-taken label blue-grey lighten-3 text-white'></span>
												</div>
												<div class='test-desc'>Login->Borrower Registratino->New Loan with Promotion</div>
												<div class='test-attributes'>
												</div>
												<div class='test-steps'>
													<table class='bordered table-results'>
														<thead>
															<tr>
																<th>Status</th>
																<th>Timestamp</th>
																<th>Details</th>
															</tr>
														</thead>
														<tbody>
																<tr>
																	<td class='status info' title='info' alt='info'><i class='mdi-action-info-outline'></i></td>
																	<td class='timestamp'>15:23:54</td>
																	<td class='step-details'><FONT color=green style=Calibri > Opened the CSR URL https://qcuat.qfund.net/cc/demoIndex.do</td>
																</tr>
																<tr>
																	<td class='status info' title='info' alt='info'><i class='mdi-action-info-outline'></i></td>
																	<td class='timestamp'>15:23:54</td>
																	<td class='step-details'>CSR Application is launched</td>
																</tr>
																<tr>
																	<td class='status pass' title='pass' alt='pass'><i class='mdi-action-check-circle'></i></td>
																	<td class='timestamp'>15:23:58</td>
																	<td class='step-details'>Username is entered: csr1709</td>
																</tr>
																<tr>
																	<td class='status pass' title='pass' alt='pass'><i class='mdi-action-check-circle'></i></td>
																	<td class='timestamp'>15:23:58</td>
																	<td class='step-details'>Password is entered: 1234</td>
																</tr>
																<tr>
																	<td class='status pass' title='pass' alt='pass'><i class='mdi-action-check-circle'></i></td>
																	<td class='timestamp'>15:23:58</td>
																	<td class='step-details'>Storenumber is entered: 1709</td>
																</tr>
																<tr>
																	<td class='status pass' title='pass' alt='pass'><i class='mdi-action-check-circle'></i></td>
																	<td class='timestamp'>15:23:58</td>
																	<td class='step-details'>Clicked on login button</td>
																</tr>
																<tr>
																	<td class='status info' title='info' alt='info'><i class='mdi-action-info-outline'></i></td>
																	<td class='timestamp'>15:24:00</td>
																	<td class='step-details'>Borrower Registration has started</td>
																</tr>
																<tr>
																	<td class='status info' title='info' alt='info'><i class='mdi-action-info-outline'></i></td>
																	<td class='timestamp'>15:24:00</td>
																	<td class='step-details'>Exception occured org.openqa.selenium.NoSuchWindowException: Unable to find elements on closed window (WARNING: The server did not provide any stacktrace information)
Command duration or timeout: 0 milliseconds
Build info: version: '3.14.0', revision: 'aacccce0', time</td>
																</tr>
																<tr>
																	<td class='status error' title='error' alt='error'><i class='mdi-alert-error'></i></td>
																	<td class='timestamp'>15:24:00</td>
																	<td class='step-details'>Unable to start scenario QC_BorrowerRegistration_NewLoan_Promotion_Txn</td>
																</tr>
																<tr>
																	<td class='status pass' title='pass' alt='pass'><i class='mdi-action-check-circle'></i></td>
																	<td class='timestamp'>15:24:00</td>
																	<td class='step-details'>QC_NewLoan_Promotion_Txn Test Case is Passed</td>
																</tr>
														</tbody>
													</table>
													<ul class='collapsible node-list' data-collapsible='accordion'>
													</ul>
												</div>
											</div>
										</li>
										<li class='collection-item test displayed active error ' extentid='76ba4dac-3654-4894-afac-ed8e626fa984'>
											<div class='test-head'>
												<span class='test-name'>QC_ILP_NewLoan_Void </span>
												<span class='test-status label right outline capitalize error'>error</span>
												<span class='category-assigned hide '></span>
											</div>
											<div class='test-body'>
												<div class='test-info'>
													<span title='Test started time' alt='Test started time' class='test-started-time label green lighten-1 text-white'>2019-05-24 15:24:06</span>
													<span title='Test ended time' alt='Test ended time' class='test-ended-time label red lighten-1 text-white'></span>
													<span title='Time taken to finish' alt='Time taken to finish' class='test-time-taken label blue-grey lighten-3 text-white'></span>
												</div>
												<div class='test-desc'>Login->Borrower Registratino->New Loan->Void</div>
												<div class='test-attributes'>
												</div>
												<div class='test-steps'>
													<table class='bordered table-results'>
														<thead>
															<tr>
																<th>Status</th>
																<th>Timestamp</th>
																<th>Details</th>
															</tr>
														</thead>
														<tbody>
																<tr>
																	<td class='status info' title='info' alt='info'><i class='mdi-action-info-outline'></i></td>
																	<td class='timestamp'>15:24:10</td>
																	<td class='step-details'><FONT color=green style=Calibri > Opened the CSR URL https://qcuat.qfund.net/cc/demoIndex.do</td>
																</tr>
																<tr>
																	<td class='status info' title='info' alt='info'><i class='mdi-action-info-outline'></i></td>
																	<td class='timestamp'>15:24:10</td>
																	<td class='step-details'>CSR Application is launched</td>
																</tr>
																<tr>
																	<td class='status pass' title='pass' alt='pass'><i class='mdi-action-check-circle'></i></td>
																	<td class='timestamp'>15:24:12</td>
																	<td class='step-details'>Username is entered: csr1709</td>
																</tr>
																<tr>
																	<td class='status pass' title='pass' alt='pass'><i class='mdi-action-check-circle'></i></td>
																	<td class='timestamp'>15:24:12</td>
																	<td class='step-details'>Password is entered: 1234</td>
																</tr>
																<tr>
																	<td class='status pass' title='pass' alt='pass'><i class='mdi-action-check-circle'></i></td>
																	<td class='timestamp'>15:24:13</td>
																	<td class='step-details'>Storenumber is entered: 1709</td>
																</tr>
																<tr>
																	<td class='status pass' title='pass' alt='pass'><i class='mdi-action-check-circle'></i></td>
																	<td class='timestamp'>15:24:13</td>
																	<td class='step-details'>Clicked on login button</td>
																</tr>
																<tr>
																	<td class='status info' title='info' alt='info'><i class='mdi-action-info-outline'></i></td>
																	<td class='timestamp'>15:24:15</td>
																	<td class='step-details'>Borrower Registration has started</td>
																</tr>
																<tr>
																	<td class='status info' title='info' alt='info'><i class='mdi-action-info-outline'></i></td>
																	<td class='timestamp'>15:24:45</td>
																	<td class='step-details'>Exception occured org.openqa.selenium.WebDriverException: Finding elements with css selector == frame[name='bottom'],iframe[name='bottom']returned an unexpected error (WARNING: The server did not provide any stacktrace information)
Command duration or timeout: 0 milli</td>
																</tr>
																<tr>
																	<td class='status error' title='error' alt='error'><i class='mdi-alert-error'></i></td>
																	<td class='timestamp'>15:24:45</td>
																	<td class='step-details'>Unable to start scenario QC_NewLoan_Void_Txn</td>
																</tr>
																<tr>
																	<td class='status pass' title='pass' alt='pass'><i class='mdi-action-check-circle'></i></td>
																	<td class='timestamp'>15:24:45</td>
																	<td class='step-details'>QC_NewLoan_Void_Txn Test Case is Passed</td>
																</tr>
														</tbody>
													</table>
													<ul class='collapsible node-list' data-collapsible='accordion'>
													</ul>
												</div>
											</div>
										</li>
										<li class='collection-item test displayed active error ' extentid='c25f74e9-d730-4ff2-a9f8-b0de45dd82b4'>
											<div class='test-head'>
												<span class='test-name'>QC_ILP_Buyback_Txn </span>
												<span class='test-status label right outline capitalize error'>error</span>
												<span class='category-assigned hide '></span>
											</div>
											<div class='test-body'>
												<div class='test-info'>
													<span title='Test started time' alt='Test started time' class='test-started-time label green lighten-1 text-white'>2019-05-24 15:24:51</span>
													<span title='Test ended time' alt='Test ended time' class='test-ended-time label red lighten-1 text-white'></span>
													<span title='Time taken to finish' alt='Time taken to finish' class='test-time-taken label blue-grey lighten-3 text-white'></span>
												</div>
												<div class='test-desc'>Login->Borrower Registratino->New Loan->AgeStore->Pay Off the balance</div>
												<div class='test-attributes'>
												</div>
												<div class='test-steps'>
													<table class='bordered table-results'>
														<thead>
															<tr>
																<th>Status</th>
																<th>Timestamp</th>
																<th>Details</th>
															</tr>
														</thead>
														<tbody>
																<tr>
																	<td class='status info' title='info' alt='info'><i class='mdi-action-info-outline'></i></td>
																	<td class='timestamp'>15:24:55</td>
																	<td class='step-details'><FONT color=green style=Calibri > Opened the CSR URL https://qcuat.qfund.net/cc/demoIndex.do</td>
																</tr>
																<tr>
																	<td class='status info' title='info' alt='info'><i class='mdi-action-info-outline'></i></td>
																	<td class='timestamp'>15:24:55</td>
																	<td class='step-details'>CSR Application is launched</td>
																</tr>
																<tr>
																	<td class='status pass' title='pass' alt='pass'><i class='mdi-action-check-circle'></i></td>
																	<td class='timestamp'>15:25:00</td>
																	<td class='step-details'>Username is entered: csr1709</td>
																</tr>
																<tr>
																	<td class='status pass' title='pass' alt='pass'><i class='mdi-action-check-circle'></i></td>
																	<td class='timestamp'>15:25:00</td>
																	<td class='step-details'>Password is entered: 1234</td>
																</tr>
																<tr>
																	<td class='status pass' title='pass' alt='pass'><i class='mdi-action-check-circle'></i></td>
																	<td class='timestamp'>15:25:00</td>
																	<td class='step-details'>Storenumber is entered: 1709</td>
																</tr>
																<tr>
																	<td class='status pass' title='pass' alt='pass'><i class='mdi-action-check-circle'></i></td>
																	<td class='timestamp'>15:25:00</td>
																	<td class='step-details'>Clicked on login button</td>
																</tr>
																<tr>
																	<td class='status info' title='info' alt='info'><i class='mdi-action-info-outline'></i></td>
																	<td class='timestamp'>15:25:02</td>
																	<td class='step-details'>Borrower Registration has started</td>
																</tr>
																<tr>
																	<td class='status info' title='info' alt='info'><i class='mdi-action-info-outline'></i></td>
																	<td class='timestamp'>15:25:32</td>
																	<td class='step-details'>Exception occured org.openqa.selenium.WebDriverException: Finding elements with css selector == frame[name='bottom'],iframe[name='bottom']returned an unexpected error (WARNING: The server did not provide any stacktrace information)
Command duration or timeout: 0 milli</td>
																</tr>
																<tr>
																	<td class='status error' title='error' alt='error'><i class='mdi-alert-error'></i></td>
																	<td class='timestamp'>15:25:32</td>
																	<td class='step-details'>Unable to start scenario QC_Installmentpayment_Void_Txn</td>
																</tr>
																<tr>
																	<td class='status pass' title='pass' alt='pass'><i class='mdi-action-check-circle'></i></td>
																	<td class='timestamp'>15:25:32</td>
																	<td class='step-details'>QC_ILP_Buyback_Txn Test Case is Passed</td>
																</tr>
														</tbody>
													</table>
													<ul class='collapsible node-list' data-collapsible='accordion'>
													</ul>
												</div>
											</div>
										</li>
										<li class='collection-item test displayed active fail ' extentid='27e790b4-0f66-4b60-b226-38c9e43e17ae'>
											<div class='test-head'>
												<span class='test-name'>QC_ILP_Buyback_Void_Txn </span>
												<span class='test-status label right outline capitalize fail'>fail</span>
												<span class='category-assigned hide '></span>
											</div>
											<div class='test-body'>
												<div class='test-info'>
													<span title='Test started time' alt='Test started time' class='test-started-time label green lighten-1 text-white'>2019-05-24 15:25:38</span>
													<span title='Test ended time' alt='Test ended time' class='test-ended-time label red lighten-1 text-white'></span>
													<span title='Time taken to finish' alt='Time taken to finish' class='test-time-taken label blue-grey lighten-3 text-white'></span>
												</div>
												<div class='test-desc'>Login->Borrower Registratino->New Loan->AgeStore->Payment Pay Off the balance-> Void</div>
												<div class='test-attributes'>
												</div>
												<div class='test-steps'>
													<table class='bordered table-results'>
														<thead>
															<tr>
																<th>Status</th>
																<th>Timestamp</th>
																<th>Details</th>
															</tr>
														</thead>
														<tbody>
																<tr>
																	<td class='status info' title='info' alt='info'><i class='mdi-action-info-outline'></i></td>
																	<td class='timestamp'>15:25:42</td>
																	<td class='step-details'><FONT color=green style=Calibri > Opened the CSR URL https://qcuat.qfund.net/cc/demoIndex.do</td>
																</tr>
																<tr>
																	<td class='status info' title='info' alt='info'><i class='mdi-action-info-outline'></i></td>
																	<td class='timestamp'>15:25:42</td>
																	<td class='step-details'>CSR Application is launched</td>
																</tr>
																<tr>
																	<td class='status fail' title='fail' alt='fail'><i class='mdi-navigation-cancel'></i></td>
																	<td class='timestamp'>15:25:47</td>
																	<td class='step-details'>CSR login is failed</td>
																</tr>
																<tr>
																	<td class='status info' title='info' alt='info'><i class='mdi-action-info-outline'></i></td>
																	<td class='timestamp'>15:25:47</td>
																	<td class='step-details'>Borrower Registration has started</td>
																</tr>
																<tr>
																	<td class='status info' title='info' alt='info'><i class='mdi-action-info-outline'></i></td>
																	<td class='timestamp'>15:25:47</td>
																	<td class='step-details'>Exception occured org.openqa.selenium.NoSuchWindowException: Unable to find elements on closed window (WARNING: The server did not provide any stacktrace information)
Command duration or timeout: 0 milliseconds
Build info: version: '3.14.0', revision: 'aacccce0', time</td>
																</tr>
																<tr>
																	<td class='status error' title='error' alt='error'><i class='mdi-alert-error'></i></td>
																	<td class='timestamp'>15:25:47</td>
																	<td class='step-details'>Unable to start scenario QC_Installmentpayment_Void_Txn</td>
																</tr>
																<tr>
																	<td class='status pass' title='pass' alt='pass'><i class='mdi-action-check-circle'></i></td>
																	<td class='timestamp'>15:25:47</td>
																	<td class='step-details'>QC_ILP_Buyback_Void_Txn Test Case is Passed</td>
																</tr>
														</tbody>
													</table>
													<ul class='collapsible node-list' data-collapsible='accordion'>
													</ul>
												</div>
											</div>
										</li>
										<li class='collection-item test displayed active error ' extentid='0e9436b9-fc9b-4c0f-9b15-12d56ac01bc6'>
											<div class='test-head'>
												<span class='test-name'>QC_ILP_Installmentpayment </span>
												<span class='test-status label right outline capitalize error'>error</span>
												<span class='category-assigned hide '></span>
											</div>
											<div class='test-body'>
												<div class='test-info'>
													<span title='Test started time' alt='Test started time' class='test-started-time label green lighten-1 text-white'>2019-05-24 15:25:52</span>
													<span title='Test ended time' alt='Test ended time' class='test-ended-time label red lighten-1 text-white'></span>
													<span title='Time taken to finish' alt='Time taken to finish' class='test-time-taken label blue-grey lighten-3 text-white'></span>
												</div>
												<div class='test-desc'>Login->Borrower Registratino->New Loan->AgeStore->PartialPayment Pay Installment Amt</div>
												<div class='test-attributes'>
												</div>
												<div class='test-steps'>
													<table class='bordered table-results'>
														<thead>
															<tr>
																<th>Status</th>
																<th>Timestamp</th>
																<th>Details</th>
															</tr>
														</thead>
														<tbody>
																<tr>
																	<td class='status info' title='info' alt='info'><i class='mdi-action-info-outline'></i></td>
																	<td class='timestamp'>15:25:56</td>
																	<td class='step-details'><FONT color=green style=Calibri > Opened the CSR URL https://qcuat.qfund.net/cc/demoIndex.do</td>
																</tr>
																<tr>
																	<td class='status info' title='info' alt='info'><i class='mdi-action-info-outline'></i></td>
																	<td class='timestamp'>15:25:56</td>
																	<td class='step-details'>CSR Application is launched</td>
																</tr>
																<tr>
																	<td class='status pass' title='pass' alt='pass'><i class='mdi-action-check-circle'></i></td>
																	<td class='timestamp'>15:25:58</td>
																	<td class='step-details'>Username is entered: csr1709</td>
																</tr>
																<tr>
																	<td class='status pass' title='pass' alt='pass'><i class='mdi-action-check-circle'></i></td>
																	<td class='timestamp'>15:25:59</td>
																	<td class='step-details'>Password is entered: 1234</td>
																</tr>
																<tr>
																	<td class='status pass' title='pass' alt='pass'><i class='mdi-action-check-circle'></i></td>
																	<td class='timestamp'>15:25:59</td>
																	<td class='step-details'>Storenumber is entered: 1709</td>
																</tr>
																<tr>
																	<td class='status pass' title='pass' alt='pass'><i class='mdi-action-check-circle'></i></td>
																	<td class='timestamp'>15:25:59</td>
																	<td class='step-details'>Clicked on login button</td>
																</tr>
																<tr>
																	<td class='status info' title='info' alt='info'><i class='mdi-action-info-outline'></i></td>
																	<td class='timestamp'>15:26:01</td>
																	<td class='step-details'>Borrower Registration has started</td>
																</tr>
																<tr>
																	<td class='status info' title='info' alt='info'><i class='mdi-action-info-outline'></i></td>
																	<td class='timestamp'>15:26:31</td>
																	<td class='step-details'>Exception occured org.openqa.selenium.WebDriverException: Finding elements with css selector == frame[name='bottom'],iframe[name='bottom']returned an unexpected error (WARNING: The server did not provide any stacktrace information)
Command duration or timeout: 0 milli</td>
																</tr>
																<tr>
																	<td class='status error' title='error' alt='error'><i class='mdi-alert-error'></i></td>
																	<td class='timestamp'>15:26:31</td>
																	<td class='step-details'>Unable to start scenario QC_Installmentpayment_Txn</td>
																</tr>
																<tr>
																	<td class='status pass' title='pass' alt='pass'><i class='mdi-action-check-circle'></i></td>
																	<td class='timestamp'>15:26:31</td>
																	<td class='step-details'>QC_Installmentpayment_Txn Test Case is Passed</td>
																</tr>
														</tbody>
													</table>
													<ul class='collapsible node-list' data-collapsible='accordion'>
													</ul>
												</div>
											</div>
										</li>
										<li class='collection-item test displayed active fail ' extentid='55a8e25d-9f1b-458c-a66b-e44936d1db98'>
											<div class='test-head'>
												<span class='test-name'>QC_ILP_Installmentpayment_Void </span>
												<span class='test-status label right outline capitalize fail'>fail</span>
												<span class='category-assigned hide '></span>
											</div>
											<div class='test-body'>
												<div class='test-info'>
													<span title='Test started time' alt='Test started time' class='test-started-time label green lighten-1 text-white'>2019-05-24 15:26:37</span>
													<span title='Test ended time' alt='Test ended time' class='test-ended-time label red lighten-1 text-white'></span>
													<span title='Time taken to finish' alt='Time taken to finish' class='test-time-taken label blue-grey lighten-3 text-white'></span>
												</div>
												<div class='test-desc'>Login->Borrower Registratino->New Loan->AgeStore->PartialPayment Pay Installment Amt->Void</div>
												<div class='test-attributes'>
												</div>
												<div class='test-steps'>
													<table class='bordered table-results'>
														<thead>
															<tr>
																<th>Status</th>
																<th>Timestamp</th>
																<th>Details</th>
															</tr>
														</thead>
														<tbody>
																<tr>
																	<td class='status info' title='info' alt='info'><i class='mdi-action-info-outline'></i></td>
																	<td class='timestamp'>15:26:41</td>
																	<td class='step-details'><FONT color=green style=Calibri > Opened the CSR URL https://qcuat.qfund.net/cc/demoIndex.do</td>
																</tr>
																<tr>
																	<td class='status info' title='info' alt='info'><i class='mdi-action-info-outline'></i></td>
																	<td class='timestamp'>15:26:41</td>
																	<td class='step-details'>CSR Application is launched</td>
																</tr>
																<tr>
																	<td class='status pass' title='pass' alt='pass'><i class='mdi-action-check-circle'></i></td>
																	<td class='timestamp'>15:26:43</td>
																	<td class='step-details'>Username is entered: csr1709</td>
																</tr>
																<tr>
																	<td class='status pass' title='pass' alt='pass'><i class='mdi-action-check-circle'></i></td>
																	<td class='timestamp'>15:26:43</td>
																	<td class='step-details'>Password is entered: 1234</td>
																</tr>
																<tr>
																	<td class='status pass' title='pass' alt='pass'><i class='mdi-action-check-circle'></i></td>
																	<td class='timestamp'>15:26:43</td>
																	<td class='step-details'>Storenumber is entered: 1709</td>
																</tr>
																<tr>
																	<td class='status pass' title='pass' alt='pass'><i class='mdi-action-check-circle'></i></td>
																	<td class='timestamp'>15:26:43</td>
																	<td class='step-details'>Clicked on login button</td>
																</tr>
																<tr>
																	<td class='status info' title='info' alt='info'><i class='mdi-action-info-outline'></i></td>
																	<td class='timestamp'>15:26:45</td>
																	<td class='step-details'>Borrower Registration has started</td>
																</tr>
																<tr>
																	<td class='status info' title='info' alt='info'><i class='mdi-action-info-outline'></i></td>
																	<td class='timestamp'>15:27:46</td>
																	<td class='step-details'>Exception occured org.openqa.selenium.NoSuchFrameException: No frame element found by name or id bottom
Build info: version: '3.14.0', revision: 'aacccce0', time: '2018-08-02T20:19:58.91Z'
System info: host: 'QTLSYS2-238', ip: '192.168.3.29', os.name: 'Windows 7', os.</td>
																</tr>
																<tr>
																	<td class='status info' title='info' alt='info'><i class='mdi-action-info-outline'></i></td>
																	<td class='timestamp'>15:27:46</td>
																	<td class='step-details'><a href='C:\QC_Batch\QC_ILP/ExecutionReports/QCStore/ILP/FailedTestsScreenshots/Borrower2019.05.24.03.27.46.png' data-featherlight='image'><img class='report-img' src='file:///C:\QC_Batch\QC_ILP/ExecutionReports/QCStore/ILP/FailedTestsScreenshots/Borrower2019.05.24.03.27.46.png' /></a></td>
																</tr>
																<tr>
																	<td class='status info' title='info' alt='info'><i class='mdi-action-info-outline'></i></td>
																	<td class='timestamp'>15:27:46</td>
																	<td class='step-details'>Borrower Registration process is initiated again due to Application sync issue</td>
																</tr>
																<tr>
																	<td class='status info' title='info' alt='info'><i class='mdi-action-info-outline'></i></td>
																	<td class='timestamp'>15:27:46</td>
																	<td class='step-details'>Borrower Registration has started</td>
																</tr>
																<tr>
																	<td class='status info' title='info' alt='info'><i class='mdi-action-info-outline'></i></td>
																	<td class='timestamp'>15:28:17</td>
																	<td class='step-details'>Exception occured org.openqa.selenium.NoSuchElementException: Unable to find element with xpath == /html/body/blink/table/tbody/tr/td[4] (WARNING: The server did not provide any stacktrace information)
Command duration or timeout: 0 milliseconds
For documentation on t</td>
																</tr>
																<tr>
																	<td class='status info' title='info' alt='info'><i class='mdi-action-info-outline'></i></td>
																	<td class='timestamp'>15:28:17</td>
																	<td class='step-details'><a href='C:\QC_Batch\QC_ILP/ExecutionReports/QCStore/ILP/FailedTestsScreenshots/Borrower2019.05.24.03.28.17.png' data-featherlight='image'><img class='report-img' src='file:///C:\QC_Batch\QC_ILP/ExecutionReports/QCStore/ILP/FailedTestsScreenshots/Borrower2019.05.24.03.28.17.png' /></a></td>
																</tr>
																<tr>
																	<td class='status info' title='info' alt='info'><i class='mdi-action-info-outline'></i></td>
																	<td class='timestamp'>15:28:17</td>
																	<td class='step-details'>Borrower Registration process is initiated again due to Application sync issue</td>
																</tr>
																<tr>
																	<td class='status info' title='info' alt='info'><i class='mdi-action-info-outline'></i></td>
																	<td class='timestamp'>15:28:17</td>
																	<td class='step-details'>Borrower Registration has started</td>
																</tr>
																<tr>
																	<td class='status info' title='info' alt='info'><i class='mdi-action-info-outline'></i></td>
																	<td class='timestamp'>15:28:48</td>
																	<td class='step-details'>Exception occured org.openqa.selenium.NoSuchElementException: Unable to find element with xpath == /html/body/blink/table/tbody/tr/td[4] (WARNING: The server did not provide any stacktrace information)
Command duration or timeout: 0 milliseconds
For documentation on t</td>
																</tr>
																<tr>
																	<td class='status info' title='info' alt='info'><i class='mdi-action-info-outline'></i></td>
																	<td class='timestamp'>15:28:48</td>
																	<td class='step-details'><a href='C:\QC_Batch\QC_ILP/ExecutionReports/QCStore/ILP/FailedTestsScreenshots/Borrower2019.05.24.03.28.48.png' data-featherlight='image'><img class='report-img' src='file:///C:\QC_Batch\QC_ILP/ExecutionReports/QCStore/ILP/FailedTestsScreenshots/Borrower2019.05.24.03.28.48.png' /></a></td>
																</tr>
																<tr>
																	<td class='status info' title='info' alt='info'><i class='mdi-action-info-outline'></i></td>
																	<td class='timestamp'>15:28:48</td>
																	<td class='step-details'>Borrower Registration process is initiated again due to Application sync issue</td>
																</tr>
																<tr>
																	<td class='status fail' title='fail' alt='fail'><i class='mdi-navigation-cancel'></i></td>
																	<td class='timestamp'>15:28:48</td>
																	<td class='step-details'>Borrower Registration is failed</td>
																</tr>
																<tr>
																	<td class='status fail' title='fail' alt='fail'><i class='mdi-navigation-cancel'></i></td>
																	<td class='timestamp'>15:28:48</td>
																	<td class='step-details'>Test Case Failed is QC_Installmentpayment_Void_Txn</td>
																</tr>
																<tr>
																	<td class='status fail' title='fail' alt='fail'><i class='mdi-navigation-cancel'></i></td>
																	<td class='timestamp'>15:28:48</td>
																	<td class='step-details'><a href='C:\QC_Batch\QC_ILP/ExecutionReports/QCStore/ILP/FailedTestsScreenshots/QC_Installmentpayment_Void_Txn2019.05.24.03.28.48.png' data-featherlight='image'><img class='report-img' src='file:///C:\QC_Batch\QC_ILP/ExecutionReports/QCStore/ILP/FailedTestsScreenshots/QC_Installmentpayment_Void_Txn2019.05.24.03.28.48.png' /></a></td>
																</tr>
														</tbody>
													</table>
													<ul class='collapsible node-list' data-collapsible='accordion'>
													</ul>
												</div>
											</div>
										</li>
										<li class='collection-item test displayed active fail ' extentid='2cff5d35-7ff0-4381-98b9-c52c57f080ad'>
											<div class='test-head'>
												<span class='test-name'>QC_ILP_Payanyotheramount </span>
												<span class='test-status label right outline capitalize fail'>fail</span>
												<span class='category-assigned hide '></span>
											</div>
											<div class='test-body'>
												<div class='test-info'>
													<span title='Test started time' alt='Test started time' class='test-started-time label green lighten-1 text-white'>2019-05-24 15:28:54</span>
													<span title='Test ended time' alt='Test ended time' class='test-ended-time label red lighten-1 text-white'></span>
													<span title='Time taken to finish' alt='Time taken to finish' class='test-time-taken label blue-grey lighten-3 text-white'></span>
												</div>
												<div class='test-desc'>Login->Borrower Registratino->New Loan->AgeStore->PartialPayment Payanyotheramount</div>
												<div class='test-attributes'>
												</div>
												<div class='test-steps'>
													<table class='bordered table-results'>
														<thead>
															<tr>
																<th>Status</th>
																<th>Timestamp</th>
																<th>Details</th>
															</tr>
														</thead>
														<tbody>
																<tr>
																	<td class='status info' title='info' alt='info'><i class='mdi-action-info-outline'></i></td>
																	<td class='timestamp'>15:28:58</td>
																	<td class='step-details'><FONT color=green style=Calibri > Opened the CSR URL https://qcuat.qfund.net/cc/demoIndex.do</td>
																</tr>
																<tr>
																	<td class='status info' title='info' alt='info'><i class='mdi-action-info-outline'></i></td>
																	<td class='timestamp'>15:28:58</td>
																	<td class='step-details'>CSR Application is launched</td>
																</tr>
																<tr>
																	<td class='status pass' title='pass' alt='pass'><i class='mdi-action-check-circle'></i></td>
																	<td class='timestamp'>15:29:07</td>
																	<td class='step-details'>Username is entered: csr1709</td>
																</tr>
																<tr>
																	<td class='status pass' title='pass' alt='pass'><i class='mdi-action-check-circle'></i></td>
																	<td class='timestamp'>15:29:07</td>
																	<td class='step-details'>Password is entered: 1234</td>
																</tr>
																<tr>
																	<td class='status pass' title='pass' alt='pass'><i class='mdi-action-check-circle'></i></td>
																	<td class='timestamp'>15:29:07</td>
																	<td class='step-details'>Storenumber is entered: 1709</td>
																</tr>
																<tr>
																	<td class='status pass' title='pass' alt='pass'><i class='mdi-action-check-circle'></i></td>
																	<td class='timestamp'>15:29:07</td>
																	<td class='step-details'>Clicked on login button</td>
																</tr>
																<tr>
																	<td class='status info' title='info' alt='info'><i class='mdi-action-info-outline'></i></td>
																	<td class='timestamp'>15:29:09</td>
																	<td class='step-details'>Borrower Registration has started</td>
																</tr>
																<tr>
																	<td class='status info' title='info' alt='info'><i class='mdi-action-info-outline'></i></td>
																	<td class='timestamp'>15:30:10</td>
																	<td class='step-details'>Exception occured org.openqa.selenium.NoSuchFrameException: No frame element found by name or id bottom
Build info: version: '3.14.0', revision: 'aacccce0', time: '2018-08-02T20:19:58.91Z'
System info: host: 'QTLSYS2-238', ip: '192.168.3.29', os.name: 'Windows 7', os.</td>
																</tr>
																<tr>
																	<td class='status info' title='info' alt='info'><i class='mdi-action-info-outline'></i></td>
																	<td class='timestamp'>15:30:10</td>
																	<td class='step-details'><a href='C:\QC_Batch\QC_ILP/ExecutionReports/QCStore/ILP/FailedTestsScreenshots/Borrower2019.05.24.03.30.10.png' data-featherlight='image'><img class='report-img' src='file:///C:\QC_Batch\QC_ILP/ExecutionReports/QCStore/ILP/FailedTestsScreenshots/Borrower2019.05.24.03.30.10.png' /></a></td>
																</tr>
																<tr>
																	<td class='status info' title='info' alt='info'><i class='mdi-action-info-outline'></i></td>
																	<td class='timestamp'>15:30:10</td>
																	<td class='step-details'>Borrower Registration process is initiated again due to Application sync issue</td>
																</tr>
																<tr>
																	<td class='status info' title='info' alt='info'><i class='mdi-action-info-outline'></i></td>
																	<td class='timestamp'>15:30:10</td>
																	<td class='step-details'>Borrower Registration has started</td>
																</tr>
																<tr>
																	<td class='status info' title='info' alt='info'><i class='mdi-action-info-outline'></i></td>
																	<td class='timestamp'>15:30:41</td>
																	<td class='step-details'>Exception occured org.openqa.selenium.NoSuchElementException: Unable to find element with xpath == /html/body/blink/table/tbody/tr/td[4] (WARNING: The server did not provide any stacktrace information)
Command duration or timeout: 0 milliseconds
For documentation on t</td>
																</tr>
																<tr>
																	<td class='status info' title='info' alt='info'><i class='mdi-action-info-outline'></i></td>
																	<td class='timestamp'>15:30:41</td>
																	<td class='step-details'><a href='C:\QC_Batch\QC_ILP/ExecutionReports/QCStore/ILP/FailedTestsScreenshots/Borrower2019.05.24.03.30.41.png' data-featherlight='image'><img class='report-img' src='file:///C:\QC_Batch\QC_ILP/ExecutionReports/QCStore/ILP/FailedTestsScreenshots/Borrower2019.05.24.03.30.41.png' /></a></td>
																</tr>
																<tr>
																	<td class='status info' title='info' alt='info'><i class='mdi-action-info-outline'></i></td>
																	<td class='timestamp'>15:30:41</td>
																	<td class='step-details'>Borrower Registration process is initiated again due to Application sync issue</td>
																</tr>
																<tr>
																	<td class='status info' title='info' alt='info'><i class='mdi-action-info-outline'></i></td>
																	<td class='timestamp'>15:30:41</td>
																	<td class='step-details'>Borrower Registration has started</td>
																</tr>
																<tr>
																	<td class='status info' title='info' alt='info'><i class='mdi-action-info-outline'></i></td>
																	<td class='timestamp'>15:31:11</td>
																	<td class='step-details'>Exception occured org.openqa.selenium.NoSuchElementException: Unable to find element with xpath == /html/body/blink/table/tbody/tr/td[4] (WARNING: The server did not provide any stacktrace information)
Command duration or timeout: 0 milliseconds
For documentation on t</td>
																</tr>
																<tr>
																	<td class='status info' title='info' alt='info'><i class='mdi-action-info-outline'></i></td>
																	<td class='timestamp'>15:31:11</td>
																	<td class='step-details'><a href='C:\QC_Batch\QC_ILP/ExecutionReports/QCStore/ILP/FailedTestsScreenshots/Borrower2019.05.24.03.31.11.png' data-featherlight='image'><img class='report-img' src='file:///C:\QC_Batch\QC_ILP/ExecutionReports/QCStore/ILP/FailedTestsScreenshots/Borrower2019.05.24.03.31.11.png' /></a></td>
																</tr>
																<tr>
																	<td class='status info' title='info' alt='info'><i class='mdi-action-info-outline'></i></td>
																	<td class='timestamp'>15:31:11</td>
																	<td class='step-details'>Borrower Registration process is initiated again due to Application sync issue</td>
																</tr>
																<tr>
																	<td class='status fail' title='fail' alt='fail'><i class='mdi-navigation-cancel'></i></td>
																	<td class='timestamp'>15:31:12</td>
																	<td class='step-details'>Borrower Registration is failed</td>
																</tr>
																<tr>
																	<td class='status fail' title='fail' alt='fail'><i class='mdi-navigation-cancel'></i></td>
																	<td class='timestamp'>15:31:12</td>
																	<td class='step-details'>Test Case Failed is QC_PayAnyotherAmount_Txn</td>
																</tr>
																<tr>
																	<td class='status fail' title='fail' alt='fail'><i class='mdi-navigation-cancel'></i></td>
																	<td class='timestamp'>15:31:12</td>
																	<td class='step-details'><a href='C:\QC_Batch\QC_ILP/ExecutionReports/QCStore/ILP/FailedTestsScreenshots/QC_PayAnyotherAmount_Txn2019.05.24.03.31.12.png' data-featherlight='image'><img class='report-img' src='file:///C:\QC_Batch\QC_ILP/ExecutionReports/QCStore/ILP/FailedTestsScreenshots/QC_PayAnyotherAmount_Txn2019.05.24.03.31.12.png' /></a></td>
																</tr>
														</tbody>
													</table>
													<ul class='collapsible node-list' data-collapsible='accordion'>
													</ul>
												</div>
											</div>
										</li>
										<li class='collection-item test displayed active fail ' extentid='b73d70e7-b685-46dd-9520-896494826198'>
											<div class='test-head'>
												<span class='test-name'>QC_ILP_Payanyotheramount_Void </span>
												<span class='test-status label right outline capitalize fail'>fail</span>
												<span class='category-assigned hide '></span>
											</div>
											<div class='test-body'>
												<div class='test-info'>
													<span title='Test started time' alt='Test started time' class='test-started-time label green lighten-1 text-white'>2019-05-24 15:31:18</span>
													<span title='Test ended time' alt='Test ended time' class='test-ended-time label red lighten-1 text-white'></span>
													<span title='Time taken to finish' alt='Time taken to finish' class='test-time-taken label blue-grey lighten-3 text-white'></span>
												</div>
												<div class='test-desc'>Login->Borrower Registratino->New Loan->AgeStore->PartialPayment Payanyotheramount-> Void</div>
												<div class='test-attributes'>
												</div>
												<div class='test-steps'>
													<table class='bordered table-results'>
														<thead>
															<tr>
																<th>Status</th>
																<th>Timestamp</th>
																<th>Details</th>
															</tr>
														</thead>
														<tbody>
																<tr>
																	<td class='status info' title='info' alt='info'><i class='mdi-action-info-outline'></i></td>
																	<td class='timestamp'>15:31:22</td>
																	<td class='step-details'><FONT color=green style=Calibri > Opened the CSR URL https://qcuat.qfund.net/cc/demoIndex.do</td>
																</tr>
																<tr>
																	<td class='status info' title='info' alt='info'><i class='mdi-action-info-outline'></i></td>
																	<td class='timestamp'>15:31:22</td>
																	<td class='step-details'>CSR Application is launched</td>
																</tr>
																<tr>
																	<td class='status pass' title='pass' alt='pass'><i class='mdi-action-check-circle'></i></td>
																	<td class='timestamp'>15:31:24</td>
																	<td class='step-details'>Username is entered: csr1709</td>
																</tr>
																<tr>
																	<td class='status pass' title='pass' alt='pass'><i class='mdi-action-check-circle'></i></td>
																	<td class='timestamp'>15:31:24</td>
																	<td class='step-details'>Password is entered: 1234</td>
																</tr>
																<tr>
																	<td class='status pass' title='pass' alt='pass'><i class='mdi-action-check-circle'></i></td>
																	<td class='timestamp'>15:31:24</td>
																	<td class='step-details'>Storenumber is entered: 1709</td>
																</tr>
																<tr>
																	<td class='status pass' title='pass' alt='pass'><i class='mdi-action-check-circle'></i></td>
																	<td class='timestamp'>15:31:25</td>
																	<td class='step-details'>Clicked on login button</td>
																</tr>
																<tr>
																	<td class='status info' title='info' alt='info'><i class='mdi-action-info-outline'></i></td>
																	<td class='timestamp'>15:31:27</td>
																	<td class='step-details'>Borrower Registration has started</td>
																</tr>
																<tr>
																	<td class='status info' title='info' alt='info'><i class='mdi-action-info-outline'></i></td>
																	<td class='timestamp'>15:32:27</td>
																	<td class='step-details'>Exception occured org.openqa.selenium.NoSuchFrameException: No frame element found by name or id bottom
Build info: version: '3.14.0', revision: 'aacccce0', time: '2018-08-02T20:19:58.91Z'
System info: host: 'QTLSYS2-238', ip: '192.168.3.29', os.name: 'Windows 7', os.</td>
																</tr>
																<tr>
																	<td class='status info' title='info' alt='info'><i class='mdi-action-info-outline'></i></td>
																	<td class='timestamp'>15:32:27</td>
																	<td class='step-details'><a href='C:\QC_Batch\QC_ILP/ExecutionReports/QCStore/ILP/FailedTestsScreenshots/Borrower2019.05.24.03.32.27.png' data-featherlight='image'><img class='report-img' src='file:///C:\QC_Batch\QC_ILP/ExecutionReports/QCStore/ILP/FailedTestsScreenshots/Borrower2019.05.24.03.32.27.png' /></a></td>
																</tr>
																<tr>
																	<td class='status info' title='info' alt='info'><i class='mdi-action-info-outline'></i></td>
																	<td class='timestamp'>15:32:27</td>
																	<td class='step-details'>Borrower Registration process is initiated again due to Application sync issue</td>
																</tr>
																<tr>
																	<td class='status info' title='info' alt='info'><i class='mdi-action-info-outline'></i></td>
																	<td class='timestamp'>15:32:28</td>
																	<td class='step-details'>Borrower Registration has started</td>
																</tr>
																<tr>
																	<td class='status info' title='info' alt='info'><i class='mdi-action-info-outline'></i></td>
																	<td class='timestamp'>15:32:58</td>
																	<td class='step-details'>Exception occured org.openqa.selenium.NoSuchElementException: Unable to find element with xpath == /html/body/blink/table/tbody/tr/td[4] (WARNING: The server did not provide any stacktrace information)
Command duration or timeout: 0 milliseconds
For documentation on t</td>
																</tr>
																<tr>
																	<td class='status info' title='info' alt='info'><i class='mdi-action-info-outline'></i></td>
																	<td class='timestamp'>15:32:58</td>
																	<td class='step-details'><a href='C:\QC_Batch\QC_ILP/ExecutionReports/QCStore/ILP/FailedTestsScreenshots/Borrower2019.05.24.03.32.58.png' data-featherlight='image'><img class='report-img' src='file:///C:\QC_Batch\QC_ILP/ExecutionReports/QCStore/ILP/FailedTestsScreenshots/Borrower2019.05.24.03.32.58.png' /></a></td>
																</tr>
																<tr>
																	<td class='status info' title='info' alt='info'><i class='mdi-action-info-outline'></i></td>
																	<td class='timestamp'>15:32:58</td>
																	<td class='step-details'>Borrower Registration process is initiated again due to Application sync issue</td>
																</tr>
																<tr>
																	<td class='status info' title='info' alt='info'><i class='mdi-action-info-outline'></i></td>
																	<td class='timestamp'>15:32:58</td>
																	<td class='step-details'>Borrower Registration has started</td>
																</tr>
																<tr>
																	<td class='status info' title='info' alt='info'><i class='mdi-action-info-outline'></i></td>
																	<td class='timestamp'>15:33:28</td>
																	<td class='step-details'>Exception occured org.openqa.selenium.NoSuchElementException: Unable to find element with xpath == /html/body/blink/table/tbody/tr/td[4] (WARNING: The server did not provide any stacktrace information)
Command duration or timeout: 0 milliseconds
For documentation on t</td>
																</tr>
																<tr>
																	<td class='status info' title='info' alt='info'><i class='mdi-action-info-outline'></i></td>
																	<td class='timestamp'>15:33:28</td>
																	<td class='step-details'><a href='C:\QC_Batch\QC_ILP/ExecutionReports/QCStore/ILP/FailedTestsScreenshots/Borrower2019.05.24.03.33.28.png' data-featherlight='image'><img class='report-img' src='file:///C:\QC_Batch\QC_ILP/ExecutionReports/QCStore/ILP/FailedTestsScreenshots/Borrower2019.05.24.03.33.28.png' /></a></td>
																</tr>
																<tr>
																	<td class='status info' title='info' alt='info'><i class='mdi-action-info-outline'></i></td>
																	<td class='timestamp'>15:33:28</td>
																	<td class='step-details'>Borrower Registration process is initiated again due to Application sync issue</td>
																</tr>
																<tr>
																	<td class='status fail' title='fail' alt='fail'><i class='mdi-navigation-cancel'></i></td>
																	<td class='timestamp'>15:33:29</td>
																	<td class='step-details'>Borrower Registration is failed</td>
																</tr>
																<tr>
																	<td class='status fail' title='fail' alt='fail'><i class='mdi-navigation-cancel'></i></td>
																	<td class='timestamp'>15:33:29</td>
																	<td class='step-details'>Test Case Failed is QC_PayAnyotherAmount_Void_Txn</td>
																</tr>
																<tr>
																	<td class='status fail' title='fail' alt='fail'><i class='mdi-navigation-cancel'></i></td>
																	<td class='timestamp'>15:33:29</td>
																	<td class='step-details'><a href='C:\QC_Batch\QC_ILP/ExecutionReports/QCStore/ILP/FailedTestsScreenshots/QC_PayAnyotherAmount_Void_Txn2019.05.24.03.33.29.png' data-featherlight='image'><img class='report-img' src='file:///C:\QC_Batch\QC_ILP/ExecutionReports/QCStore/ILP/FailedTestsScreenshots/QC_PayAnyotherAmount_Void_Txn2019.05.24.03.33.29.png' /></a></td>
																</tr>
														</tbody>
													</table>
													<ul class='collapsible node-list' data-collapsible='accordion'>
													</ul>
												</div>
											</div>
										</li>
										<li class='collection-item test displayed active fail ' extentid='54966de5-a243-482d-b7c9-596e3dd64a9a'>
											<div class='test-head'>
												<span class='test-name'>QC_ILP_Return_Menu </span>
												<span class='test-status label right outline capitalize fail'>fail</span>
												<span class='category-assigned hide '></span>
											</div>
											<div class='test-body'>
												<div class='test-info'>
													<span title='Test started time' alt='Test started time' class='test-started-time label green lighten-1 text-white'>2019-05-24 15:33:35</span>
													<span title='Test ended time' alt='Test ended time' class='test-ended-time label red lighten-1 text-white'></span>
													<span title='Time taken to finish' alt='Time taken to finish' class='test-time-taken label blue-grey lighten-3 text-white'></span>
												</div>
												<div class='test-desc'>Login->Borrower Registratino->New Loan->AgeStore due date->Deposit Menu-> Age Store to gracedays->Return</div>
												<div class='test-attributes'>
												</div>
												<div class='test-steps'>
													<table class='bordered table-results'>
														<thead>
															<tr>
																<th>Status</th>
																<th>Timestamp</th>
																<th>Details</th>
															</tr>
														</thead>
														<tbody>
																<tr>
																	<td class='status info' title='info' alt='info'><i class='mdi-action-info-outline'></i></td>
																	<td class='timestamp'>15:33:39</td>
																	<td class='step-details'><FONT color=green style=Calibri > Opened the CSR URL https://qcuat.qfund.net/cc/demoIndex.do</td>
																</tr>
																<tr>
																	<td class='status info' title='info' alt='info'><i class='mdi-action-info-outline'></i></td>
																	<td class='timestamp'>15:33:39</td>
																	<td class='step-details'>CSR Application is launched</td>
																</tr>
																<tr>
																	<td class='status pass' title='pass' alt='pass'><i class='mdi-action-check-circle'></i></td>
																	<td class='timestamp'>15:33:41</td>
																	<td class='step-details'>Username is entered: csr1709</td>
																</tr>
																<tr>
																	<td class='status pass' title='pass' alt='pass'><i class='mdi-action-check-circle'></i></td>
																	<td class='timestamp'>15:33:41</td>
																	<td class='step-details'>Password is entered: 1234</td>
																</tr>
																<tr>
																	<td class='status pass' title='pass' alt='pass'><i class='mdi-action-check-circle'></i></td>
																	<td class='timestamp'>15:33:41</td>
																	<td class='step-details'>Storenumber is entered: 1709</td>
																</tr>
																<tr>
																	<td class='status pass' title='pass' alt='pass'><i class='mdi-action-check-circle'></i></td>
																	<td class='timestamp'>15:33:41</td>
																	<td class='step-details'>Clicked on login button</td>
																</tr>
																<tr>
																	<td class='status info' title='info' alt='info'><i class='mdi-action-info-outline'></i></td>
																	<td class='timestamp'>15:33:43</td>
																	<td class='step-details'>Borrower Registration has started</td>
																</tr>
																<tr>
																	<td class='status info' title='info' alt='info'><i class='mdi-action-info-outline'></i></td>
																	<td class='timestamp'>15:34:43</td>
																	<td class='step-details'>Exception occured org.openqa.selenium.NoSuchFrameException: No frame element found by name or id bottom
Build info: version: '3.14.0', revision: 'aacccce0', time: '2018-08-02T20:19:58.91Z'
System info: host: 'QTLSYS2-238', ip: '192.168.3.29', os.name: 'Windows 7', os.</td>
																</tr>
																<tr>
																	<td class='status info' title='info' alt='info'><i class='mdi-action-info-outline'></i></td>
																	<td class='timestamp'>15:34:44</td>
																	<td class='step-details'><a href='C:\QC_Batch\QC_ILP/ExecutionReports/QCStore/ILP/FailedTestsScreenshots/Borrower2019.05.24.03.34.43.png' data-featherlight='image'><img class='report-img' src='file:///C:\QC_Batch\QC_ILP/ExecutionReports/QCStore/ILP/FailedTestsScreenshots/Borrower2019.05.24.03.34.43.png' /></a></td>
																</tr>
																<tr>
																	<td class='status info' title='info' alt='info'><i class='mdi-action-info-outline'></i></td>
																	<td class='timestamp'>15:34:44</td>
																	<td class='step-details'>Borrower Registration process is initiated again due to Application sync issue</td>
																</tr>
																<tr>
																	<td class='status info' title='info' alt='info'><i class='mdi-action-info-outline'></i></td>
																	<td class='timestamp'>15:34:44</td>
																	<td class='step-details'>Borrower Registration has started</td>
																</tr>
																<tr>
																	<td class='status info' title='info' alt='info'><i class='mdi-action-info-outline'></i></td>
																	<td class='timestamp'>15:35:14</td>
																	<td class='step-details'>Exception occured org.openqa.selenium.NoSuchElementException: Unable to find element with xpath == /html/body/blink/table/tbody/tr/td[4] (WARNING: The server did not provide any stacktrace information)
Command duration or timeout: 0 milliseconds
For documentation on t</td>
																</tr>
																<tr>
																	<td class='status info' title='info' alt='info'><i class='mdi-action-info-outline'></i></td>
																	<td class='timestamp'>15:35:14</td>
																	<td class='step-details'><a href='C:\QC_Batch\QC_ILP/ExecutionReports/QCStore/ILP/FailedTestsScreenshots/Borrower2019.05.24.03.35.14.png' data-featherlight='image'><img class='report-img' src='file:///C:\QC_Batch\QC_ILP/ExecutionReports/QCStore/ILP/FailedTestsScreenshots/Borrower2019.05.24.03.35.14.png' /></a></td>
																</tr>
																<tr>
																	<td class='status info' title='info' alt='info'><i class='mdi-action-info-outline'></i></td>
																	<td class='timestamp'>15:35:14</td>
																	<td class='step-details'>Borrower Registration process is initiated again due to Application sync issue</td>
																</tr>
																<tr>
																	<td class='status info' title='info' alt='info'><i class='mdi-action-info-outline'></i></td>
																	<td class='timestamp'>15:35:15</td>
																	<td class='step-details'>Borrower Registration has started</td>
																</tr>
																<tr>
																	<td class='status info' title='info' alt='info'><i class='mdi-action-info-outline'></i></td>
																	<td class='timestamp'>15:35:45</td>
																	<td class='step-details'>Exception occured org.openqa.selenium.NoSuchElementException: Unable to find element with xpath == /html/body/blink/table/tbody/tr/td[4] (WARNING: The server did not provide any stacktrace information)
Command duration or timeout: 0 milliseconds
For documentation on t</td>
																</tr>
																<tr>
																	<td class='status info' title='info' alt='info'><i class='mdi-action-info-outline'></i></td>
																	<td class='timestamp'>15:35:45</td>
																	<td class='step-details'><a href='C:\QC_Batch\QC_ILP/ExecutionReports/QCStore/ILP/FailedTestsScreenshots/Borrower2019.05.24.03.35.45.png' data-featherlight='image'><img class='report-img' src='file:///C:\QC_Batch\QC_ILP/ExecutionReports/QCStore/ILP/FailedTestsScreenshots/Borrower2019.05.24.03.35.45.png' /></a></td>
																</tr>
																<tr>
																	<td class='status info' title='info' alt='info'><i class='mdi-action-info-outline'></i></td>
																	<td class='timestamp'>15:35:45</td>
																	<td class='step-details'>Borrower Registration process is initiated again due to Application sync issue</td>
																</tr>
																<tr>
																	<td class='status fail' title='fail' alt='fail'><i class='mdi-navigation-cancel'></i></td>
																	<td class='timestamp'>15:35:45</td>
																	<td class='step-details'>Borrower Registration is failed</td>
																</tr>
																<tr>
																	<td class='status fail' title='fail' alt='fail'><i class='mdi-navigation-cancel'></i></td>
																	<td class='timestamp'>15:35:45</td>
																	<td class='step-details'>Test Case Failed is QC_ILP_Return_Menu_Txn</td>
																</tr>
																<tr>
																	<td class='status fail' title='fail' alt='fail'><i class='mdi-navigation-cancel'></i></td>
																	<td class='timestamp'>15:35:46</td>
																	<td class='step-details'><a href='C:\QC_Batch\QC_ILP/ExecutionReports/QCStore/ILP/FailedTestsScreenshots/QC_ILP_Return_Menu_Txn2019.05.24.03.35.45.png' data-featherlight='image'><img class='report-img' src='file:///C:\QC_Batch\QC_ILP/ExecutionReports/QCStore/ILP/FailedTestsScreenshots/QC_ILP_Return_Menu_Txn2019.05.24.03.35.45.png' /></a></td>
																</tr>
														</tbody>
													</table>
													<ul class='collapsible node-list' data-collapsible='accordion'>
													</ul>
												</div>
											</div>
										</li>
										<li class='collection-item test displayed active fail ' extentid='b224a8d2-57af-434e-b700-5abe328b673a'>
											<div class='test-head'>
												<span class='test-name'>QC_ILP_clear_Menu </span>
												<span class='test-status label right outline capitalize fail'>fail</span>
												<span class='category-assigned hide '></span>
											</div>
											<div class='test-body'>
												<div class='test-info'>
													<span title='Test started time' alt='Test started time' class='test-started-time label green lighten-1 text-white'>2019-05-24 15:35:51</span>
													<span title='Test ended time' alt='Test ended time' class='test-ended-time label red lighten-1 text-white'></span>
													<span title='Time taken to finish' alt='Time taken to finish' class='test-time-taken label blue-grey lighten-3 text-white'></span>
												</div>
												<div class='test-desc'>Login->Borrower Registratino->New Loan->AgeStore due date->Deposit Menu-> Age Store to gracedays->->Return->clear</div>
												<div class='test-attributes'>
												</div>
												<div class='test-steps'>
													<table class='bordered table-results'>
														<thead>
															<tr>
																<th>Status</th>
																<th>Timestamp</th>
																<th>Details</th>
															</tr>
														</thead>
														<tbody>
																<tr>
																	<td class='status info' title='info' alt='info'><i class='mdi-action-info-outline'></i></td>
																	<td class='timestamp'>15:35:55</td>
																	<td class='step-details'><FONT color=green style=Calibri > Opened the CSR URL https://qcuat.qfund.net/cc/demoIndex.do</td>
																</tr>
																<tr>
																	<td class='status info' title='info' alt='info'><i class='mdi-action-info-outline'></i></td>
																	<td class='timestamp'>15:35:55</td>
																	<td class='step-details'>CSR Application is launched</td>
																</tr>
																<tr>
																	<td class='status pass' title='pass' alt='pass'><i class='mdi-action-check-circle'></i></td>
																	<td class='timestamp'>15:36:02</td>
																	<td class='step-details'>Username is entered: csr1709</td>
																</tr>
																<tr>
																	<td class='status pass' title='pass' alt='pass'><i class='mdi-action-check-circle'></i></td>
																	<td class='timestamp'>15:36:02</td>
																	<td class='step-details'>Password is entered: 1234</td>
																</tr>
																<tr>
																	<td class='status pass' title='pass' alt='pass'><i class='mdi-action-check-circle'></i></td>
																	<td class='timestamp'>15:36:02</td>
																	<td class='step-details'>Storenumber is entered: 1709</td>
																</tr>
																<tr>
																	<td class='status pass' title='pass' alt='pass'><i class='mdi-action-check-circle'></i></td>
																	<td class='timestamp'>15:36:03</td>
																	<td class='step-details'>Clicked on login button</td>
																</tr>
																<tr>
																	<td class='status info' title='info' alt='info'><i class='mdi-action-info-outline'></i></td>
																	<td class='timestamp'>15:36:05</td>
																	<td class='step-details'>Borrower Registration has started</td>
																</tr>
																<tr>
																	<td class='status info' title='info' alt='info'><i class='mdi-action-info-outline'></i></td>
																	<td class='timestamp'>15:37:05</td>
																	<td class='step-details'>Exception occured org.openqa.selenium.NoSuchFrameException: No frame element found by name or id bottom
Build info: version: '3.14.0', revision: 'aacccce0', time: '2018-08-02T20:19:58.91Z'
System info: host: 'QTLSYS2-238', ip: '192.168.3.29', os.name: 'Windows 7', os.</td>
																</tr>
																<tr>
																	<td class='status info' title='info' alt='info'><i class='mdi-action-info-outline'></i></td>
																	<td class='timestamp'>15:37:05</td>
																	<td class='step-details'><a href='C:\QC_Batch\QC_ILP/ExecutionReports/QCStore/ILP/FailedTestsScreenshots/Borrower2019.05.24.03.37.05.png' data-featherlight='image'><img class='report-img' src='file:///C:\QC_Batch\QC_ILP/ExecutionReports/QCStore/ILP/FailedTestsScreenshots/Borrower2019.05.24.03.37.05.png' /></a></td>
																</tr>
																<tr>
																	<td class='status info' title='info' alt='info'><i class='mdi-action-info-outline'></i></td>
																	<td class='timestamp'>15:37:05</td>
																	<td class='step-details'>Borrower Registration process is initiated again due to Application sync issue</td>
																</tr>
																<tr>
																	<td class='status info' title='info' alt='info'><i class='mdi-action-info-outline'></i></td>
																	<td class='timestamp'>15:37:06</td>
																	<td class='step-details'>Borrower Registration has started</td>
																</tr>
																<tr>
																	<td class='status info' title='info' alt='info'><i class='mdi-action-info-outline'></i></td>
																	<td class='timestamp'>15:37:36</td>
																	<td class='step-details'>Exception occured org.openqa.selenium.NoSuchElementException: Unable to find element with xpath == /html/body/blink/table/tbody/tr/td[4] (WARNING: The server did not provide any stacktrace information)
Command duration or timeout: 0 milliseconds
For documentation on t</td>
																</tr>
																<tr>
																	<td class='status info' title='info' alt='info'><i class='mdi-action-info-outline'></i></td>
																	<td class='timestamp'>15:37:36</td>
																	<td class='step-details'><a href='C:\QC_Batch\QC_ILP/ExecutionReports/QCStore/ILP/FailedTestsScreenshots/Borrower2019.05.24.03.37.36.png' data-featherlight='image'><img class='report-img' src='file:///C:\QC_Batch\QC_ILP/ExecutionReports/QCStore/ILP/FailedTestsScreenshots/Borrower2019.05.24.03.37.36.png' /></a></td>
																</tr>
																<tr>
																	<td class='status info' title='info' alt='info'><i class='mdi-action-info-outline'></i></td>
																	<td class='timestamp'>15:37:36</td>
																	<td class='step-details'>Borrower Registration process is initiated again due to Application sync issue</td>
																</tr>
																<tr>
																	<td class='status info' title='info' alt='info'><i class='mdi-action-info-outline'></i></td>
																	<td class='timestamp'>15:37:36</td>
																	<td class='step-details'>Borrower Registration has started</td>
																</tr>
																<tr>
																	<td class='status info' title='info' alt='info'><i class='mdi-action-info-outline'></i></td>
																	<td class='timestamp'>15:38:06</td>
																	<td class='step-details'>Exception occured org.openqa.selenium.NoSuchElementException: Unable to find element with xpath == /html/body/blink/table/tbody/tr/td[4] (WARNING: The server did not provide any stacktrace information)
Command duration or timeout: 0 milliseconds
For documentation on t</td>
																</tr>
																<tr>
																	<td class='status info' title='info' alt='info'><i class='mdi-action-info-outline'></i></td>
																	<td class='timestamp'>15:38:06</td>
																	<td class='step-details'><a href='C:\QC_Batch\QC_ILP/ExecutionReports/QCStore/ILP/FailedTestsScreenshots/Borrower2019.05.24.03.38.06.png' data-featherlight='image'><img class='report-img' src='file:///C:\QC_Batch\QC_ILP/ExecutionReports/QCStore/ILP/FailedTestsScreenshots/Borrower2019.05.24.03.38.06.png' /></a></td>
																</tr>
																<tr>
																	<td class='status info' title='info' alt='info'><i class='mdi-action-info-outline'></i></td>
																	<td class='timestamp'>15:38:06</td>
																	<td class='step-details'>Borrower Registration process is initiated again due to Application sync issue</td>
																</tr>
																<tr>
																	<td class='status fail' title='fail' alt='fail'><i class='mdi-navigation-cancel'></i></td>
																	<td class='timestamp'>15:38:07</td>
																	<td class='step-details'>Borrower Registration is failed</td>
																</tr>
																<tr>
																	<td class='status fail' title='fail' alt='fail'><i class='mdi-navigation-cancel'></i></td>
																	<td class='timestamp'>15:38:07</td>
																	<td class='step-details'>Test Case Failed is QC_ILP_clear_Menu_Txn</td>
																</tr>
																<tr>
																	<td class='status fail' title='fail' alt='fail'><i class='mdi-navigation-cancel'></i></td>
																	<td class='timestamp'>15:38:07</td>
																	<td class='step-details'><a href='C:\QC_Batch\QC_ILP/ExecutionReports/QCStore/ILP/FailedTestsScreenshots/QC_ILP_clear_Menu_Txn2019.05.24.03.38.07.png' data-featherlight='image'><img class='report-img' src='file:///C:\QC_Batch\QC_ILP/ExecutionReports/QCStore/ILP/FailedTestsScreenshots/QC_ILP_clear_Menu_Txn2019.05.24.03.38.07.png' /></a></td>
																</tr>
														</tbody>
													</table>
													<ul class='collapsible node-list' data-collapsible='accordion'>
													</ul>
												</div>
											</div>
										</li>
										<li class='collection-item test displayed active error ' extentid='8be83fe3-4a59-4e33-a8cd-6008841063f4'>
											<div class='test-head'>
												<span class='test-name'>QC_ILP_Deposit_Return </span>
												<span class='test-status label right outline capitalize error'>error</span>
												<span class='category-assigned hide '></span>
											</div>
											<div class='test-body'>
												<div class='test-info'>
													<span title='Test started time' alt='Test started time' class='test-started-time label green lighten-1 text-white'>2019-05-24 15:38:13</span>
													<span title='Test ended time' alt='Test ended time' class='test-ended-time label red lighten-1 text-white'></span>
													<span title='Time taken to finish' alt='Time taken to finish' class='test-time-taken label blue-grey lighten-3 text-white'></span>
												</div>
												<div class='test-desc'>Login->Borrower Registratino->New Loan->AgeStore due date->Deposit Menu-> Internal transfer->Cash Management->Return</div>
												<div class='test-attributes'>
												</div>
												<div class='test-steps'>
													<table class='bordered table-results'>
														<thead>
															<tr>
																<th>Status</th>
																<th>Timestamp</th>
																<th>Details</th>
															</tr>
														</thead>
														<tbody>
																<tr>
																	<td class='status info' title='info' alt='info'><i class='mdi-action-info-outline'></i></td>
																	<td class='timestamp'>15:38:17</td>
																	<td class='step-details'><FONT color=green style=Calibri > Opened the CSR URL https://qcuat.qfund.net/cc/demoIndex.do</td>
																</tr>
																<tr>
																	<td class='status info' title='info' alt='info'><i class='mdi-action-info-outline'></i></td>
																	<td class='timestamp'>15:38:17</td>
																	<td class='step-details'>CSR Application is launched</td>
																</tr>
																<tr>
																	<td class='status pass' title='pass' alt='pass'><i class='mdi-action-check-circle'></i></td>
																	<td class='timestamp'>15:38:19</td>
																	<td class='step-details'>Username is entered: csr1709</td>
																</tr>
																<tr>
																	<td class='status pass' title='pass' alt='pass'><i class='mdi-action-check-circle'></i></td>
																	<td class='timestamp'>15:38:19</td>
																	<td class='step-details'>Password is entered: 1234</td>
																</tr>
																<tr>
																	<td class='status pass' title='pass' alt='pass'><i class='mdi-action-check-circle'></i></td>
																	<td class='timestamp'>15:38:19</td>
																	<td class='step-details'>Storenumber is entered: 1709</td>
																</tr>
																<tr>
																	<td class='status pass' title='pass' alt='pass'><i class='mdi-action-check-circle'></i></td>
																	<td class='timestamp'>15:38:19</td>
																	<td class='step-details'>Clicked on login button</td>
																</tr>
																<tr>
																	<td class='status info' title='info' alt='info'><i class='mdi-action-info-outline'></i></td>
																	<td class='timestamp'>15:38:21</td>
																	<td class='step-details'>Borrower Registration has started</td>
																</tr>
																<tr>
																	<td class='status info' title='info' alt='info'><i class='mdi-action-info-outline'></i></td>
																	<td class='timestamp'>15:39:22</td>
																	<td class='step-details'>Exception occured org.openqa.selenium.NoSuchFrameException: No frame element found by name or id bottom
Build info: version: '3.14.0', revision: 'aacccce0', time: '2018-08-02T20:19:58.91Z'
System info: host: 'QTLSYS2-238', ip: '192.168.3.29', os.name: 'Windows 7', os.</td>
																</tr>
																<tr>
																	<td class='status info' title='info' alt='info'><i class='mdi-action-info-outline'></i></td>
																	<td class='timestamp'>15:39:22</td>
																	<td class='step-details'><a href='C:\QC_Batch\QC_ILP/ExecutionReports/QCStore/ILP/FailedTestsScreenshots/Borrower2019.05.24.03.39.22.png' data-featherlight='image'><img class='report-img' src='file:///C:\QC_Batch\QC_ILP/ExecutionReports/QCStore/ILP/FailedTestsScreenshots/Borrower2019.05.24.03.39.22.png' /></a></td>
																</tr>
																<tr>
																	<td class='status info' title='info' alt='info'><i class='mdi-action-info-outline'></i></td>
																	<td class='timestamp'>15:39:22</td>
																	<td class='step-details'>Borrower Registration process is initiated again due to Application sync issue</td>
																</tr>
																<tr>
																	<td class='status info' title='info' alt='info'><i class='mdi-action-info-outline'></i></td>
																	<td class='timestamp'>15:39:22</td>
																	<td class='step-details'>Borrower Registration has started</td>
																</tr>
																<tr>
																	<td class='status info' title='info' alt='info'><i class='mdi-action-info-outline'></i></td>
																	<td class='timestamp'>15:39:52</td>
																	<td class='step-details'>Exception occured org.openqa.selenium.NoSuchElementException: Unable to find element with xpath == /html/body/blink/table/tbody/tr/td[4] (WARNING: The server did not provide any stacktrace information)
Command duration or timeout: 0 milliseconds
For documentation on t</td>
																</tr>
																<tr>
																	<td class='status info' title='info' alt='info'><i class='mdi-action-info-outline'></i></td>
																	<td class='timestamp'>15:39:52</td>
																	<td class='step-details'><a href='C:\QC_Batch\QC_ILP/ExecutionReports/QCStore/ILP/FailedTestsScreenshots/Borrower2019.05.24.03.39.52.png' data-featherlight='image'><img class='report-img' src='file:///C:\QC_Batch\QC_ILP/ExecutionReports/QCStore/ILP/FailedTestsScreenshots/Borrower2019.05.24.03.39.52.png' /></a></td>
																</tr>
																<tr>
																	<td class='status info' title='info' alt='info'><i class='mdi-action-info-outline'></i></td>
																	<td class='timestamp'>15:39:52</td>
																	<td class='step-details'>Borrower Registration process is initiated again due to Application sync issue</td>
																</tr>
																<tr>
																	<td class='status info' title='info' alt='info'><i class='mdi-action-info-outline'></i></td>
																	<td class='timestamp'>15:39:53</td>
																	<td class='step-details'>Borrower Registration has started</td>
																</tr>
																<tr>
																	<td class='status info' title='info' alt='info'><i class='mdi-action-info-outline'></i></td>
																	<td class='timestamp'>15:39:56</td>
																	<td class='step-details'>Exception occured org.openqa.selenium.InvalidSelectorException: The xpath expression '/html/body/blink/table/tbody/tr/td[4]' cannot be evaluated or does notresult in a WebElement (WARNING: The server did not provide any stacktrace information)
Command duration or time</td>
																</tr>
																<tr>
																	<td class='status error' title='error' alt='error'><i class='mdi-alert-error'></i></td>
																	<td class='timestamp'>15:39:57</td>
																	<td class='step-details'>Unable to start scenario QC_Installmentpayment_Void_Txn</td>
																</tr>
																<tr>
																	<td class='status pass' title='pass' alt='pass'><i class='mdi-action-check-circle'></i></td>
																	<td class='timestamp'>15:39:57</td>
																	<td class='step-details'>QC_ILP_Deposit_Return_Txn Test Case is Passed</td>
																</tr>
														</tbody>
													</table>
													<ul class='collapsible node-list' data-collapsible='accordion'>
													</ul>
												</div>
											</div>
										</li>
										<li class='collection-item test displayed active fail ' extentid='49412160-9ff7-4936-b393-042390939d8d'>
											<div class='test-head'>
												<span class='test-name'>QC_InstallPayment_Ref_Rescind </span>
												<span class='test-status label right outline capitalize fail'>fail</span>
												<span class='category-assigned hide '></span>
											</div>
											<div class='test-body'>
												<div class='test-info'>
													<span title='Test started time' alt='Test started time' class='test-started-time label green lighten-1 text-white'>2019-05-24 15:40:02</span>
													<span title='Test ended time' alt='Test ended time' class='test-ended-time label red lighten-1 text-white'></span>
													<span title='Time taken to finish' alt='Time taken to finish' class='test-time-taken label blue-grey lighten-3 text-white'></span>
												</div>
												<div class='test-desc'>Login->Borrower Registratino->New Loan->AgeStore due date ->Partial Payment->Refinance->Rescind</div>
												<div class='test-attributes'>
												</div>
												<div class='test-steps'>
													<table class='bordered table-results'>
														<thead>
															<tr>
																<th>Status</th>
																<th>Timestamp</th>
																<th>Details</th>
															</tr>
														</thead>
														<tbody>
																<tr>
																	<td class='status info' title='info' alt='info'><i class='mdi-action-info-outline'></i></td>
																	<td class='timestamp'>15:40:06</td>
																	<td class='step-details'><FONT color=green style=Calibri > Opened the CSR URL https://qcuat.qfund.net/cc/demoIndex.do</td>
																</tr>
																<tr>
																	<td class='status info' title='info' alt='info'><i class='mdi-action-info-outline'></i></td>
																	<td class='timestamp'>15:40:06</td>
																	<td class='step-details'>CSR Application is launched</td>
																</tr>
																<tr>
																	<td class='status pass' title='pass' alt='pass'><i class='mdi-action-check-circle'></i></td>
																	<td class='timestamp'>15:40:08</td>
																	<td class='step-details'>Username is entered: csr1709</td>
																</tr>
																<tr>
																	<td class='status pass' title='pass' alt='pass'><i class='mdi-action-check-circle'></i></td>
																	<td class='timestamp'>15:40:08</td>
																	<td class='step-details'>Password is entered: 1234</td>
																</tr>
																<tr>
																	<td class='status pass' title='pass' alt='pass'><i class='mdi-action-check-circle'></i></td>
																	<td class='timestamp'>15:40:08</td>
																	<td class='step-details'>Storenumber is entered: 1709</td>
																</tr>
																<tr>
																	<td class='status pass' title='pass' alt='pass'><i class='mdi-action-check-circle'></i></td>
																	<td class='timestamp'>15:40:09</td>
																	<td class='step-details'>Clicked on login button</td>
																</tr>
																<tr>
																	<td class='status info' title='info' alt='info'><i class='mdi-action-info-outline'></i></td>
																	<td class='timestamp'>15:40:11</td>
																	<td class='step-details'>Borrower Registration has started</td>
																</tr>
																<tr>
																	<td class='status info' title='info' alt='info'><i class='mdi-action-info-outline'></i></td>
																	<td class='timestamp'>15:41:11</td>
																	<td class='step-details'>Exception occured org.openqa.selenium.NoSuchFrameException: No frame element found by name or id bottom
Build info: version: '3.14.0', revision: 'aacccce0', time: '2018-08-02T20:19:58.91Z'
System info: host: 'QTLSYS2-238', ip: '192.168.3.29', os.name: 'Windows 7', os.</td>
																</tr>
																<tr>
																	<td class='status info' title='info' alt='info'><i class='mdi-action-info-outline'></i></td>
																	<td class='timestamp'>15:41:11</td>
																	<td class='step-details'><a href='C:\QC_Batch\QC_ILP/ExecutionReports/QCStore/ILP/FailedTestsScreenshots/Borrower2019.05.24.03.41.11.png' data-featherlight='image'><img class='report-img' src='file:///C:\QC_Batch\QC_ILP/ExecutionReports/QCStore/ILP/FailedTestsScreenshots/Borrower2019.05.24.03.41.11.png' /></a></td>
																</tr>
																<tr>
																	<td class='status info' title='info' alt='info'><i class='mdi-action-info-outline'></i></td>
																	<td class='timestamp'>15:41:11</td>
																	<td class='step-details'>Borrower Registration process is initiated again due to Application sync issue</td>
																</tr>
																<tr>
																	<td class='status info' title='info' alt='info'><i class='mdi-action-info-outline'></i></td>
																	<td class='timestamp'>15:41:12</td>
																	<td class='step-details'>Borrower Registration has started</td>
																</tr>
																<tr>
																	<td class='status info' title='info' alt='info'><i class='mdi-action-info-outline'></i></td>
																	<td class='timestamp'>15:41:42</td>
																	<td class='step-details'>Exception occured org.openqa.selenium.NoSuchElementException: Unable to find element with xpath == /html/body/blink/table/tbody/tr/td[4] (WARNING: The server did not provide any stacktrace information)
Command duration or timeout: 0 milliseconds
For documentation on t</td>
																</tr>
																<tr>
																	<td class='status info' title='info' alt='info'><i class='mdi-action-info-outline'></i></td>
																	<td class='timestamp'>15:41:42</td>
																	<td class='step-details'><a href='C:\QC_Batch\QC_ILP/ExecutionReports/QCStore/ILP/FailedTestsScreenshots/Borrower2019.05.24.03.41.42.png' data-featherlight='image'><img class='report-img' src='file:///C:\QC_Batch\QC_ILP/ExecutionReports/QCStore/ILP/FailedTestsScreenshots/Borrower2019.05.24.03.41.42.png' /></a></td>
																</tr>
																<tr>
																	<td class='status info' title='info' alt='info'><i class='mdi-action-info-outline'></i></td>
																	<td class='timestamp'>15:41:42</td>
																	<td class='step-details'>Borrower Registration process is initiated again due to Application sync issue</td>
																</tr>
																<tr>
																	<td class='status info' title='info' alt='info'><i class='mdi-action-info-outline'></i></td>
																	<td class='timestamp'>15:41:42</td>
																	<td class='step-details'>Borrower Registration has started</td>
																</tr>
																<tr>
																	<td class='status info' title='info' alt='info'><i class='mdi-action-info-outline'></i></td>
																	<td class='timestamp'>15:42:12</td>
																	<td class='step-details'>Exception occured org.openqa.selenium.NoSuchElementException: Unable to find element with xpath == /html/body/blink/table/tbody/tr/td[4] (WARNING: The server did not provide any stacktrace information)
Command duration or timeout: 0 milliseconds
For documentation on t</td>
																</tr>
																<tr>
																	<td class='status info' title='info' alt='info'><i class='mdi-action-info-outline'></i></td>
																	<td class='timestamp'>15:42:13</td>
																	<td class='step-details'><a href='C:\QC_Batch\QC_ILP/ExecutionReports/QCStore/ILP/FailedTestsScreenshots/Borrower2019.05.24.03.42.12.png' data-featherlight='image'><img class='report-img' src='file:///C:\QC_Batch\QC_ILP/ExecutionReports/QCStore/ILP/FailedTestsScreenshots/Borrower2019.05.24.03.42.12.png' /></a></td>
																</tr>
																<tr>
																	<td class='status info' title='info' alt='info'><i class='mdi-action-info-outline'></i></td>
																	<td class='timestamp'>15:42:13</td>
																	<td class='step-details'>Borrower Registration process is initiated again due to Application sync issue</td>
																</tr>
																<tr>
																	<td class='status fail' title='fail' alt='fail'><i class='mdi-navigation-cancel'></i></td>
																	<td class='timestamp'>15:42:13</td>
																	<td class='step-details'>Borrower Registration is failed</td>
																</tr>
																<tr>
																	<td class='status fail' title='fail' alt='fail'><i class='mdi-navigation-cancel'></i></td>
																	<td class='timestamp'>15:42:13</td>
																	<td class='step-details'>Test Case Failed is QC_InstallPayment_Ref_Rescind_Txn</td>
																</tr>
																<tr>
																	<td class='status fail' title='fail' alt='fail'><i class='mdi-navigation-cancel'></i></td>
																	<td class='timestamp'>15:42:13</td>
																	<td class='step-details'><a href='C:\QC_Batch\QC_ILP/ExecutionReports/QCStore/ILP/FailedTestsScreenshots/QC_InstallPayment_Ref_Rescind_Txn2019.05.24.03.42.13.png' data-featherlight='image'><img class='report-img' src='file:///C:\QC_Batch\QC_ILP/ExecutionReports/QCStore/ILP/FailedTestsScreenshots/QC_InstallPayment_Ref_Rescind_Txn2019.05.24.03.42.13.png' /></a></td>
																</tr>
														</tbody>
													</table>
													<ul class='collapsible node-list' data-collapsible='accordion'>
													</ul>
												</div>
											</div>
										</li>
										<li class='collection-item test displayed active fail ' extentid='ad654c8f-d287-40b8-bbc6-b808f8419eca'>
											<div class='test-head'>
												<span class='test-name'>QC_LessInterest_VoidFullPayment </span>
												<span class='test-status label right outline capitalize fail'>fail</span>
												<span class='category-assigned hide '></span>
											</div>
											<div class='test-body'>
												<div class='test-info'>
													<span title='Test started time' alt='Test started time' class='test-started-time label green lighten-1 text-white'>2019-05-24 15:42:19</span>
													<span title='Test ended time' alt='Test ended time' class='test-ended-time label red lighten-1 text-white'></span>
													<span title='Time taken to finish' alt='Time taken to finish' class='test-time-taken label blue-grey lighten-3 text-white'></span>
												</div>
												<div class='test-desc'>Login->Borrower Registration->New Loan->AgeStore to 12 days -> Less Than Interest Amount ->AgeStore to 12 days ->PartialPayment Pay Off the balance->Void</div>
												<div class='test-attributes'>
												</div>
												<div class='test-steps'>
													<table class='bordered table-results'>
														<thead>
															<tr>
																<th>Status</th>
																<th>Timestamp</th>
																<th>Details</th>
															</tr>
														</thead>
														<tbody>
																<tr>
																	<td class='status info' title='info' alt='info'><i class='mdi-action-info-outline'></i></td>
																	<td class='timestamp'>15:42:23</td>
																	<td class='step-details'><FONT color=green style=Calibri > Opened the CSR URL https://qcuat.qfund.net/cc/demoIndex.do</td>
																</tr>
																<tr>
																	<td class='status info' title='info' alt='info'><i class='mdi-action-info-outline'></i></td>
																	<td class='timestamp'>15:42:23</td>
																	<td class='step-details'>CSR Application is launched</td>
																</tr>
																<tr>
																	<td class='status pass' title='pass' alt='pass'><i class='mdi-action-check-circle'></i></td>
																	<td class='timestamp'>15:42:28</td>
																	<td class='step-details'>Username is entered: csr1709</td>
																</tr>
																<tr>
																	<td class='status pass' title='pass' alt='pass'><i class='mdi-action-check-circle'></i></td>
																	<td class='timestamp'>15:42:28</td>
																	<td class='step-details'>Password is entered: 1234</td>
																</tr>
																<tr>
																	<td class='status pass' title='pass' alt='pass'><i class='mdi-action-check-circle'></i></td>
																	<td class='timestamp'>15:42:28</td>
																	<td class='step-details'>Storenumber is entered: 1709</td>
																</tr>
																<tr>
																	<td class='status pass' title='pass' alt='pass'><i class='mdi-action-check-circle'></i></td>
																	<td class='timestamp'>15:42:29</td>
																	<td class='step-details'>Clicked on login button</td>
																</tr>
																<tr>
																	<td class='status info' title='info' alt='info'><i class='mdi-action-info-outline'></i></td>
																	<td class='timestamp'>15:42:31</td>
																	<td class='step-details'>Borrower Registration has started</td>
																</tr>
																<tr>
																	<td class='status info' title='info' alt='info'><i class='mdi-action-info-outline'></i></td>
																	<td class='timestamp'>15:43:31</td>
																	<td class='step-details'>Exception occured org.openqa.selenium.NoSuchFrameException: No frame element found by name or id bottom
Build info: version: '3.14.0', revision: 'aacccce0', time: '2018-08-02T20:19:58.91Z'
System info: host: 'QTLSYS2-238', ip: '192.168.3.29', os.name: 'Windows 7', os.</td>
																</tr>
																<tr>
																	<td class='status info' title='info' alt='info'><i class='mdi-action-info-outline'></i></td>
																	<td class='timestamp'>15:43:31</td>
																	<td class='step-details'><a href='C:\QC_Batch\QC_ILP/ExecutionReports/QCStore/ILP/FailedTestsScreenshots/Borrower2019.05.24.03.43.31.png' data-featherlight='image'><img class='report-img' src='file:///C:\QC_Batch\QC_ILP/ExecutionReports/QCStore/ILP/FailedTestsScreenshots/Borrower2019.05.24.03.43.31.png' /></a></td>
																</tr>
																<tr>
																	<td class='status info' title='info' alt='info'><i class='mdi-action-info-outline'></i></td>
																	<td class='timestamp'>15:43:31</td>
																	<td class='step-details'>Borrower Registration process is initiated again due to Application sync issue</td>
																</tr>
																<tr>
																	<td class='status info' title='info' alt='info'><i class='mdi-action-info-outline'></i></td>
																	<td class='timestamp'>15:43:31</td>
																	<td class='step-details'>Borrower Registration has started</td>
																</tr>
																<tr>
																	<td class='status info' title='info' alt='info'><i class='mdi-action-info-outline'></i></td>
																	<td class='timestamp'>15:44:02</td>
																	<td class='step-details'>Exception occured org.openqa.selenium.NoSuchElementException: Unable to find element with xpath == /html/body/blink/table/tbody/tr/td[4] (WARNING: The server did not provide any stacktrace information)
Command duration or timeout: 0 milliseconds
For documentation on t</td>
																</tr>
																<tr>
																	<td class='status info' title='info' alt='info'><i class='mdi-action-info-outline'></i></td>
																	<td class='timestamp'>15:44:02</td>
																	<td class='step-details'><a href='C:\QC_Batch\QC_ILP/ExecutionReports/QCStore/ILP/FailedTestsScreenshots/Borrower2019.05.24.03.44.02.png' data-featherlight='image'><img class='report-img' src='file:///C:\QC_Batch\QC_ILP/ExecutionReports/QCStore/ILP/FailedTestsScreenshots/Borrower2019.05.24.03.44.02.png' /></a></td>
																</tr>
																<tr>
																	<td class='status info' title='info' alt='info'><i class='mdi-action-info-outline'></i></td>
																	<td class='timestamp'>15:44:02</td>
																	<td class='step-details'>Borrower Registration process is initiated again due to Application sync issue</td>
																</tr>
																<tr>
																	<td class='status info' title='info' alt='info'><i class='mdi-action-info-outline'></i></td>
																	<td class='timestamp'>15:44:02</td>
																	<td class='step-details'>Borrower Registration has started</td>
																</tr>
																<tr>
																	<td class='status info' title='info' alt='info'><i class='mdi-action-info-outline'></i></td>
																	<td class='timestamp'>15:44:33</td>
																	<td class='step-details'>Exception occured org.openqa.selenium.NoSuchElementException: Unable to find element with xpath == /html/body/blink/table/tbody/tr/td[4] (WARNING: The server did not provide any stacktrace information)
Command duration or timeout: 0 milliseconds
For documentation on t</td>
																</tr>
																<tr>
																	<td class='status info' title='info' alt='info'><i class='mdi-action-info-outline'></i></td>
																	<td class='timestamp'>15:44:33</td>
																	<td class='step-details'><a href='C:\QC_Batch\QC_ILP/ExecutionReports/QCStore/ILP/FailedTestsScreenshots/Borrower2019.05.24.03.44.33.png' data-featherlight='image'><img class='report-img' src='file:///C:\QC_Batch\QC_ILP/ExecutionReports/QCStore/ILP/FailedTestsScreenshots/Borrower2019.05.24.03.44.33.png' /></a></td>
																</tr>
																<tr>
																	<td class='status info' title='info' alt='info'><i class='mdi-action-info-outline'></i></td>
																	<td class='timestamp'>15:44:33</td>
																	<td class='step-details'>Borrower Registration process is initiated again due to Application sync issue</td>
																</tr>
																<tr>
																	<td class='status fail' title='fail' alt='fail'><i class='mdi-navigation-cancel'></i></td>
																	<td class='timestamp'>15:44:33</td>
																	<td class='step-details'>Borrower Registration is failed</td>
																</tr>
																<tr>
																	<td class='status fail' title='fail' alt='fail'><i class='mdi-navigation-cancel'></i></td>
																	<td class='timestamp'>15:44:33</td>
																	<td class='step-details'>Test Case Failed is QC_LessInterest_VoidFullPayment_Txn</td>
																</tr>
																<tr>
																	<td class='status fail' title='fail' alt='fail'><i class='mdi-navigation-cancel'></i></td>
																	<td class='timestamp'>15:44:33</td>
																	<td class='step-details'><a href='C:\QC_Batch\QC_ILP/ExecutionReports/QCStore/ILP/FailedTestsScreenshots/QC_LessInterest_VoidFullPayment_Txn2019.05.24.03.44.33.png' data-featherlight='image'><img class='report-img' src='file:///C:\QC_Batch\QC_ILP/ExecutionReports/QCStore/ILP/FailedTestsScreenshots/QC_LessInterest_VoidFullPayment_Txn2019.05.24.03.44.33.png' /></a></td>
																</tr>
														</tbody>
													</table>
													<ul class='collapsible node-list' data-collapsible='accordion'>
													</ul>
												</div>
											</div>
										</li>
										<li class='collection-item test displayed active fail ' extentid='197651c6-ba12-42d2-ad5c-3f870fd5e1e5'>
											<div class='test-head'>
												<span class='test-name'>QC_NewLoan_TLPConversion </span>
												<span class='test-status label right outline capitalize fail'>fail</span>
												<span class='category-assigned hide '></span>
											</div>
											<div class='test-body'>
												<div class='test-info'>
													<span title='Test started time' alt='Test started time' class='test-started-time label green lighten-1 text-white'>2019-05-24 15:44:39</span>
													<span title='Test ended time' alt='Test ended time' class='test-ended-time label red lighten-1 text-white'></span>
													<span title='Time taken to finish' alt='Time taken to finish' class='test-time-taken label blue-grey lighten-3 text-white'></span>
												</div>
												<div class='test-desc'>Login->Borrower Registration->New Loan->AgeStore to 15 days ->TLP Conversion</div>
												<div class='test-attributes'>
												</div>
												<div class='test-steps'>
													<table class='bordered table-results'>
														<thead>
															<tr>
																<th>Status</th>
																<th>Timestamp</th>
																<th>Details</th>
															</tr>
														</thead>
														<tbody>
																<tr>
																	<td class='status info' title='info' alt='info'><i class='mdi-action-info-outline'></i></td>
																	<td class='timestamp'>15:44:43</td>
																	<td class='step-details'><FONT color=green style=Calibri > Opened the CSR URL https://qcuat.qfund.net/cc/demoIndex.do</td>
																</tr>
																<tr>
																	<td class='status info' title='info' alt='info'><i class='mdi-action-info-outline'></i></td>
																	<td class='timestamp'>15:44:43</td>
																	<td class='step-details'>CSR Application is launched</td>
																</tr>
																<tr>
																	<td class='status pass' title='pass' alt='pass'><i class='mdi-action-check-circle'></i></td>
																	<td class='timestamp'>15:44:45</td>
																	<td class='step-details'>Username is entered: csr1709</td>
																</tr>
																<tr>
																	<td class='status pass' title='pass' alt='pass'><i class='mdi-action-check-circle'></i></td>
																	<td class='timestamp'>15:44:45</td>
																	<td class='step-details'>Password is entered: 1234</td>
																</tr>
																<tr>
																	<td class='status pass' title='pass' alt='pass'><i class='mdi-action-check-circle'></i></td>
																	<td class='timestamp'>15:44:45</td>
																	<td class='step-details'>Storenumber is entered: 1709</td>
																</tr>
																<tr>
																	<td class='status pass' title='pass' alt='pass'><i class='mdi-action-check-circle'></i></td>
																	<td class='timestamp'>15:44:46</td>
																	<td class='step-details'>Clicked on login button</td>
																</tr>
																<tr>
																	<td class='status info' title='info' alt='info'><i class='mdi-action-info-outline'></i></td>
																	<td class='timestamp'>15:44:48</td>
																	<td class='step-details'>Borrower Registration has started</td>
																</tr>
																<tr>
																	<td class='status info' title='info' alt='info'><i class='mdi-action-info-outline'></i></td>
																	<td class='timestamp'>15:45:48</td>
																	<td class='step-details'>Exception occured org.openqa.selenium.NoSuchFrameException: No frame element found by name or id bottom
Build info: version: '3.14.0', revision: 'aacccce0', time: '2018-08-02T20:19:58.91Z'
System info: host: 'QTLSYS2-238', ip: '192.168.3.29', os.name: 'Windows 7', os.</td>
																</tr>
																<tr>
																	<td class='status info' title='info' alt='info'><i class='mdi-action-info-outline'></i></td>
																	<td class='timestamp'>15:45:48</td>
																	<td class='step-details'><a href='C:\QC_Batch\QC_ILP/ExecutionReports/QCStore/ILP/FailedTestsScreenshots/Borrower2019.05.24.03.45.48.png' data-featherlight='image'><img class='report-img' src='file:///C:\QC_Batch\QC_ILP/ExecutionReports/QCStore/ILP/FailedTestsScreenshots/Borrower2019.05.24.03.45.48.png' /></a></td>
																</tr>
																<tr>
																	<td class='status info' title='info' alt='info'><i class='mdi-action-info-outline'></i></td>
																	<td class='timestamp'>15:45:48</td>
																	<td class='step-details'>Borrower Registration process is initiated again due to Application sync issue</td>
																</tr>
																<tr>
																	<td class='status info' title='info' alt='info'><i class='mdi-action-info-outline'></i></td>
																	<td class='timestamp'>15:45:49</td>
																	<td class='step-details'>Borrower Registration has started</td>
																</tr>
																<tr>
																	<td class='status info' title='info' alt='info'><i class='mdi-action-info-outline'></i></td>
																	<td class='timestamp'>15:46:19</td>
																	<td class='step-details'>Exception occured org.openqa.selenium.NoSuchElementException: Unable to find element with xpath == /html/body/blink/table/tbody/tr/td[4] (WARNING: The server did not provide any stacktrace information)
Command duration or timeout: 0 milliseconds
For documentation on t</td>
																</tr>
																<tr>
																	<td class='status info' title='info' alt='info'><i class='mdi-action-info-outline'></i></td>
																	<td class='timestamp'>15:46:19</td>
																	<td class='step-details'><a href='C:\QC_Batch\QC_ILP/ExecutionReports/QCStore/ILP/FailedTestsScreenshots/Borrower2019.05.24.03.46.19.png' data-featherlight='image'><img class='report-img' src='file:///C:\QC_Batch\QC_ILP/ExecutionReports/QCStore/ILP/FailedTestsScreenshots/Borrower2019.05.24.03.46.19.png' /></a></td>
																</tr>
																<tr>
																	<td class='status info' title='info' alt='info'><i class='mdi-action-info-outline'></i></td>
																	<td class='timestamp'>15:46:19</td>
																	<td class='step-details'>Borrower Registration process is initiated again due to Application sync issue</td>
																</tr>
																<tr>
																	<td class='status info' title='info' alt='info'><i class='mdi-action-info-outline'></i></td>
																	<td class='timestamp'>15:46:19</td>
																	<td class='step-details'>Borrower Registration has started</td>
																</tr>
																<tr>
																	<td class='status info' title='info' alt='info'><i class='mdi-action-info-outline'></i></td>
																	<td class='timestamp'>15:46:50</td>
																	<td class='step-details'>Exception occured org.openqa.selenium.NoSuchElementException: Unable to find element with xpath == /html/body/blink/table/tbody/tr/td[4] (WARNING: The server did not provide any stacktrace information)
Command duration or timeout: 0 milliseconds
For documentation on t</td>
																</tr>
																<tr>
																	<td class='status info' title='info' alt='info'><i class='mdi-action-info-outline'></i></td>
																	<td class='timestamp'>15:46:50</td>
																	<td class='step-details'><a href='C:\QC_Batch\QC_ILP/ExecutionReports/QCStore/ILP/FailedTestsScreenshots/Borrower2019.05.24.03.46.50.png' data-featherlight='image'><img class='report-img' src='file:///C:\QC_Batch\QC_ILP/ExecutionReports/QCStore/ILP/FailedTestsScreenshots/Borrower2019.05.24.03.46.50.png' /></a></td>
																</tr>
																<tr>
																	<td class='status info' title='info' alt='info'><i class='mdi-action-info-outline'></i></td>
																	<td class='timestamp'>15:46:50</td>
																	<td class='step-details'>Borrower Registration process is initiated again due to Application sync issue</td>
																</tr>
																<tr>
																	<td class='status fail' title='fail' alt='fail'><i class='mdi-navigation-cancel'></i></td>
																	<td class='timestamp'>15:46:50</td>
																	<td class='step-details'>Borrower Registration is failed</td>
																</tr>
																<tr>
																	<td class='status fail' title='fail' alt='fail'><i class='mdi-navigation-cancel'></i></td>
																	<td class='timestamp'>15:46:50</td>
																	<td class='step-details'>Test Case Failed is QC_NewLoan_TLPConversion_Txn</td>
																</tr>
																<tr>
																	<td class='status fail' title='fail' alt='fail'><i class='mdi-navigation-cancel'></i></td>
																	<td class='timestamp'>15:46:50</td>
																	<td class='step-details'><a href='C:\QC_Batch\QC_ILP/ExecutionReports/QCStore/ILP/FailedTestsScreenshots/QC_NewLoan_TLPConversion_Txn2019.05.24.03.46.50.png' data-featherlight='image'><img class='report-img' src='file:///C:\QC_Batch\QC_ILP/ExecutionReports/QCStore/ILP/FailedTestsScreenshots/QC_NewLoan_TLPConversion_Txn2019.05.24.03.46.50.png' /></a></td>
																</tr>
														</tbody>
													</table>
													<ul class='collapsible node-list' data-collapsible='accordion'>
													</ul>
												</div>
											</div>
										</li>
										<li class='collection-item test displayed active fail ' extentid='c69655ec-0b81-416b-a7c5-73abb39924bb'>
											<div class='test-head'>
												<span class='test-name'>QC_ILP_AgeStore_Void_Txn </span>
												<span class='test-status label right outline capitalize fail'>fail</span>
												<span class='category-assigned hide '></span>
											</div>
											<div class='test-body'>
												<div class='test-info'>
													<span title='Test started time' alt='Test started time' class='test-started-time label green lighten-1 text-white'>2019-05-24 15:46:56</span>
													<span title='Test ended time' alt='Test ended time' class='test-ended-time label red lighten-1 text-white'></span>
													<span title='Time taken to finish' alt='Time taken to finish' class='test-time-taken label blue-grey lighten-3 text-white'></span>
												</div>
												<div class='test-desc'>Login->Borrower Registratino->New Loan->AgeStore->Void</div>
												<div class='test-attributes'>
												</div>
												<div class='test-steps'>
													<table class='bordered table-results'>
														<thead>
															<tr>
																<th>Status</th>
																<th>Timestamp</th>
																<th>Details</th>
															</tr>
														</thead>
														<tbody>
																<tr>
																	<td class='status info' title='info' alt='info'><i class='mdi-action-info-outline'></i></td>
																	<td class='timestamp'>15:47:00</td>
																	<td class='step-details'><FONT color=green style=Calibri > Opened the CSR URL https://qcuat.qfund.net/cc/demoIndex.do</td>
																</tr>
																<tr>
																	<td class='status info' title='info' alt='info'><i class='mdi-action-info-outline'></i></td>
																	<td class='timestamp'>15:47:00</td>
																	<td class='step-details'>CSR Application is launched</td>
																</tr>
																<tr>
																	<td class='status pass' title='pass' alt='pass'><i class='mdi-action-check-circle'></i></td>
																	<td class='timestamp'>15:47:02</td>
																	<td class='step-details'>Username is entered: csr1709</td>
																</tr>
																<tr>
																	<td class='status pass' title='pass' alt='pass'><i class='mdi-action-check-circle'></i></td>
																	<td class='timestamp'>15:47:02</td>
																	<td class='step-details'>Password is entered: 1234</td>
																</tr>
																<tr>
																	<td class='status pass' title='pass' alt='pass'><i class='mdi-action-check-circle'></i></td>
																	<td class='timestamp'>15:47:02</td>
																	<td class='step-details'>Storenumber is entered: 1709</td>
																</tr>
																<tr>
																	<td class='status pass' title='pass' alt='pass'><i class='mdi-action-check-circle'></i></td>
																	<td class='timestamp'>15:47:03</td>
																	<td class='step-details'>Clicked on login button</td>
																</tr>
																<tr>
																	<td class='status info' title='info' alt='info'><i class='mdi-action-info-outline'></i></td>
																	<td class='timestamp'>15:47:05</td>
																	<td class='step-details'>Borrower Registration has started</td>
																</tr>
																<tr>
																	<td class='status info' title='info' alt='info'><i class='mdi-action-info-outline'></i></td>
																	<td class='timestamp'>15:48:05</td>
																	<td class='step-details'>Exception occured org.openqa.selenium.NoSuchFrameException: No frame element found by name or id bottom
Build info: version: '3.14.0', revision: 'aacccce0', time: '2018-08-02T20:19:58.91Z'
System info: host: 'QTLSYS2-238', ip: '192.168.3.29', os.name: 'Windows 7', os.</td>
																</tr>
																<tr>
																	<td class='status info' title='info' alt='info'><i class='mdi-action-info-outline'></i></td>
																	<td class='timestamp'>15:48:05</td>
																	<td class='step-details'><a href='C:\QC_Batch\QC_ILP/ExecutionReports/QCStore/ILP/FailedTestsScreenshots/Borrower2019.05.24.03.48.05.png' data-featherlight='image'><img class='report-img' src='file:///C:\QC_Batch\QC_ILP/ExecutionReports/QCStore/ILP/FailedTestsScreenshots/Borrower2019.05.24.03.48.05.png' /></a></td>
																</tr>
																<tr>
																	<td class='status info' title='info' alt='info'><i class='mdi-action-info-outline'></i></td>
																	<td class='timestamp'>15:48:05</td>
																	<td class='step-details'>Borrower Registration process is initiated again due to Application sync issue</td>
																</tr>
																<tr>
																	<td class='status info' title='info' alt='info'><i class='mdi-action-info-outline'></i></td>
																	<td class='timestamp'>15:48:05</td>
																	<td class='step-details'>Borrower Registration has started</td>
																</tr>
																<tr>
																	<td class='status info' title='info' alt='info'><i class='mdi-action-info-outline'></i></td>
																	<td class='timestamp'>15:48:36</td>
																	<td class='step-details'>Exception occured org.openqa.selenium.NoSuchElementException: Unable to find element with xpath == /html/body/blink/table/tbody/tr/td[4] (WARNING: The server did not provide any stacktrace information)
Command duration or timeout: 0 milliseconds
For documentation on t</td>
																</tr>
																<tr>
																	<td class='status info' title='info' alt='info'><i class='mdi-action-info-outline'></i></td>
																	<td class='timestamp'>15:48:36</td>
																	<td class='step-details'><a href='C:\QC_Batch\QC_ILP/ExecutionReports/QCStore/ILP/FailedTestsScreenshots/Borrower2019.05.24.03.48.36.png' data-featherlight='image'><img class='report-img' src='file:///C:\QC_Batch\QC_ILP/ExecutionReports/QCStore/ILP/FailedTestsScreenshots/Borrower2019.05.24.03.48.36.png' /></a></td>
																</tr>
																<tr>
																	<td class='status info' title='info' alt='info'><i class='mdi-action-info-outline'></i></td>
																	<td class='timestamp'>15:48:36</td>
																	<td class='step-details'>Borrower Registration process is initiated again due to Application sync issue</td>
																</tr>
																<tr>
																	<td class='status info' title='info' alt='info'><i class='mdi-action-info-outline'></i></td>
																	<td class='timestamp'>15:48:36</td>
																	<td class='step-details'>Borrower Registration has started</td>
																</tr>
																<tr>
																	<td class='status info' title='info' alt='info'><i class='mdi-action-info-outline'></i></td>
																	<td class='timestamp'>15:49:07</td>
																	<td class='step-details'>Exception occured org.openqa.selenium.NoSuchElementException: Unable to find element with xpath == /html/body/blink/table/tbody/tr/td[4] (WARNING: The server did not provide any stacktrace information)
Command duration or timeout: 0 milliseconds
For documentation on t</td>
																</tr>
																<tr>
																	<td class='status info' title='info' alt='info'><i class='mdi-action-info-outline'></i></td>
																	<td class='timestamp'>15:49:07</td>
																	<td class='step-details'><a href='C:\QC_Batch\QC_ILP/ExecutionReports/QCStore/ILP/FailedTestsScreenshots/Borrower2019.05.24.03.49.07.png' data-featherlight='image'><img class='report-img' src='file:///C:\QC_Batch\QC_ILP/ExecutionReports/QCStore/ILP/FailedTestsScreenshots/Borrower2019.05.24.03.49.07.png' /></a></td>
																</tr>
																<tr>
																	<td class='status info' title='info' alt='info'><i class='mdi-action-info-outline'></i></td>
																	<td class='timestamp'>15:49:07</td>
																	<td class='step-details'>Borrower Registration process is initiated again due to Application sync issue</td>
																</tr>
																<tr>
																	<td class='status fail' title='fail' alt='fail'><i class='mdi-navigation-cancel'></i></td>
																	<td class='timestamp'>15:49:07</td>
																	<td class='step-details'>Borrower Registration is failed</td>
																</tr>
																<tr>
																	<td class='status fail' title='fail' alt='fail'><i class='mdi-navigation-cancel'></i></td>
																	<td class='timestamp'>15:49:07</td>
																	<td class='step-details'>Test Case Failed is QC_AgeStore_Void_Txn</td>
																</tr>
																<tr>
																	<td class='status fail' title='fail' alt='fail'><i class='mdi-navigation-cancel'></i></td>
																	<td class='timestamp'>15:49:07</td>
																	<td class='step-details'><a href='C:\QC_Batch\QC_ILP/ExecutionReports/QCStore/ILP/FailedTestsScreenshots/QC_AgeStore_Void_Txn2019.05.24.03.49.07.png' data-featherlight='image'><img class='report-img' src='file:///C:\QC_Batch\QC_ILP/ExecutionReports/QCStore/ILP/FailedTestsScreenshots/QC_AgeStore_Void_Txn2019.05.24.03.49.07.png' /></a></td>
																</tr>
														</tbody>
													</table>
													<ul class='collapsible node-list' data-collapsible='accordion'>
													</ul>
												</div>
											</div>
										</li>
										<li class='collection-item test displayed active fail ' extentid='bb9f7e4b-9046-4ec8-b485-795ac44cc315'>
											<div class='test-head'>
												<span class='test-name'>QC_ILP_InstallmentDeposit </span>
												<span class='test-status label right outline capitalize fail'>fail</span>
												<span class='category-assigned hide '></span>
											</div>
											<div class='test-body'>
												<div class='test-info'>
													<span title='Test started time' alt='Test started time' class='test-started-time label green lighten-1 text-white'>2019-05-24 15:49:13</span>
													<span title='Test ended time' alt='Test ended time' class='test-ended-time label red lighten-1 text-white'></span>
													<span title='Time taken to finish' alt='Time taken to finish' class='test-time-taken label blue-grey lighten-3 text-white'></span>
												</div>
												<div class='test-desc'>Login->Borrower Registratino->New Loan->AgeStore due date to 1st installment->Deposit dropdown-> Continue till final installment</div>
												<div class='test-attributes'>
												</div>
												<div class='test-steps'>
													<table class='bordered table-results'>
														<thead>
															<tr>
																<th>Status</th>
																<th>Timestamp</th>
																<th>Details</th>
															</tr>
														</thead>
														<tbody>
																<tr>
																	<td class='status info' title='info' alt='info'><i class='mdi-action-info-outline'></i></td>
																	<td class='timestamp'>15:49:17</td>
																	<td class='step-details'><FONT color=green style=Calibri > Opened the CSR URL https://qcuat.qfund.net/cc/demoIndex.do</td>
																</tr>
																<tr>
																	<td class='status info' title='info' alt='info'><i class='mdi-action-info-outline'></i></td>
																	<td class='timestamp'>15:49:17</td>
																	<td class='step-details'>CSR Application is launched</td>
																</tr>
																<tr>
																	<td class='status pass' title='pass' alt='pass'><i class='mdi-action-check-circle'></i></td>
																	<td class='timestamp'>15:49:19</td>
																	<td class='step-details'>Username is entered: csr1709</td>
																</tr>
																<tr>
																	<td class='status pass' title='pass' alt='pass'><i class='mdi-action-check-circle'></i></td>
																	<td class='timestamp'>15:49:19</td>
																	<td class='step-details'>Password is entered: 1234</td>
																</tr>
																<tr>
																	<td class='status pass' title='pass' alt='pass'><i class='mdi-action-check-circle'></i></td>
																	<td class='timestamp'>15:49:19</td>
																	<td class='step-details'>Storenumber is entered: 1709</td>
																</tr>
																<tr>
																	<td class='status pass' title='pass' alt='pass'><i class='mdi-action-check-circle'></i></td>
																	<td class='timestamp'>15:49:19</td>
																	<td class='step-details'>Clicked on login button</td>
																</tr>
																<tr>
																	<td class='status info' title='info' alt='info'><i class='mdi-action-info-outline'></i></td>
																	<td class='timestamp'>15:49:21</td>
																	<td class='step-details'>Borrower Registration has started</td>
																</tr>
																<tr>
																	<td class='status info' title='info' alt='info'><i class='mdi-action-info-outline'></i></td>
																	<td class='timestamp'>15:50:22</td>
																	<td class='step-details'>Exception occured org.openqa.selenium.NoSuchFrameException: No frame element found by name or id bottom
Build info: version: '3.14.0', revision: 'aacccce0', time: '2018-08-02T20:19:58.91Z'
System info: host: 'QTLSYS2-238', ip: '192.168.3.29', os.name: 'Windows 7', os.</td>
																</tr>
																<tr>
																	<td class='status info' title='info' alt='info'><i class='mdi-action-info-outline'></i></td>
																	<td class='timestamp'>15:50:22</td>
																	<td class='step-details'><a href='C:\QC_Batch\QC_ILP/ExecutionReports/QCStore/ILP/FailedTestsScreenshots/Borrower2019.05.24.03.50.22.png' data-featherlight='image'><img class='report-img' src='file:///C:\QC_Batch\QC_ILP/ExecutionReports/QCStore/ILP/FailedTestsScreenshots/Borrower2019.05.24.03.50.22.png' /></a></td>
																</tr>
																<tr>
																	<td class='status info' title='info' alt='info'><i class='mdi-action-info-outline'></i></td>
																	<td class='timestamp'>15:50:22</td>
																	<td class='step-details'>Borrower Registration process is initiated again due to Application sync issue</td>
																</tr>
																<tr>
																	<td class='status info' title='info' alt='info'><i class='mdi-action-info-outline'></i></td>
																	<td class='timestamp'>15:50:22</td>
																	<td class='step-details'>Borrower Registration has started</td>
																</tr>
																<tr>
																	<td class='status info' title='info' alt='info'><i class='mdi-action-info-outline'></i></td>
																	<td class='timestamp'>15:50:52</td>
																	<td class='step-details'>Exception occured org.openqa.selenium.NoSuchElementException: Unable to find element with xpath == /html/body/blink/table/tbody/tr/td[4] (WARNING: The server did not provide any stacktrace information)
Command duration or timeout: 0 milliseconds
For documentation on t</td>
																</tr>
																<tr>
																	<td class='status info' title='info' alt='info'><i class='mdi-action-info-outline'></i></td>
																	<td class='timestamp'>15:50:52</td>
																	<td class='step-details'><a href='C:\QC_Batch\QC_ILP/ExecutionReports/QCStore/ILP/FailedTestsScreenshots/Borrower2019.05.24.03.50.52.png' data-featherlight='image'><img class='report-img' src='file:///C:\QC_Batch\QC_ILP/ExecutionReports/QCStore/ILP/FailedTestsScreenshots/Borrower2019.05.24.03.50.52.png' /></a></td>
																</tr>
																<tr>
																	<td class='status info' title='info' alt='info'><i class='mdi-action-info-outline'></i></td>
																	<td class='timestamp'>15:50:52</td>
																	<td class='step-details'>Borrower Registration process is initiated again due to Application sync issue</td>
																</tr>
																<tr>
																	<td class='status info' title='info' alt='info'><i class='mdi-action-info-outline'></i></td>
																	<td class='timestamp'>15:50:53</td>
																	<td class='step-details'>Borrower Registration has started</td>
																</tr>
																<tr>
																	<td class='status info' title='info' alt='info'><i class='mdi-action-info-outline'></i></td>
																	<td class='timestamp'>15:51:23</td>
																	<td class='step-details'>Exception occured org.openqa.selenium.NoSuchElementException: Unable to find element with xpath == /html/body/blink/table/tbody/tr/td[4] (WARNING: The server did not provide any stacktrace information)
Command duration or timeout: 0 milliseconds
For documentation on t</td>
																</tr>
																<tr>
																	<td class='status info' title='info' alt='info'><i class='mdi-action-info-outline'></i></td>
																	<td class='timestamp'>15:51:23</td>
																	<td class='step-details'><a href='C:\QC_Batch\QC_ILP/ExecutionReports/QCStore/ILP/FailedTestsScreenshots/Borrower2019.05.24.03.51.23.png' data-featherlight='image'><img class='report-img' src='file:///C:\QC_Batch\QC_ILP/ExecutionReports/QCStore/ILP/FailedTestsScreenshots/Borrower2019.05.24.03.51.23.png' /></a></td>
																</tr>
																<tr>
																	<td class='status info' title='info' alt='info'><i class='mdi-action-info-outline'></i></td>
																	<td class='timestamp'>15:51:23</td>
																	<td class='step-details'>Borrower Registration process is initiated again due to Application sync issue</td>
																</tr>
																<tr>
																	<td class='status fail' title='fail' alt='fail'><i class='mdi-navigation-cancel'></i></td>
																	<td class='timestamp'>15:51:24</td>
																	<td class='step-details'>Borrower Registration is failed</td>
																</tr>
																<tr>
																	<td class='status fail' title='fail' alt='fail'><i class='mdi-navigation-cancel'></i></td>
																	<td class='timestamp'>15:51:24</td>
																	<td class='step-details'>Test Case Failed is QC_ILP_NewLoanInstallmentDeposit_Txn</td>
																</tr>
																<tr>
																	<td class='status fail' title='fail' alt='fail'><i class='mdi-navigation-cancel'></i></td>
																	<td class='timestamp'>15:51:24</td>
																	<td class='step-details'><a href='C:\QC_Batch\QC_ILP/ExecutionReports/QCStore/ILP/FailedTestsScreenshots/QC_ILP_NewLoanInstallmentDeposit_Txn2019.05.24.03.51.24.png' data-featherlight='image'><img class='report-img' src='file:///C:\QC_Batch\QC_ILP/ExecutionReports/QCStore/ILP/FailedTestsScreenshots/QC_ILP_NewLoanInstallmentDeposit_Txn2019.05.24.03.51.24.png' /></a></td>
																</tr>
														</tbody>
													</table>
													<ul class='collapsible node-list' data-collapsible='accordion'>
													</ul>
												</div>
											</div>
										</li>
								</ul>
							</div>
						</div>
					</div>
				</div>
				<div id='test-details-wrapper' class='col _addedCell2'>
					<div class='contents'>
						<div class='card-panel details-view'>
							<h5 class='details-name'></h5>
							<div class='step-filters right'>
								<span class='btn-floating btn-small waves-effect waves-light blue' status='info' alt='info' title='info'><i class='mdi-action-info-outline'></i></span>
								<span class='btn-floating btn-small waves-effect waves-light green' status='pass' alt='pass' title='pass'><i class='mdi-action-check-circle'></i></span>
								<span class='btn-floating btn-small waves-effect waves-light red' status='fail' alt='fail' title='fail'><i class='mdi-navigation-cancel'></i></span>
								<span class='btn-floating btn-small waves-effect waves-light red darken-4' status='fatal' alt='fatal' title='fatal'><i class='mdi-navigation-cancel'></i></span>
								<span class='btn-floating btn-small waves-effect waves-light red lighten-2' status='error' alt='error' title='error'><i class='mdi-alert-error'></i></span>
								<span class='btn-floating btn-small waves-effect waves-light orange' alt='warning' status='warning' title='warning'><i class='mdi-alert-warning'></i></span>
								<span class='btn-floating btn-small waves-effect waves-light cyan' status='skip' alt='skip' title='skip'><i class='mdi-content-redo'></i></span>
								<span class='btn-floating btn-small waves-effect waves-light grey darken-2' status='clear-step-filter' alt='Clear filters' title='Clear filters'><i class='mdi-content-clear'></i></span>
							</div>
							<div class='details-container'>
							</div>
						</div>
					</div>
				</div>
			</div>
			<!-- /tests -->
			
			<!-- categories -->
			<!-- /categories -->
			
			<!-- exceptions -->
			<!-- /exceptions -->
			
			<!-- testrunner logs -->
			<!-- /testrunner logs -->
			
		</div>
		<!-- /container -->
		
		<!-- test dashboard counts setting -->
		<div id='test-count-setting' class='modal bottom-sheet'> 
			<div class='modal-content'> 
				<h5>Configure Tests Count Setting</h5> 
				<input name='test-count-setting' type='radio' id='parentWithoutNodes' class='with-gap'> 
				<label for='parentWithoutNodes'>Parent Tests Only (Does not include child nodes in counts)</label> 
				<br> 
				<input name='test-count-setting' type='radio' id='parentWithoutNodesAndNodes' class='with-gap'> 
				<label for='parentWithoutNodesAndNodes'>Parent Tests Without Child Tests + Child Tests</label> 
				<br> 
				<input name='test-count-setting' type='radio' id='childNodes' class='with-gap'> 
				<label for='childNodes'>Child Tests Only</label> 
			</div> 
			<div class='modal-footer'> 
				<a href='#!' class='modal-action modal-close waves-effect waves-green btn'>Save</a> 
			</div> 
		</div>
		<!-- /test dashboard counts setting -->
		
		<!-- filter for step status -->
		<div id='step-status-filter' class='modal bottom-sheet'> 
			<div class='modal-content'> 
				<h5>Select status</h5> 
				<input checked class='filled-in' type='checkbox' id='step-dashboard-filter-pass'> 
				<label for='step-dashboard-filter-pass'>Pass</label> 
				<br> 
				<input checked class='filled-in' type='checkbox' id='step-dashboard-filter-fail'> 
				<label for='step-dashboard-filter-fail'>Fail</label> 
				<br> 
				<input checked class='filled-in' type='checkbox' id='step-dashboard-filter-fatal'> 
				<label for='step-dashboard-filter-fatal'>Fatal</label> 
				<br> 
				<input checked class='filled-in' type='checkbox' id='step-dashboard-filter-error'> 
				<label for='step-dashboard-filter-error'>Error</label> 
				<br> 
				<input checked class='filled-in' type='checkbox' id='step-dashboard-filter-warning'> 
				<label for='step-dashboard-filter-warning'>Warning</label> 
				<br> 
				<input checked class='filled-in' type='checkbox' id='step-dashboard-filter-skip'> 
				<label for='step-dashboard-filter-skip'>Skipped</label> 
				<br> 
				<input checked class='filled-in' type='checkbox' id='step-dashboard-filter-info'> 
				<label for='step-dashboard-filter-info'>Info</label> 
				<br> 
				<input checked class='filled-in' type='checkbox' id='step-dashboard-filter-unknown'> 
				<label for='step-dashboard-filter-unknown'>Unknown</label> 
			</div>
			<div class='modal-footer'> 
				<a href='#!' class='modal-action modal-close waves-effect waves-green btn'>Save</a> 
			</div> 
		</div>
		<!-- /filter for step status -->
		
		<script src='https://cdn.rawgit.com/anshooarora/extentreports/6032d73243ba4fe4fb8769eb9c315d4fdf16fe68/cdn/extent.js' type='text/javascript'></script>

		<script>$(document).ready(function() { $('.logo span').html('ExtentReports'); });</script>
		<script>
				
            
                $(document).ready(function() {
                    
                });
            
        
		</script>
	</body>
</html>
