<?xml version="1.0" encoding="UTF-8"?>
<!-- Generated by org.testng.reporters.JUnitXMLReporter -->
<testsuite hostname="QTLSYS0-223" ignored="27" name="Test" tests="8" failures="1" timestamp="11 Dec 2019 07:44:51 GMT" time="2767.521" errors="0">
  <testcase name="@AfterMethod getResult" time="0.017" classname="tests.QCStore">
    <failure type="org.openqa.selenium.NoSuchWindowException" message="Unable to get browser (WARNING: The server did not provide any stacktrace information)
Command duration or timeout: 0 milliseconds
Build info: version: &amp;apos;3.14.0&amp;apos;, revision: &amp;apos;aacccce0&amp;apos;, time: &amp;apos;2018-08-02T20:19:58.91Z&amp;apos;
System info: host: &amp;apos;QTLSYS0-223&amp;apos;, ip: &amp;apos;192.168.0.223&amp;apos;, os.name: &amp;apos;Windows 10&amp;apos;, os.arch: &amp;apos;amd64&amp;apos;, os.version: &amp;apos;10.0&amp;apos;, java.version: &amp;apos;1.8.0_171&amp;apos;
Driver info: org.openqa.selenium.ie.InternetExplorerDriver
Capabilities {browserAttachTimeout: 0, browserName: internet explorer, cssSelectorsEnabled: true, elementScrollBehavior: 0, enableElementCacheCleanup: true, enablePersistentHover: true, handlesAlerts: true, ie.browserCommandLineSwitches: , ie.ensureCleanSession: false, ie.forceCreateProcessApi: false, ie.usePerProcessProxy: false, ignoreProtectedModeSettings: false, ignoreZoomSetting: false, initialBrowserUrl: http://localhost:36951/, javascriptEnabled: true, nativeEvents: true, platform: WINDOWS, platformName: WINDOWS, requireWindowFocus: false, takesScreenshot: true, unexpectedAlertBehaviour: dismiss, unhandledPromptBehavior: dismiss, version: 11}
Session ID: 820b526e-b894-456c-8dcb-9b17f68cf476">
      <![CDATA[org.openqa.selenium.NoSuchWindowException: Unable to get browser (WARNING: The server did not provide any stacktrace information)
Command duration or timeout: 0 milliseconds
Build info: version: '3.14.0', revision: 'aacccce0', time: '2018-08-02T20:19:58.91Z'
System info: host: 'QTLSYS0-223', ip: '192.168.0.223', os.name: 'Windows 10', os.arch: 'amd64', os.version: '10.0', java.version: '1.8.0_171'
Driver info: org.openqa.selenium.ie.InternetExplorerDriver
Capabilities {browserAttachTimeout: 0, browserName: internet explorer, cssSelectorsEnabled: true, elementScrollBehavior: 0, enableElementCacheCleanup: true, enablePersistentHover: true, handlesAlerts: true, ie.browserCommandLineSwitches: , ie.ensureCleanSession: false, ie.forceCreateProcessApi: false, ie.usePerProcessProxy: false, ignoreProtectedModeSettings: false, ignoreZoomSetting: false, initialBrowserUrl: http://localhost:36951/, javascriptEnabled: true, nativeEvents: true, platform: WINDOWS, platformName: WINDOWS, requireWindowFocus: false, takesScreenshot: true, unexpectedAlertBehaviour: dismiss, unhandledPromptBehavior: dismiss, version: 11}
Session ID: 820b526e-b894-456c-8dcb-9b17f68cf476
at org.openqa.selenium.remote.ErrorHandler.createThrowable(ErrorHandler.java:214)
at org.openqa.selenium.remote.ErrorHandler.throwIfResponseFailed(ErrorHandler.java:166)
at org.openqa.selenium.remote.http.JsonHttpResponseCodec.reconstructValue(JsonHttpResponseCodec.java:40)
at org.openqa.selenium.remote.http.AbstractHttpResponseCodec.decode(AbstractHttpResponseCodec.java:80)
at org.openqa.selenium.remote.http.AbstractHttpResponseCodec.decode(AbstractHttpResponseCodec.java:44)
at org.openqa.selenium.remote.HttpCommandExecutor.execute(HttpCommandExecutor.java:158)
at org.openqa.selenium.remote.service.DriverCommandExecutor.execute(DriverCommandExecutor.java:83)
at org.openqa.selenium.remote.RemoteWebDriver.execute(RemoteWebDriver.java:548)
at org.openqa.selenium.remote.RemoteWebDriver.execute(RemoteWebDriver.java:605)
at org.openqa.selenium.remote.RemoteWebDriver.getScreenshotAs(RemoteWebDriver.java:294)
at tests.QCStore.getScreenhot(QCStore.java:1992)
at tests.QCStore.getResult(QCStore.java:2009)
... Removed 32 stack frames]]>
    </failure>
  </testcase> <!-- @AfterMethod getResult -->
  <testcase name="QC_TLP_Buyback_Txn" time="313.605" classname="tests.QCStore"/>
  <testcase name="QC_TLP_Buyback_Void_Txn" time="355.336" classname="tests.QCStore"/>
  <testcase name="QC_Installmentpayment_Txn" time="311.462" classname="tests.QCStore"/>
  <testcase name="QC_Installmentpayment_Void_Txn" time="353.327" classname="tests.QCStore"/>
  <testcase name="QC_PayAnyotherAmount_Txn" time="321.452" classname="tests.QCStore"/>
  <testcase name="QC_PayAnyotherAmount_Void_Txn" time="372.838" classname="tests.QCStore"/>
  <testcase name="QC_TLP_Writeoff_Recovery_Txn" time="87.207" classname="tests.QCStore">
    <failure type="org.openqa.selenium.NoSuchWindowException" message="Unable to get browser (WARNING: The server did not provide any stacktrace information)
Command duration or timeout: 0 milliseconds
Build info: version: &amp;apos;3.14.0&amp;apos;, revision: &amp;apos;aacccce0&amp;apos;, time: &amp;apos;2018-08-02T20:19:58.91Z&amp;apos;
System info: host: &amp;apos;QTLSYS0-223&amp;apos;, ip: &amp;apos;192.168.0.223&amp;apos;, os.name: &amp;apos;Windows 10&amp;apos;, os.arch: &amp;apos;amd64&amp;apos;, os.version: &amp;apos;10.0&amp;apos;, java.version: &amp;apos;1.8.0_171&amp;apos;
Driver info: org.openqa.selenium.ie.InternetExplorerDriver
Capabilities {browserAttachTimeout: 0, browserName: internet explorer, cssSelectorsEnabled: true, elementScrollBehavior: 0, enableElementCacheCleanup: true, enablePersistentHover: true, handlesAlerts: true, ie.browserCommandLineSwitches: , ie.ensureCleanSession: false, ie.forceCreateProcessApi: false, ie.usePerProcessProxy: false, ignoreProtectedModeSettings: false, ignoreZoomSetting: false, initialBrowserUrl: http://localhost:36951/, javascriptEnabled: true, nativeEvents: true, platform: WINDOWS, platformName: WINDOWS, requireWindowFocus: false, takesScreenshot: true, unexpectedAlertBehaviour: dismiss, unhandledPromptBehavior: dismiss, version: 11}
Session ID: 820b526e-b894-456c-8dcb-9b17f68cf476">
      <![CDATA[org.openqa.selenium.NoSuchWindowException: Unable to get browser (WARNING: The server did not provide any stacktrace information)
Command duration or timeout: 0 milliseconds
Build info: version: '3.14.0', revision: 'aacccce0', time: '2018-08-02T20:19:58.91Z'
System info: host: 'QTLSYS0-223', ip: '192.168.0.223', os.name: 'Windows 10', os.arch: 'amd64', os.version: '10.0', java.version: '1.8.0_171'
Driver info: org.openqa.selenium.ie.InternetExplorerDriver
Capabilities {browserAttachTimeout: 0, browserName: internet explorer, cssSelectorsEnabled: true, elementScrollBehavior: 0, enableElementCacheCleanup: true, enablePersistentHover: true, handlesAlerts: true, ie.browserCommandLineSwitches: , ie.ensureCleanSession: false, ie.forceCreateProcessApi: false, ie.usePerProcessProxy: false, ignoreProtectedModeSettings: false, ignoreZoomSetting: false, initialBrowserUrl: http://localhost:36951/, javascriptEnabled: true, nativeEvents: true, platform: WINDOWS, platformName: WINDOWS, requireWindowFocus: false, takesScreenshot: true, unexpectedAlertBehaviour: dismiss, unhandledPromptBehavior: dismiss, version: 11}
Session ID: 820b526e-b894-456c-8dcb-9b17f68cf476
at org.openqa.selenium.remote.ErrorHandler.createThrowable(ErrorHandler.java:214)
at org.openqa.selenium.remote.ErrorHandler.throwIfResponseFailed(ErrorHandler.java:166)
at org.openqa.selenium.remote.http.JsonHttpResponseCodec.reconstructValue(JsonHttpResponseCodec.java:40)
at org.openqa.selenium.remote.http.AbstractHttpResponseCodec.decode(AbstractHttpResponseCodec.java:80)
at org.openqa.selenium.remote.http.AbstractHttpResponseCodec.decode(AbstractHttpResponseCodec.java:44)
at org.openqa.selenium.remote.HttpCommandExecutor.execute(HttpCommandExecutor.java:158)
at org.openqa.selenium.remote.service.DriverCommandExecutor.execute(DriverCommandExecutor.java:83)
at org.openqa.selenium.remote.RemoteWebDriver.execute(RemoteWebDriver.java:548)
at org.openqa.selenium.remote.RemoteWebDriver.execute(RemoteWebDriver.java:605)
at org.openqa.selenium.remote.RemoteWebDriver.getScreenshotAs(RemoteWebDriver.java:294)
at tests.QCStore.getScreenhot(QCStore.java:1992)
at tests.QCCSRNewLoan.newLoan(QCCSRNewLoan.java:248)
at tests.QCStore.QC_TLP_Writeoff_Recovery_Txn(QCStore.java:593)
... Removed 29 stack frames]]>
    </failure>
  </testcase> <!-- QC_TLP_Writeoff_Recovery_Txn -->
  <testcase name="QC_TLP_Writeoff_Recovery_Void_Txn" time="611.596" classname="tests.QCStore"/>
  <testcase name="JQC_TLP_GraceDays_Deposit_Menu_Txn" time="0.0" classname="tests.QCStore">
    <ignored/>
  </testcase> <!-- JQC_TLP_GraceDays_Deposit_Menu_Txn -->
  <testcase name="TLP_agerescind" time="0.0" classname="tests.QCStore">
    <ignored/>
  </testcase> <!-- TLP_agerescind -->
  <testcase name="JQC_TLP_Deceased_Txn" time="0.0" classname="tests.QCStore">
    <ignored/>
  </testcase> <!-- JQC_TLP_Deceased_Txn -->
  <testcase name="QC_AgeStore_Void_Txn" time="0.0" classname="tests.QCStore">
    <ignored/>
  </testcase> <!-- QC_AgeStore_Void_Txn -->
  <testcase name="TLP_bankruptcyWriteOff" time="0.0" classname="tests.QCStore">
    <ignored/>
  </testcase> <!-- TLP_bankruptcyWriteOff -->
  <testcase name="newLoan" time="0.0" classname="tests.QCStore">
    <ignored/>
  </testcase> <!-- newLoan -->
  <testcase name="TLP_RefinanceStepSame" time="0.0" classname="tests.QCStore">
    <ignored/>
  </testcase> <!-- TLP_RefinanceStepSame -->
  <testcase name="QC_NewLoan_Void_Txn" time="0.0" classname="tests.QCStore">
    <ignored/>
  </testcase> <!-- QC_NewLoan_Void_Txn -->
  <testcase name="JQC_TLP_Deposit_dropdown_Txn" time="0.0" classname="tests.QCStore">
    <ignored/>
  </testcase> <!-- JQC_TLP_Deposit_dropdown_Txn -->
  <testcase name="JQC_TLP_Deposit_MidDay_Txn" time="0.0" classname="tests.QCStore">
    <ignored/>
  </testcase> <!-- JQC_TLP_Deposit_MidDay_Txn -->
  <testcase name="JQC_DefaultPayment_Txn_Testdata" time="0.0" classname="tests.QCStore">
    <ignored/>
  </testcase> <!-- JQC_DefaultPayment_Txn_Testdata -->
  <testcase name="TLP_ProcessClearFromMenu" time="0.0" classname="tests.QCStore">
    <ignored/>
  </testcase> <!-- TLP_ProcessClearFromMenu -->
  <testcase name="TLP_RefinanceStepDown" time="0.0" classname="tests.QCStore">
    <ignored/>
  </testcase> <!-- TLP_RefinanceStepDown -->
  <testcase name="JQC_TLP_Deposit_EOD_Txn" time="0.0" classname="tests.QCStore">
    <ignored/>
  </testcase> <!-- JQC_TLP_Deposit_EOD_Txn -->
  <testcase name="QC_TLP_NewLoan_Txn" time="0.0" classname="tests.QCStore">
    <ignored/>
  </testcase> <!-- QC_TLP_NewLoan_Txn -->
  <testcase name="JQC_TLP_GraceDays_Deposit_MidDay_Txn" time="0.0" classname="tests.QCStore">
    <ignored/>
  </testcase> <!-- JQC_TLP_GraceDays_Deposit_MidDay_Txn -->
  <testcase name="TLP_RefinanceStepSame_Void" time="0.0" classname="tests.QCStore">
    <ignored/>
  </testcase> <!-- TLP_RefinanceStepSame_Void -->
  <testcase name="TLP_rescindloan" time="0.0" classname="tests.QCStore">
    <ignored/>
  </testcase> <!-- TLP_rescindloan -->
  <testcase name="QC_NewLoan_Promotion_Txn" time="0.0" classname="tests.QCStore">
    <ignored/>
  </testcase> <!-- QC_NewLoan_Promotion_Txn -->
  <testcase name="TLP_bankruptcyDismiss" time="0.0" classname="tests.QCStore">
    <ignored/>
  </testcase> <!-- TLP_bankruptcyDismiss -->
  <testcase name="JQC_TLP_GraceDays_Deposit_EOD_Txn" time="0.0" classname="tests.QCStore">
    <ignored/>
  </testcase> <!-- JQC_TLP_GraceDays_Deposit_EOD_Txn -->
  <testcase name="JQC_TLP_GraceDays_Deposit_dropdown_Txn" time="0.0" classname="tests.QCStore">
    <ignored/>
  </testcase> <!-- JQC_TLP_GraceDays_Deposit_dropdown_Txn -->
  <testcase name="JQC_TLP_Deposit_Menu_Txn" time="0.0" classname="tests.QCStore">
    <ignored/>
  </testcase> <!-- JQC_TLP_Deposit_Menu_Txn -->
  <testcase name="TLP_RefinanceStepDownVoid" time="0.0" classname="tests.QCStore">
    <ignored/>
  </testcase> <!-- TLP_RefinanceStepDownVoid -->
  <testcase name="TLP_ProcessClear" time="0.0" classname="tests.QCStore">
    <ignored/>
  </testcase> <!-- TLP_ProcessClear -->
  <testcase name="JQC_DefaultPayment_Void_Txn_Testdata" time="0.0" classname="tests.QCStore">
    <ignored/>
  </testcase> <!-- JQC_DefaultPayment_Void_Txn_Testdata -->
  <testcase name="TLP_ProcessAutoClear" time="0.0" classname="tests.QCStore">
    <ignored/>
  </testcase> <!-- TLP_ProcessAutoClear -->
</testsuite> <!-- Test -->
