<?xml version="1.0" encoding="UTF-8"?>
<<<<<<< HEAD
<testng-results skipped="0" failed="0" ignored="0" total="0" passed="0">
  <reporter-output>
  </reporter-output>
  <suite name="Default suite" duration-ms="28" started-at="2019-03-05T07:38:45Z" finished-at="2019-03-05T07:38:45Z">
    <groups>
    </groups>
    <test name="Default test" duration-ms="28" started-at="2019-03-05T07:38:45Z" finished-at="2019-03-05T07:38:45Z">
      <class name="QCHome.CSR">
        <test-method status="FAIL" signature="endReport()[pri:0, instance:QCHome.CSR@604ed9f0]" name="endReport" is-config="true" duration-ms="12" started-at="2019-03-05T07:38:45Z" finished-at="2019-03-05T07:38:45Z">
          <exception class="java.lang.NullPointerException">
            <full-stacktrace>
              <![CDATA[java.lang.NullPointerException
at QCHome.CSR.endReport(CSR.java:7259)
=======
<testng-results skipped="0" failed="9" ignored="40" total="89" passed="40">
  <reporter-output>
  </reporter-output>
  <suite name="Default suite" duration-ms="5540534" started-at="2019-03-06T10:03:04Z" finished-at="2019-03-06T11:35:25Z">
    <groups>
    </groups>
    <test name="Default test" duration-ms="5540534" started-at="2019-03-06T10:03:04Z" finished-at="2019-03-06T11:35:25Z">
      <class name="QCHome.CSR">
        <test-method status="PASS" signature="setup()[pri:0, instance:QCHome.CSR@57baeedf]" name="setup" is-config="true" duration-ms="1865" started-at="2019-03-06T10:03:04Z" finished-at="2019-03-06T10:03:06Z">
          <reporter-output>
          </reporter-output>
        </test-method> <!-- setup -->
        <test-method status="FAIL" signature="borrowregsaveloan()[pri:41, instance:QCHome.CSR@57baeedf]" name="borrowregsaveloan" duration-ms="3800" started-at="2019-03-06T10:03:06Z" finished-at="2019-03-06T10:03:10Z">
          <exception class="org.openqa.selenium.StaleElementReferenceException">
            <message>
              <![CDATA[Element is no longer valid (WARNING: The server did not provide any stacktrace information)
Command duration or timeout: 0 milliseconds
For documentation on this error, please visit: http://seleniumhq.org/exceptions/stale_element_reference.html
Build info: version: '3.14.0', revision: 'aacccce0', time: '2018-08-02T20:19:58.91Z'
System info: host: 'QTLSYS2-238', ip: '192.168.3.29', os.name: 'Windows 7', os.arch: 'amd64', os.version: '6.1', java.version: '1.8.0_171'
Driver info: org.openqa.selenium.ie.InternetExplorerDriver
Capabilities {browserAttachTimeout: 0, browserName: internet explorer, cssSelectorsEnabled: true, elementScrollBehavior: 0, enableElementCacheCleanup: true, enablePersistentHover: true, handlesAlerts: true, ie.browserCommandLineSwitches: , ie.ensureCleanSession: false, ie.forceCreateProcessApi: false, ie.usePerProcessProxy: false, ignoreProtectedModeSettings: false, ignoreZoomSetting: false, initialBrowserUrl: http://localhost:8794/, javascriptEnabled: true, nativeEvents: true, platform: WINDOWS, platformName: WINDOWS, requireWindowFocus: false, takesScreenshot: true, unexpectedAlertBehaviour: dismiss, unhandledPromptBehavior: dismiss, version: 11}
Session ID: 294f686c-7d5f-4602-ae36-31f0ab60c0b2]]>
            </message>
            <full-stacktrace>
              <![CDATA[org.openqa.selenium.StaleElementReferenceException: Element is no longer valid (WARNING: The server did not provide any stacktrace information)
Command duration or timeout: 0 milliseconds
For documentation on this error, please visit: http://seleniumhq.org/exceptions/stale_element_reference.html
Build info: version: '3.14.0', revision: 'aacccce0', time: '2018-08-02T20:19:58.91Z'
System info: host: 'QTLSYS2-238', ip: '192.168.3.29', os.name: 'Windows 7', os.arch: 'amd64', os.version: '6.1', java.version: '1.8.0_171'
Driver info: org.openqa.selenium.ie.InternetExplorerDriver
Capabilities {browserAttachTimeout: 0, browserName: internet explorer, cssSelectorsEnabled: true, elementScrollBehavior: 0, enableElementCacheCleanup: true, enablePersistentHover: true, handlesAlerts: true, ie.browserCommandLineSwitches: , ie.ensureCleanSession: false, ie.forceCreateProcessApi: false, ie.usePerProcessProxy: false, ignoreProtectedModeSettings: false, ignoreZoomSetting: false, initialBrowserUrl: http://localhost:8794/, javascriptEnabled: true, nativeEvents: true, platform: WINDOWS, platformName: WINDOWS, requireWindowFocus: false, takesScreenshot: true, unexpectedAlertBehaviour: dismiss, unhandledPromptBehavior: dismiss, version: 11}
Session ID: 294f686c-7d5f-4602-ae36-31f0ab60c0b2
at sun.reflect.NativeConstructorAccessorImpl.newInstance0(Native Method)
at sun.reflect.NativeConstructorAccessorImpl.newInstance(Unknown Source)
at sun.reflect.DelegatingConstructorAccessorImpl.newInstance(Unknown Source)
at java.lang.reflect.Constructor.newInstance(Unknown Source)
at org.openqa.selenium.remote.ErrorHandler.createThrowable(ErrorHandler.java:214)
at org.openqa.selenium.remote.ErrorHandler.throwIfResponseFailed(ErrorHandler.java:166)
at org.openqa.selenium.remote.http.JsonHttpResponseCodec.reconstructValue(JsonHttpResponseCodec.java:40)
at org.openqa.selenium.remote.http.AbstractHttpResponseCodec.decode(AbstractHttpResponseCodec.java:80)
at org.openqa.selenium.remote.http.AbstractHttpResponseCodec.decode(AbstractHttpResponseCodec.java:44)
at org.openqa.selenium.remote.HttpCommandExecutor.execute(HttpCommandExecutor.java:158)
at org.openqa.selenium.remote.service.DriverCommandExecutor.execute(DriverCommandExecutor.java:83)
at org.openqa.selenium.remote.RemoteWebDriver.execute(RemoteWebDriver.java:548)
at org.openqa.selenium.remote.RemoteWebElement.execute(RemoteWebElement.java:276)
at org.openqa.selenium.remote.RemoteWebElement.getText(RemoteWebElement.java:160)
at QCHome.QC_BorrowRegestration.qcborrowerreg_saveloan(QC_BorrowRegestration.java:109)
at QCHome.CSR.borrowregsaveloan(CSR.java:101)
>>>>>>> brahmith1.1
at sun.reflect.NativeMethodAccessorImpl.invoke0(Native Method)
at sun.reflect.NativeMethodAccessorImpl.invoke(Unknown Source)
at sun.reflect.DelegatingMethodAccessorImpl.invoke(Unknown Source)
at java.lang.reflect.Method.invoke(Unknown Source)
at org.testng.internal.MethodInvocationHelper.invokeMethod(MethodInvocationHelper.java:124)
at org.testng.internal.MethodInvocationHelper.invokeMethodConsideringTimeout(MethodInvocationHelper.java:59)
at org.testng.internal.Invoker.invokeConfigurationMethod(Invoker.java:458)
at org.testng.internal.Invoker.invokeConfigurations(Invoker.java:222)
at org.testng.internal.Invoker.invokeConfigurations(Invoker.java:142)
at org.testng.TestRunner.afterRun(TestRunner.java:725)
at org.testng.TestRunner.run(TestRunner.java:509)
at org.testng.SuiteRunner.runTest(SuiteRunner.java:455)
at org.testng.SuiteRunner.runSequentially(SuiteRunner.java:450)
at org.testng.SuiteRunner.privateRun(SuiteRunner.java:415)
at org.testng.SuiteRunner.run(SuiteRunner.java:364)
at org.testng.SuiteRunnerWorker.runSuite(SuiteRunnerWorker.java:52)
at org.testng.SuiteRunnerWorker.run(SuiteRunnerWorker.java:84)
at org.testng.TestNG.runSuitesSequentially(TestNG.java:1208)
at org.testng.TestNG.runSuitesLocally(TestNG.java:1137)
at org.testng.TestNG.runSuites(TestNG.java:1049)
at org.testng.TestNG.run(TestNG.java:1017)
at org.testng.remote.AbstractRemoteTestNG.run(AbstractRemoteTestNG.java:114)
at org.testng.remote.RemoteTestNG.initAndRun(RemoteTestNG.java:251)
at org.testng.remote.RemoteTestNG.main(RemoteTestNG.java:77)
]]>
            </full-stacktrace>
<<<<<<< HEAD
          </exception> <!-- java.lang.NullPointerException -->
=======
          </exception> <!-- org.openqa.selenium.StaleElementReferenceException -->
          <reporter-output>
          </reporter-output>
        </test-method> <!-- borrowregsaveloan -->
        <test-method status="PASS" signature="getResult(org.testng.ITestResult)[pri:0, instance:QCHome.CSR@57baeedf]" name="getResult" is-config="true" duration-ms="279" started-at="2019-03-06T10:03:10Z" finished-at="2019-03-06T10:03:10Z">
          <params>
            <param index="0">
              <value>
                <![CDATA[[TestResult name=borrowregsaveloan status=FAILURE method=CSR.borrowregsaveloan()[pri:41, instance:QCHome.CSR@57baeedf] output={null}]]]>
              </value>
            </param>
          </params>
          <reporter-output>
          </reporter-output>
        </test-method> <!-- getResult -->
        <test-method status="FAIL" signature="borrowregsavenext()[pri:42, instance:QCHome.CSR@57baeedf]" name="borrowregsavenext" duration-ms="107045" started-at="2019-03-06T10:03:10Z" finished-at="2019-03-06T10:04:57Z">
          <exception class="org.openqa.selenium.NoSuchElementException">
            <message>
              <![CDATA[Unable to find element with xpath == //input[@value='Go' and @type='button'] (WARNING: The server did not provide any stacktrace information)
Command duration or timeout: 0 milliseconds
For documentation on this error, please visit: http://seleniumhq.org/exceptions/no_such_element.html
Build info: version: '3.14.0', revision: 'aacccce0', time: '2018-08-02T20:19:58.91Z'
System info: host: 'QTLSYS2-238', ip: '192.168.3.29', os.name: 'Windows 7', os.arch: 'amd64', os.version: '6.1', java.version: '1.8.0_171'
Driver info: org.openqa.selenium.ie.InternetExplorerDriver
Capabilities {browserAttachTimeout: 0, browserName: internet explorer, cssSelectorsEnabled: true, elementScrollBehavior: 0, enableElementCacheCleanup: true, enablePersistentHover: true, handlesAlerts: true, ie.browserCommandLineSwitches: , ie.ensureCleanSession: false, ie.forceCreateProcessApi: false, ie.usePerProcessProxy: false, ignoreProtectedModeSettings: false, ignoreZoomSetting: false, initialBrowserUrl: http://localhost:8794/, javascriptEnabled: true, nativeEvents: true, platform: WINDOWS, platformName: WINDOWS, requireWindowFocus: false, takesScreenshot: true, unexpectedAlertBehaviour: dismiss, unhandledPromptBehavior: dismiss, version: 11}
Session ID: 294f686c-7d5f-4602-ae36-31f0ab60c0b2
*** Element info: {Using=xpath, value=//input[@value='Go' and @type='button']}]]>
            </message>
            <full-stacktrace>
              <![CDATA[org.openqa.selenium.NoSuchElementException: Unable to find element with xpath == //input[@value='Go' and @type='button'] (WARNING: The server did not provide any stacktrace information)
Command duration or timeout: 0 milliseconds
For documentation on this error, please visit: http://seleniumhq.org/exceptions/no_such_element.html
Build info: version: '3.14.0', revision: 'aacccce0', time: '2018-08-02T20:19:58.91Z'
System info: host: 'QTLSYS2-238', ip: '192.168.3.29', os.name: 'Windows 7', os.arch: 'amd64', os.version: '6.1', java.version: '1.8.0_171'
Driver info: org.openqa.selenium.ie.InternetExplorerDriver
Capabilities {browserAttachTimeout: 0, browserName: internet explorer, cssSelectorsEnabled: true, elementScrollBehavior: 0, enableElementCacheCleanup: true, enablePersistentHover: true, handlesAlerts: true, ie.browserCommandLineSwitches: , ie.ensureCleanSession: false, ie.forceCreateProcessApi: false, ie.usePerProcessProxy: false, ignoreProtectedModeSettings: false, ignoreZoomSetting: false, initialBrowserUrl: http://localhost:8794/, javascriptEnabled: true, nativeEvents: true, platform: WINDOWS, platformName: WINDOWS, requireWindowFocus: false, takesScreenshot: true, unexpectedAlertBehaviour: dismiss, unhandledPromptBehavior: dismiss, version: 11}
Session ID: 294f686c-7d5f-4602-ae36-31f0ab60c0b2
*** Element info: {Using=xpath, value=//input[@value='Go' and @type='button']}
at sun.reflect.NativeConstructorAccessorImpl.newInstance0(Native Method)
at sun.reflect.NativeConstructorAccessorImpl.newInstance(Unknown Source)
at sun.reflect.DelegatingConstructorAccessorImpl.newInstance(Unknown Source)
at java.lang.reflect.Constructor.newInstance(Unknown Source)
at org.openqa.selenium.remote.ErrorHandler.createThrowable(ErrorHandler.java:214)
at org.openqa.selenium.remote.ErrorHandler.throwIfResponseFailed(ErrorHandler.java:166)
at org.openqa.selenium.remote.http.JsonHttpResponseCodec.reconstructValue(JsonHttpResponseCodec.java:40)
at org.openqa.selenium.remote.http.AbstractHttpResponseCodec.decode(AbstractHttpResponseCodec.java:80)
at org.openqa.selenium.remote.http.AbstractHttpResponseCodec.decode(AbstractHttpResponseCodec.java:44)
at org.openqa.selenium.remote.HttpCommandExecutor.execute(HttpCommandExecutor.java:158)
at org.openqa.selenium.remote.service.DriverCommandExecutor.execute(DriverCommandExecutor.java:83)
at org.openqa.selenium.remote.RemoteWebDriver.execute(RemoteWebDriver.java:548)
at org.openqa.selenium.remote.RemoteWebDriver.findElement(RemoteWebDriver.java:322)
at org.openqa.selenium.remote.RemoteWebDriver.findElementByXPath(RemoteWebDriver.java:424)
at org.openqa.selenium.By$ByXPath.findElement(By.java:353)
at org.openqa.selenium.remote.RemoteWebDriver.findElement(RemoteWebDriver.java:314)
at QCHome.QC_BorrowRegestration.qcborrowerreg_savenext(QC_BorrowRegestration.java:843)
at QCHome.CSR.borrowregsavenext(CSR.java:130)
at sun.reflect.NativeMethodAccessorImpl.invoke0(Native Method)
at sun.reflect.NativeMethodAccessorImpl.invoke(Unknown Source)
at sun.reflect.DelegatingMethodAccessorImpl.invoke(Unknown Source)
at java.lang.reflect.Method.invoke(Unknown Source)
at org.testng.internal.MethodInvocationHelper.invokeMethod(MethodInvocationHelper.java:124)
at org.testng.internal.Invoker.invokeMethod(Invoker.java:583)
at org.testng.internal.Invoker.invokeTestMethod(Invoker.java:719)
at org.testng.internal.Invoker.invokeTestMethods(Invoker.java:989)
at org.testng.internal.TestMethodWorker.invokeTestMethods(TestMethodWorker.java:125)
at org.testng.internal.TestMethodWorker.run(TestMethodWorker.java:109)
at org.testng.TestRunner.privateRun(TestRunner.java:648)
at org.testng.TestRunner.run(TestRunner.java:505)
at org.testng.SuiteRunner.runTest(SuiteRunner.java:455)
at org.testng.SuiteRunner.runSequentially(SuiteRunner.java:450)
at org.testng.SuiteRunner.privateRun(SuiteRunner.java:415)
at org.testng.SuiteRunner.run(SuiteRunner.java:364)
at org.testng.SuiteRunnerWorker.runSuite(SuiteRunnerWorker.java:52)
at org.testng.SuiteRunnerWorker.run(SuiteRunnerWorker.java:84)
at org.testng.TestNG.runSuitesSequentially(TestNG.java:1208)
at org.testng.TestNG.runSuitesLocally(TestNG.java:1137)
at org.testng.TestNG.runSuites(TestNG.java:1049)
at org.testng.TestNG.run(TestNG.java:1017)
at org.testng.remote.AbstractRemoteTestNG.run(AbstractRemoteTestNG.java:114)
at org.testng.remote.RemoteTestNG.initAndRun(RemoteTestNG.java:251)
at org.testng.remote.RemoteTestNG.main(RemoteTestNG.java:77)
]]>
            </full-stacktrace>
          </exception> <!-- org.openqa.selenium.NoSuchElementException -->
          <reporter-output>
          </reporter-output>
        </test-method> <!-- borrowregsavenext -->
        <test-method status="PASS" signature="getResult(org.testng.ITestResult)[pri:0, instance:QCHome.CSR@57baeedf]" name="getResult" is-config="true" duration-ms="133" started-at="2019-03-06T10:04:57Z" finished-at="2019-03-06T10:04:57Z">
          <params>
            <param index="0">
              <value>
                <![CDATA[[TestResult name=borrowregsavenext status=FAILURE method=CSR.borrowregsavenext()[pri:42, instance:QCHome.CSR@57baeedf] output={null}]]]>
              </value>
            </param>
          </params>
          <reporter-output>
          </reporter-output>
        </test-method> <!-- getResult -->
        <test-method status="PASS" signature="borrowregsavedeny()[pri:43, instance:QCHome.CSR@57baeedf]" name="borrowregsavedeny" duration-ms="45751" started-at="2019-03-06T10:04:57Z" finished-at="2019-03-06T10:05:43Z">
          <reporter-output>
          </reporter-output>
        </test-method> <!-- borrowregsavedeny -->
        <test-method status="PASS" signature="getResult(org.testng.ITestResult)[pri:0, instance:QCHome.CSR@57baeedf]" name="getResult" is-config="true" duration-ms="0" started-at="2019-03-06T10:05:43Z" finished-at="2019-03-06T10:05:43Z">
          <params>
            <param index="0">
              <value>
                <![CDATA[[TestResult name=borrowregsavedeny status=SUCCESS method=CSR.borrowregsavedeny()[pri:43, instance:QCHome.CSR@57baeedf] output={null}]]]>
              </value>
            </param>
          </params>
          <reporter-output>
          </reporter-output>
        </test-method> <!-- getResult -->
        <test-method status="PASS" signature="borrowregsaveexit()[pri:44, instance:QCHome.CSR@57baeedf]" name="borrowregsaveexit" duration-ms="41733" started-at="2019-03-06T10:05:43Z" finished-at="2019-03-06T10:06:25Z">
          <reporter-output>
          </reporter-output>
        </test-method> <!-- borrowregsaveexit -->
        <test-method status="PASS" signature="getResult(org.testng.ITestResult)[pri:0, instance:QCHome.CSR@57baeedf]" name="getResult" is-config="true" duration-ms="1" started-at="2019-03-06T10:06:25Z" finished-at="2019-03-06T10:06:25Z">
          <params>
            <param index="0">
              <value>
                <![CDATA[[TestResult name=borrowregsaveexit status=SUCCESS method=CSR.borrowregsaveexit()[pri:44, instance:QCHome.CSR@57baeedf] output={null}]]]>
              </value>
            </param>
          </params>
          <reporter-output>
          </reporter-output>
        </test-method> <!-- getResult -->
        <test-method status="PASS" signature="editborrowregsaveexit()[pri:45, instance:QCHome.CSR@57baeedf]" name="editborrowregsaveexit" duration-ms="87339" started-at="2019-03-06T10:06:25Z" finished-at="2019-03-06T10:07:52Z">
          <reporter-output>
          </reporter-output>
        </test-method> <!-- editborrowregsaveexit -->
        <test-method status="PASS" signature="getResult(org.testng.ITestResult)[pri:0, instance:QCHome.CSR@57baeedf]" name="getResult" is-config="true" duration-ms="1" started-at="2019-03-06T10:07:52Z" finished-at="2019-03-06T10:07:52Z">
          <params>
            <param index="0">
              <value>
                <![CDATA[[TestResult name=editborrowregsaveexit status=SUCCESS method=CSR.editborrowregsaveexit()[pri:45, instance:QCHome.CSR@57baeedf] output={null}]]]>
              </value>
            </param>
          </params>
          <reporter-output>
          </reporter-output>
        </test-method> <!-- getResult -->
        <test-method status="FAIL" signature="editborrowregsavenext()[pri:46, instance:QCHome.CSR@57baeedf]" name="editborrowregsavenext" duration-ms="221009" started-at="2019-03-06T10:07:52Z" finished-at="2019-03-06T10:11:33Z">
          <exception class="org.openqa.selenium.NoSuchElementException">
            <message>
              <![CDATA[Unable to find element with name == custok (WARNING: The server did not provide any stacktrace information)
Command duration or timeout: 0 milliseconds
For documentation on this error, please visit: http://seleniumhq.org/exceptions/no_such_element.html
Build info: version: '3.14.0', revision: 'aacccce0', time: '2018-08-02T20:19:58.91Z'
System info: host: 'QTLSYS2-238', ip: '192.168.3.29', os.name: 'Windows 7', os.arch: 'amd64', os.version: '6.1', java.version: '1.8.0_171'
Driver info: org.openqa.selenium.ie.InternetExplorerDriver
Capabilities {browserAttachTimeout: 0, browserName: internet explorer, cssSelectorsEnabled: true, elementScrollBehavior: 0, enableElementCacheCleanup: true, enablePersistentHover: true, handlesAlerts: true, ie.browserCommandLineSwitches: , ie.ensureCleanSession: false, ie.forceCreateProcessApi: false, ie.usePerProcessProxy: false, ignoreProtectedModeSettings: false, ignoreZoomSetting: false, initialBrowserUrl: http://localhost:8794/, javascriptEnabled: true, nativeEvents: true, platform: WINDOWS, platformName: WINDOWS, requireWindowFocus: false, takesScreenshot: true, unexpectedAlertBehaviour: dismiss, unhandledPromptBehavior: dismiss, version: 11}
Session ID: 294f686c-7d5f-4602-ae36-31f0ab60c0b2
*** Element info: {Using=name, value=custok}]]>
            </message>
            <full-stacktrace>
              <![CDATA[org.openqa.selenium.NoSuchElementException: Unable to find element with name == custok (WARNING: The server did not provide any stacktrace information)
Command duration or timeout: 0 milliseconds
For documentation on this error, please visit: http://seleniumhq.org/exceptions/no_such_element.html
Build info: version: '3.14.0', revision: 'aacccce0', time: '2018-08-02T20:19:58.91Z'
System info: host: 'QTLSYS2-238', ip: '192.168.3.29', os.name: 'Windows 7', os.arch: 'amd64', os.version: '6.1', java.version: '1.8.0_171'
Driver info: org.openqa.selenium.ie.InternetExplorerDriver
Capabilities {browserAttachTimeout: 0, browserName: internet explorer, cssSelectorsEnabled: true, elementScrollBehavior: 0, enableElementCacheCleanup: true, enablePersistentHover: true, handlesAlerts: true, ie.browserCommandLineSwitches: , ie.ensureCleanSession: false, ie.forceCreateProcessApi: false, ie.usePerProcessProxy: false, ignoreProtectedModeSettings: false, ignoreZoomSetting: false, initialBrowserUrl: http://localhost:8794/, javascriptEnabled: true, nativeEvents: true, platform: WINDOWS, platformName: WINDOWS, requireWindowFocus: false, takesScreenshot: true, unexpectedAlertBehaviour: dismiss, unhandledPromptBehavior: dismiss, version: 11}
Session ID: 294f686c-7d5f-4602-ae36-31f0ab60c0b2
*** Element info: {Using=name, value=custok}
at sun.reflect.NativeConstructorAccessorImpl.newInstance0(Native Method)
at sun.reflect.NativeConstructorAccessorImpl.newInstance(Unknown Source)
at sun.reflect.DelegatingConstructorAccessorImpl.newInstance(Unknown Source)
at java.lang.reflect.Constructor.newInstance(Unknown Source)
at org.openqa.selenium.remote.ErrorHandler.createThrowable(ErrorHandler.java:214)
at org.openqa.selenium.remote.ErrorHandler.throwIfResponseFailed(ErrorHandler.java:166)
at org.openqa.selenium.remote.http.JsonHttpResponseCodec.reconstructValue(JsonHttpResponseCodec.java:40)
at org.openqa.selenium.remote.http.AbstractHttpResponseCodec.decode(AbstractHttpResponseCodec.java:80)
at org.openqa.selenium.remote.http.AbstractHttpResponseCodec.decode(AbstractHttpResponseCodec.java:44)
at org.openqa.selenium.remote.HttpCommandExecutor.execute(HttpCommandExecutor.java:158)
at org.openqa.selenium.remote.service.DriverCommandExecutor.execute(DriverCommandExecutor.java:83)
at org.openqa.selenium.remote.RemoteWebDriver.execute(RemoteWebDriver.java:548)
at org.openqa.selenium.remote.RemoteWebDriver.findElement(RemoteWebDriver.java:322)
at org.openqa.selenium.remote.RemoteWebDriver.findElementByName(RemoteWebDriver.java:400)
at org.openqa.selenium.By$ByName.findElement(By.java:284)
at org.openqa.selenium.remote.RemoteWebDriver.findElement(RemoteWebDriver.java:314)
at QCHome.QC_Edit_BorrowRegestration.editborrower_savenext(QC_Edit_BorrowRegestration.java:359)
at QCHome.CSR.editborrowregsavenext(CSR.java:244)
at sun.reflect.NativeMethodAccessorImpl.invoke0(Native Method)
at sun.reflect.NativeMethodAccessorImpl.invoke(Unknown Source)
at sun.reflect.DelegatingMethodAccessorImpl.invoke(Unknown Source)
at java.lang.reflect.Method.invoke(Unknown Source)
at org.testng.internal.MethodInvocationHelper.invokeMethod(MethodInvocationHelper.java:124)
at org.testng.internal.Invoker.invokeMethod(Invoker.java:583)
at org.testng.internal.Invoker.invokeTestMethod(Invoker.java:719)
at org.testng.internal.Invoker.invokeTestMethods(Invoker.java:989)
at org.testng.internal.TestMethodWorker.invokeTestMethods(TestMethodWorker.java:125)
at org.testng.internal.TestMethodWorker.run(TestMethodWorker.java:109)
at org.testng.TestRunner.privateRun(TestRunner.java:648)
at org.testng.TestRunner.run(TestRunner.java:505)
at org.testng.SuiteRunner.runTest(SuiteRunner.java:455)
at org.testng.SuiteRunner.runSequentially(SuiteRunner.java:450)
at org.testng.SuiteRunner.privateRun(SuiteRunner.java:415)
at org.testng.SuiteRunner.run(SuiteRunner.java:364)
at org.testng.SuiteRunnerWorker.runSuite(SuiteRunnerWorker.java:52)
at org.testng.SuiteRunnerWorker.run(SuiteRunnerWorker.java:84)
at org.testng.TestNG.runSuitesSequentially(TestNG.java:1208)
at org.testng.TestNG.runSuitesLocally(TestNG.java:1137)
at org.testng.TestNG.runSuites(TestNG.java:1049)
at org.testng.TestNG.run(TestNG.java:1017)
at org.testng.remote.AbstractRemoteTestNG.run(AbstractRemoteTestNG.java:114)
at org.testng.remote.RemoteTestNG.initAndRun(RemoteTestNG.java:251)
at org.testng.remote.RemoteTestNG.main(RemoteTestNG.java:77)
]]>
            </full-stacktrace>
          </exception> <!-- org.openqa.selenium.NoSuchElementException -->
          <reporter-output>
          </reporter-output>
        </test-method> <!-- editborrowregsavenext -->
        <test-method status="PASS" signature="getResult(org.testng.ITestResult)[pri:0, instance:QCHome.CSR@57baeedf]" name="getResult" is-config="true" duration-ms="129" started-at="2019-03-06T10:11:33Z" finished-at="2019-03-06T10:11:33Z">
          <params>
            <param index="0">
              <value>
                <![CDATA[[TestResult name=editborrowregsavenext status=FAILURE method=CSR.editborrowregsavenext()[pri:46, instance:QCHome.CSR@57baeedf] output={null}]]]>
              </value>
            </param>
          </params>
          <reporter-output>
          </reporter-output>
        </test-method> <!-- getResult -->
        <test-method status="PASS" signature="editborrowregsaveloan()[pri:47, instance:QCHome.CSR@57baeedf]" name="editborrowregsaveloan" duration-ms="104652" started-at="2019-03-06T10:11:33Z" finished-at="2019-03-06T10:13:18Z">
          <reporter-output>
          </reporter-output>
        </test-method> <!-- editborrowregsaveloan -->
        <test-method status="PASS" signature="getResult(org.testng.ITestResult)[pri:0, instance:QCHome.CSR@57baeedf]" name="getResult" is-config="true" duration-ms="1" started-at="2019-03-06T10:13:18Z" finished-at="2019-03-06T10:13:18Z">
          <params>
            <param index="0">
              <value>
                <![CDATA[[TestResult name=editborrowregsaveloan status=SUCCESS method=CSR.editborrowregsaveloan()[pri:47, instance:QCHome.CSR@57baeedf] output={null}]]]>
              </value>
            </param>
          </params>
          <reporter-output>
          </reporter-output>
        </test-method> <!-- getResult -->
        <test-method status="PASS" signature="pdlborrowregsaveexiteditssn()[pri:48, instance:QCHome.CSR@57baeedf]" name="pdlborrowregsaveexiteditssn" duration-ms="90877" started-at="2019-03-06T10:13:18Z" finished-at="2019-03-06T10:14:49Z">
          <reporter-output>
          </reporter-output>
        </test-method> <!-- pdlborrowregsaveexiteditssn -->
        <test-method status="PASS" signature="getResult(org.testng.ITestResult)[pri:0, instance:QCHome.CSR@57baeedf]" name="getResult" is-config="true" duration-ms="0" started-at="2019-03-06T10:14:49Z" finished-at="2019-03-06T10:14:49Z">
          <params>
            <param index="0">
              <value>
                <![CDATA[[TestResult name=pdlborrowregsaveexiteditssn status=SUCCESS method=CSR.pdlborrowregsaveexiteditssn()[pri:48, instance:QCHome.CSR@57baeedf] output={null}]]]>
              </value>
            </param>
          </params>
          <reporter-output>
          </reporter-output>
        </test-method> <!-- getResult -->
        <test-method status="PASS" signature="ilpborrowregsavenext()[pri:49, instance:QCHome.CSR@57baeedf]" name="ilpborrowregsavenext" duration-ms="95340" started-at="2019-03-06T10:14:49Z" finished-at="2019-03-06T10:16:24Z">
          <reporter-output>
          </reporter-output>
        </test-method> <!-- ilpborrowregsavenext -->
        <test-method status="PASS" signature="ilpborrowregsaveloan()[pri:50, instance:QCHome.CSR@57baeedf]" name="ilpborrowregsaveloan" duration-ms="55897" started-at="2019-03-06T10:16:24Z" finished-at="2019-03-06T10:17:20Z">
          <reporter-output>
          </reporter-output>
        </test-method> <!-- ilpborrowregsaveloan -->
        <test-method status="PASS" signature="getResult(org.testng.ITestResult)[pri:0, instance:QCHome.CSR@57baeedf]" name="getResult" is-config="true" duration-ms="0" started-at="2019-03-06T10:16:24Z" finished-at="2019-03-06T10:16:24Z">
          <params>
            <param index="0">
              <value>
                <![CDATA[[TestResult name=ilpborrowregsavenext status=SUCCESS method=CSR.ilpborrowregsavenext()[pri:49, instance:QCHome.CSR@57baeedf] output={null}]]]>
              </value>
            </param>
          </params>
          <reporter-output>
          </reporter-output>
        </test-method> <!-- getResult -->
        <test-method status="PASS" signature="getResult(org.testng.ITestResult)[pri:0, instance:QCHome.CSR@57baeedf]" name="getResult" is-config="true" duration-ms="1" started-at="2019-03-06T10:17:20Z" finished-at="2019-03-06T10:17:20Z">
          <params>
            <param index="0">
              <value>
                <![CDATA[[TestResult name=ilpborrowregsaveloan status=SUCCESS method=CSR.ilpborrowregsaveloan()[pri:50, instance:QCHome.CSR@57baeedf] output={null}]]]>
              </value>
            </param>
          </params>
          <reporter-output>
          </reporter-output>
        </test-method> <!-- getResult -->
        <test-method status="PASS" signature="ilpborrowregsavedeny()[pri:51, instance:QCHome.CSR@57baeedf]" name="ilpborrowregsavedeny" duration-ms="45756" started-at="2019-03-06T10:17:20Z" finished-at="2019-03-06T10:18:06Z">
          <reporter-output>
          </reporter-output>
        </test-method> <!-- ilpborrowregsavedeny -->
        <test-method status="PASS" signature="ilpborrowregsaveexit()[pri:52, instance:QCHome.CSR@57baeedf]" name="ilpborrowregsaveexit" duration-ms="40677" started-at="2019-03-06T10:18:06Z" finished-at="2019-03-06T10:18:46Z">
          <reporter-output>
          </reporter-output>
        </test-method> <!-- ilpborrowregsaveexit -->
        <test-method status="PASS" signature="getResult(org.testng.ITestResult)[pri:0, instance:QCHome.CSR@57baeedf]" name="getResult" is-config="true" duration-ms="0" started-at="2019-03-06T10:18:06Z" finished-at="2019-03-06T10:18:06Z">
          <params>
            <param index="0">
              <value>
                <![CDATA[[TestResult name=ilpborrowregsavedeny status=SUCCESS method=CSR.ilpborrowregsavedeny()[pri:51, instance:QCHome.CSR@57baeedf] output={null}]]]>
              </value>
            </param>
          </params>
          <reporter-output>
          </reporter-output>
        </test-method> <!-- getResult -->
        <test-method status="PASS" signature="ilpeditborrowregsaveexit()[pri:53, instance:QCHome.CSR@57baeedf]" name="ilpeditborrowregsaveexit" duration-ms="114341" started-at="2019-03-06T10:18:46Z" finished-at="2019-03-06T10:20:41Z">
          <reporter-output>
          </reporter-output>
        </test-method> <!-- ilpeditborrowregsaveexit -->
        <test-method status="PASS" signature="getResult(org.testng.ITestResult)[pri:0, instance:QCHome.CSR@57baeedf]" name="getResult" is-config="true" duration-ms="0" started-at="2019-03-06T10:18:46Z" finished-at="2019-03-06T10:18:46Z">
          <params>
            <param index="0">
              <value>
                <![CDATA[[TestResult name=ilpborrowregsaveexit status=SUCCESS method=CSR.ilpborrowregsaveexit()[pri:52, instance:QCHome.CSR@57baeedf] output={null}]]]>
              </value>
            </param>
          </params>
          <reporter-output>
          </reporter-output>
        </test-method> <!-- getResult -->
        <test-method status="PASS" signature="getResult(org.testng.ITestResult)[pri:0, instance:QCHome.CSR@57baeedf]" name="getResult" is-config="true" duration-ms="0" started-at="2019-03-06T10:20:41Z" finished-at="2019-03-06T10:20:41Z">
          <params>
            <param index="0">
              <value>
                <![CDATA[[TestResult name=ilpeditborrowregsaveexit status=SUCCESS method=CSR.ilpeditborrowregsaveexit()[pri:53, instance:QCHome.CSR@57baeedf] output={null}]]]>
              </value>
            </param>
          </params>
          <reporter-output>
          </reporter-output>
        </test-method> <!-- getResult -->
        <test-method status="FAIL" signature="ilpeditborrowregsavenext()[pri:54, instance:QCHome.CSR@57baeedf]" name="ilpeditborrowregsavenext" duration-ms="215825" started-at="2019-03-06T10:20:41Z" finished-at="2019-03-06T10:24:16Z">
          <exception class="org.openqa.selenium.NoSuchElementException">
            <message>
              <![CDATA[Unable to find element with xpath == //input[@value='Go' and @type='button'] (WARNING: The server did not provide any stacktrace information)
Command duration or timeout: 0 milliseconds
For documentation on this error, please visit: http://seleniumhq.org/exceptions/no_such_element.html
Build info: version: '3.14.0', revision: 'aacccce0', time: '2018-08-02T20:19:58.91Z'
System info: host: 'QTLSYS2-238', ip: '192.168.3.29', os.name: 'Windows 7', os.arch: 'amd64', os.version: '6.1', java.version: '1.8.0_171'
Driver info: org.openqa.selenium.ie.InternetExplorerDriver
Capabilities {browserAttachTimeout: 0, browserName: internet explorer, cssSelectorsEnabled: true, elementScrollBehavior: 0, enableElementCacheCleanup: true, enablePersistentHover: true, handlesAlerts: true, ie.browserCommandLineSwitches: , ie.ensureCleanSession: false, ie.forceCreateProcessApi: false, ie.usePerProcessProxy: false, ignoreProtectedModeSettings: false, ignoreZoomSetting: false, initialBrowserUrl: http://localhost:8794/, javascriptEnabled: true, nativeEvents: true, platform: WINDOWS, platformName: WINDOWS, requireWindowFocus: false, takesScreenshot: true, unexpectedAlertBehaviour: dismiss, unhandledPromptBehavior: dismiss, version: 11}
Session ID: 294f686c-7d5f-4602-ae36-31f0ab60c0b2
*** Element info: {Using=xpath, value=//input[@value='Go' and @type='button']}]]>
            </message>
            <full-stacktrace>
              <![CDATA[org.openqa.selenium.NoSuchElementException: Unable to find element with xpath == //input[@value='Go' and @type='button'] (WARNING: The server did not provide any stacktrace information)
Command duration or timeout: 0 milliseconds
For documentation on this error, please visit: http://seleniumhq.org/exceptions/no_such_element.html
Build info: version: '3.14.0', revision: 'aacccce0', time: '2018-08-02T20:19:58.91Z'
System info: host: 'QTLSYS2-238', ip: '192.168.3.29', os.name: 'Windows 7', os.arch: 'amd64', os.version: '6.1', java.version: '1.8.0_171'
Driver info: org.openqa.selenium.ie.InternetExplorerDriver
Capabilities {browserAttachTimeout: 0, browserName: internet explorer, cssSelectorsEnabled: true, elementScrollBehavior: 0, enableElementCacheCleanup: true, enablePersistentHover: true, handlesAlerts: true, ie.browserCommandLineSwitches: , ie.ensureCleanSession: false, ie.forceCreateProcessApi: false, ie.usePerProcessProxy: false, ignoreProtectedModeSettings: false, ignoreZoomSetting: false, initialBrowserUrl: http://localhost:8794/, javascriptEnabled: true, nativeEvents: true, platform: WINDOWS, platformName: WINDOWS, requireWindowFocus: false, takesScreenshot: true, unexpectedAlertBehaviour: dismiss, unhandledPromptBehavior: dismiss, version: 11}
Session ID: 294f686c-7d5f-4602-ae36-31f0ab60c0b2
*** Element info: {Using=xpath, value=//input[@value='Go' and @type='button']}
at sun.reflect.NativeConstructorAccessorImpl.newInstance0(Native Method)
at sun.reflect.NativeConstructorAccessorImpl.newInstance(Unknown Source)
at sun.reflect.DelegatingConstructorAccessorImpl.newInstance(Unknown Source)
at java.lang.reflect.Constructor.newInstance(Unknown Source)
at org.openqa.selenium.remote.ErrorHandler.createThrowable(ErrorHandler.java:214)
at org.openqa.selenium.remote.ErrorHandler.throwIfResponseFailed(ErrorHandler.java:166)
at org.openqa.selenium.remote.http.JsonHttpResponseCodec.reconstructValue(JsonHttpResponseCodec.java:40)
at org.openqa.selenium.remote.http.AbstractHttpResponseCodec.decode(AbstractHttpResponseCodec.java:80)
at org.openqa.selenium.remote.http.AbstractHttpResponseCodec.decode(AbstractHttpResponseCodec.java:44)
at org.openqa.selenium.remote.HttpCommandExecutor.execute(HttpCommandExecutor.java:158)
at org.openqa.selenium.remote.service.DriverCommandExecutor.execute(DriverCommandExecutor.java:83)
at org.openqa.selenium.remote.RemoteWebDriver.execute(RemoteWebDriver.java:548)
at org.openqa.selenium.remote.RemoteWebDriver.findElement(RemoteWebDriver.java:322)
at org.openqa.selenium.remote.RemoteWebDriver.findElementByXPath(RemoteWebDriver.java:424)
at org.openqa.selenium.By$ByXPath.findElement(By.java:353)
at org.openqa.selenium.remote.RemoteWebDriver.findElement(RemoteWebDriver.java:314)
at QCHome.QC_Edit_BorrowRegestration.editborrower_savenext(QC_Edit_BorrowRegestration.java:319)
at QCHome.CSR.ilpeditborrowregsavenext(CSR.java:480)
at sun.reflect.NativeMethodAccessorImpl.invoke0(Native Method)
at sun.reflect.NativeMethodAccessorImpl.invoke(Unknown Source)
at sun.reflect.DelegatingMethodAccessorImpl.invoke(Unknown Source)
at java.lang.reflect.Method.invoke(Unknown Source)
at org.testng.internal.MethodInvocationHelper.invokeMethod(MethodInvocationHelper.java:124)
at org.testng.internal.Invoker.invokeMethod(Invoker.java:583)
at org.testng.internal.Invoker.invokeTestMethod(Invoker.java:719)
at org.testng.internal.Invoker.invokeTestMethods(Invoker.java:989)
at org.testng.internal.TestMethodWorker.invokeTestMethods(TestMethodWorker.java:125)
at org.testng.internal.TestMethodWorker.run(TestMethodWorker.java:109)
at org.testng.TestRunner.privateRun(TestRunner.java:648)
at org.testng.TestRunner.run(TestRunner.java:505)
at org.testng.SuiteRunner.runTest(SuiteRunner.java:455)
at org.testng.SuiteRunner.runSequentially(SuiteRunner.java:450)
at org.testng.SuiteRunner.privateRun(SuiteRunner.java:415)
at org.testng.SuiteRunner.run(SuiteRunner.java:364)
at org.testng.SuiteRunnerWorker.runSuite(SuiteRunnerWorker.java:52)
at org.testng.SuiteRunnerWorker.run(SuiteRunnerWorker.java:84)
at org.testng.TestNG.runSuitesSequentially(TestNG.java:1208)
at org.testng.TestNG.runSuitesLocally(TestNG.java:1137)
at org.testng.TestNG.runSuites(TestNG.java:1049)
at org.testng.TestNG.run(TestNG.java:1017)
at org.testng.remote.AbstractRemoteTestNG.run(AbstractRemoteTestNG.java:114)
at org.testng.remote.RemoteTestNG.initAndRun(RemoteTestNG.java:251)
at org.testng.remote.RemoteTestNG.main(RemoteTestNG.java:77)
]]>
            </full-stacktrace>
          </exception> <!-- org.openqa.selenium.NoSuchElementException -->
          <reporter-output>
          </reporter-output>
        </test-method> <!-- ilpeditborrowregsavenext -->
        <test-method status="PASS" signature="getResult(org.testng.ITestResult)[pri:0, instance:QCHome.CSR@57baeedf]" name="getResult" is-config="true" duration-ms="144" started-at="2019-03-06T10:24:16Z" finished-at="2019-03-06T10:24:17Z">
          <params>
            <param index="0">
              <value>
                <![CDATA[[TestResult name=ilpeditborrowregsavenext status=FAILURE method=CSR.ilpeditborrowregsavenext()[pri:54, instance:QCHome.CSR@57baeedf] output={null}]]]>
              </value>
            </param>
          </params>
          <reporter-output>
          </reporter-output>
        </test-method> <!-- getResult -->
        <test-method status="PASS" signature="ilpeditborrowregsaveloan()[pri:55, instance:QCHome.CSR@57baeedf]" name="ilpeditborrowregsaveloan" duration-ms="114036" started-at="2019-03-06T10:24:17Z" finished-at="2019-03-06T10:26:11Z">
          <reporter-output>
          </reporter-output>
        </test-method> <!-- ilpeditborrowregsaveloan -->
        <test-method status="PASS" signature="getResult(org.testng.ITestResult)[pri:0, instance:QCHome.CSR@57baeedf]" name="getResult" is-config="true" duration-ms="1" started-at="2019-03-06T10:26:11Z" finished-at="2019-03-06T10:26:11Z">
          <params>
            <param index="0">
              <value>
                <![CDATA[[TestResult name=ilpeditborrowregsaveloan status=SUCCESS method=CSR.ilpeditborrowregsaveloan()[pri:55, instance:QCHome.CSR@57baeedf] output={null}]]]>
              </value>
            </param>
          </params>
          <reporter-output>
          </reporter-output>
        </test-method> <!-- getResult -->
        <test-method status="PASS" signature="ilpborrowregsaveexiteditssn()[pri:56, instance:QCHome.CSR@57baeedf]" name="ilpborrowregsaveexiteditssn" duration-ms="90361" started-at="2019-03-06T10:26:11Z" finished-at="2019-03-06T10:27:41Z">
          <reporter-output>
          </reporter-output>
        </test-method> <!-- ilpborrowregsaveexiteditssn -->
        <test-method status="PASS" signature="getResult(org.testng.ITestResult)[pri:0, instance:QCHome.CSR@57baeedf]" name="getResult" is-config="true" duration-ms="1" started-at="2019-03-06T10:27:41Z" finished-at="2019-03-06T10:27:41Z">
          <params>
            <param index="0">
              <value>
                <![CDATA[[TestResult name=ilpborrowregsaveexiteditssn status=SUCCESS method=CSR.ilpborrowregsaveexiteditssn()[pri:56, instance:QCHome.CSR@57baeedf] output={null}]]]>
              </value>
            </param>
          </params>
          <reporter-output>
          </reporter-output>
        </test-method> <!-- getResult -->
        <test-method status="PASS" signature="tlpeditborrowregsaveexit()[pri:57, instance:QCHome.CSR@57baeedf]" name="tlpeditborrowregsaveexit" duration-ms="87365" started-at="2019-03-06T10:27:41Z" finished-at="2019-03-06T10:29:08Z">
          <reporter-output>
          </reporter-output>
        </test-method> <!-- tlpeditborrowregsaveexit -->
        <test-method status="PASS" signature="getResult(org.testng.ITestResult)[pri:0, instance:QCHome.CSR@57baeedf]" name="getResult" is-config="true" duration-ms="0" started-at="2019-03-06T10:29:08Z" finished-at="2019-03-06T10:29:08Z">
          <params>
            <param index="0">
              <value>
                <![CDATA[[TestResult name=tlpeditborrowregsaveexit status=SUCCESS method=CSR.tlpeditborrowregsaveexit()[pri:57, instance:QCHome.CSR@57baeedf] output={null}]]]>
              </value>
            </param>
          </params>
          <reporter-output>
          </reporter-output>
        </test-method> <!-- getResult -->
        <test-method status="PASS" signature="tlpeditborrowregsavenext()[pri:58, instance:QCHome.CSR@57baeedf]" name="tlpeditborrowregsavenext" duration-ms="160538" started-at="2019-03-06T10:29:08Z" finished-at="2019-03-06T10:31:49Z">
          <reporter-output>
          </reporter-output>
        </test-method> <!-- tlpeditborrowregsavenext -->
        <test-method status="PASS" signature="tlpeditborrowregsaveloan()[pri:59, instance:QCHome.CSR@57baeedf]" name="tlpeditborrowregsaveloan" duration-ms="106073" started-at="2019-03-06T10:31:49Z" finished-at="2019-03-06T10:33:35Z">
          <reporter-output>
          </reporter-output>
        </test-method> <!-- tlpeditborrowregsaveloan -->
        <test-method status="PASS" signature="getResult(org.testng.ITestResult)[pri:0, instance:QCHome.CSR@57baeedf]" name="getResult" is-config="true" duration-ms="0" started-at="2019-03-06T10:31:49Z" finished-at="2019-03-06T10:31:49Z">
          <params>
            <param index="0">
              <value>
                <![CDATA[[TestResult name=tlpeditborrowregsavenext status=SUCCESS method=CSR.tlpeditborrowregsavenext()[pri:58, instance:QCHome.CSR@57baeedf] output={null}]]]>
              </value>
            </param>
          </params>
          <reporter-output>
          </reporter-output>
        </test-method> <!-- getResult -->
        <test-method status="PASS" signature="TLPBorrowerRegistrationsavenext()[pri:60, instance:QCHome.CSR@57baeedf]" name="TLPBorrowerRegistrationsavenext" duration-ms="94597" started-at="2019-03-06T10:33:35Z" finished-at="2019-03-06T10:35:10Z">
          <reporter-output>
          </reporter-output>
        </test-method> <!-- TLPBorrowerRegistrationsavenext -->
        <test-method status="PASS" signature="getResult(org.testng.ITestResult)[pri:0, instance:QCHome.CSR@57baeedf]" name="getResult" is-config="true" duration-ms="0" started-at="2019-03-06T10:33:35Z" finished-at="2019-03-06T10:33:35Z">
          <params>
            <param index="0">
              <value>
                <![CDATA[[TestResult name=tlpeditborrowregsaveloan status=SUCCESS method=CSR.tlpeditborrowregsaveloan()[pri:59, instance:QCHome.CSR@57baeedf] output={null}]]]>
              </value>
            </param>
          </params>
          <reporter-output>
          </reporter-output>
        </test-method> <!-- getResult -->
        <test-method status="PASS" signature="getResult(org.testng.ITestResult)[pri:0, instance:QCHome.CSR@57baeedf]" name="getResult" is-config="true" duration-ms="0" started-at="2019-03-06T10:35:10Z" finished-at="2019-03-06T10:35:10Z">
          <params>
            <param index="0">
              <value>
                <![CDATA[[TestResult name=TLPBorrowerRegistrationsavenext status=SUCCESS method=CSR.TLPBorrowerRegistrationsavenext()[pri:60, instance:QCHome.CSR@57baeedf] output={null}]]]>
              </value>
            </param>
          </params>
          <reporter-output>
          </reporter-output>
        </test-method> <!-- getResult -->
        <test-method status="PASS" signature="TLPBorrowerRegistrationsaveloan()[pri:61, instance:QCHome.CSR@57baeedf]" name="TLPBorrowerRegistrationsaveloan" duration-ms="55916" started-at="2019-03-06T10:35:10Z" finished-at="2019-03-06T10:36:06Z">
          <reporter-output>
          </reporter-output>
        </test-method> <!-- TLPBorrowerRegistrationsaveloan -->
        <test-method status="PASS" signature="getResult(org.testng.ITestResult)[pri:0, instance:QCHome.CSR@57baeedf]" name="getResult" is-config="true" duration-ms="1" started-at="2019-03-06T10:36:06Z" finished-at="2019-03-06T10:36:06Z">
          <params>
            <param index="0">
              <value>
                <![CDATA[[TestResult name=TLPBorrowerRegistrationsaveloan status=SUCCESS method=CSR.TLPBorrowerRegistrationsaveloan()[pri:61, instance:QCHome.CSR@57baeedf] output={null}]]]>
              </value>
            </param>
          </params>
          <reporter-output>
          </reporter-output>
        </test-method> <!-- getResult -->
        <test-method status="PASS" signature="TLPBorrowerRegistrationsavedeny()[pri:62, instance:QCHome.CSR@57baeedf]" name="TLPBorrowerRegistrationsavedeny" duration-ms="46972" started-at="2019-03-06T10:36:06Z" finished-at="2019-03-06T10:36:52Z">
          <reporter-output>
          </reporter-output>
        </test-method> <!-- TLPBorrowerRegistrationsavedeny -->
        <test-method status="PASS" signature="getResult(org.testng.ITestResult)[pri:0, instance:QCHome.CSR@57baeedf]" name="getResult" is-config="true" duration-ms="1" started-at="2019-03-06T10:36:52Z" finished-at="2019-03-06T10:36:52Z">
          <params>
            <param index="0">
              <value>
                <![CDATA[[TestResult name=TLPBorrowerRegistrationsavedeny status=SUCCESS method=CSR.TLPBorrowerRegistrationsavedeny()[pri:62, instance:QCHome.CSR@57baeedf] output={null}]]]>
              </value>
            </param>
          </params>
          <reporter-output>
          </reporter-output>
        </test-method> <!-- getResult -->
        <test-method status="PASS" signature="TLPBorrowerRegistrationsaveexit()[pri:63, instance:QCHome.CSR@57baeedf]" name="TLPBorrowerRegistrationsaveexit" duration-ms="43015" started-at="2019-03-06T10:36:52Z" finished-at="2019-03-06T10:37:36Z">
          <reporter-output>
          </reporter-output>
        </test-method> <!-- TLPBorrowerRegistrationsaveexit -->
        <test-method status="PASS" signature="getResult(org.testng.ITestResult)[pri:0, instance:QCHome.CSR@57baeedf]" name="getResult" is-config="true" duration-ms="0" started-at="2019-03-06T10:37:36Z" finished-at="2019-03-06T10:37:36Z">
          <params>
            <param index="0">
              <value>
                <![CDATA[[TestResult name=TLPBorrowerRegistrationsaveexit status=SUCCESS method=CSR.TLPBorrowerRegistrationsaveexit()[pri:63, instance:QCHome.CSR@57baeedf] output={null}]]]>
              </value>
            </param>
          </params>
          <reporter-output>
          </reporter-output>
        </test-method> <!-- getResult -->
        <test-method status="PASS" signature="tlpborrowregsaveexiteditssn()[pri:64, instance:QCHome.CSR@57baeedf]" name="tlpborrowregsaveexiteditssn" duration-ms="91132" started-at="2019-03-06T10:37:36Z" finished-at="2019-03-06T10:39:07Z">
          <reporter-output>
          </reporter-output>
        </test-method> <!-- tlpborrowregsaveexiteditssn -->
        <test-method status="PASS" signature="getResult(org.testng.ITestResult)[pri:0, instance:QCHome.CSR@57baeedf]" name="getResult" is-config="true" duration-ms="0" started-at="2019-03-06T10:39:07Z" finished-at="2019-03-06T10:39:07Z">
          <params>
            <param index="0">
              <value>
                <![CDATA[[TestResult name=tlpborrowregsaveexiteditssn status=SUCCESS method=CSR.tlpborrowregsaveexiteditssn()[pri:64, instance:QCHome.CSR@57baeedf] output={null}]]]>
              </value>
            </param>
          </params>
          <reporter-output>
          </reporter-output>
        </test-method> <!-- getResult -->
        <test-method status="PASS" signature="locborrowregsavenext()[pri:65, instance:QCHome.CSR@57baeedf]" name="locborrowregsavenext" duration-ms="91069" started-at="2019-03-06T10:39:07Z" finished-at="2019-03-06T10:40:38Z">
          <reporter-output>
          </reporter-output>
        </test-method> <!-- locborrowregsavenext -->
        <test-method status="PASS" signature="getResult(org.testng.ITestResult)[pri:0, instance:QCHome.CSR@57baeedf]" name="getResult" is-config="true" duration-ms="0" started-at="2019-03-06T10:40:38Z" finished-at="2019-03-06T10:40:38Z">
          <params>
            <param index="0">
              <value>
                <![CDATA[[TestResult name=locborrowregsavenext status=SUCCESS method=CSR.locborrowregsavenext()[pri:65, instance:QCHome.CSR@57baeedf] output={null}]]]>
              </value>
            </param>
          </params>
          <reporter-output>
          </reporter-output>
        </test-method> <!-- getResult -->
        <test-method status="PASS" signature="locborrowregsaveloan()[pri:66, instance:QCHome.CSR@57baeedf]" name="locborrowregsaveloan" duration-ms="61768" started-at="2019-03-06T10:40:38Z" finished-at="2019-03-06T10:41:39Z">
          <reporter-output>
          </reporter-output>
        </test-method> <!-- locborrowregsaveloan -->
        <test-method status="PASS" signature="locborrowregsavedeny()[pri:67, instance:QCHome.CSR@57baeedf]" name="locborrowregsavedeny" duration-ms="46592" started-at="2019-03-06T10:41:39Z" finished-at="2019-03-06T10:42:26Z">
          <reporter-output>
          </reporter-output>
        </test-method> <!-- locborrowregsavedeny -->
        <test-method status="PASS" signature="getResult(org.testng.ITestResult)[pri:0, instance:QCHome.CSR@57baeedf]" name="getResult" is-config="true" duration-ms="0" started-at="2019-03-06T10:41:39Z" finished-at="2019-03-06T10:41:39Z">
          <params>
            <param index="0">
              <value>
                <![CDATA[[TestResult name=locborrowregsaveloan status=SUCCESS method=CSR.locborrowregsaveloan()[pri:66, instance:QCHome.CSR@57baeedf] output={null}]]]>
              </value>
            </param>
          </params>
          <reporter-output>
          </reporter-output>
        </test-method> <!-- getResult -->
        <test-method status="PASS" signature="locborrowregsaveexit()[pri:68, instance:QCHome.CSR@57baeedf]" name="locborrowregsaveexit" duration-ms="41614" started-at="2019-03-06T10:42:26Z" finished-at="2019-03-06T10:43:08Z">
          <reporter-output>
          </reporter-output>
        </test-method> <!-- locborrowregsaveexit -->
        <test-method status="PASS" signature="getResult(org.testng.ITestResult)[pri:0, instance:QCHome.CSR@57baeedf]" name="getResult" is-config="true" duration-ms="0" started-at="2019-03-06T10:42:26Z" finished-at="2019-03-06T10:42:26Z">
          <params>
            <param index="0">
              <value>
                <![CDATA[[TestResult name=locborrowregsavedeny status=SUCCESS method=CSR.locborrowregsavedeny()[pri:67, instance:QCHome.CSR@57baeedf] output={null}]]]>
              </value>
            </param>
          </params>
          <reporter-output>
          </reporter-output>
        </test-method> <!-- getResult -->
        <test-method status="PASS" signature="getResult(org.testng.ITestResult)[pri:0, instance:QCHome.CSR@57baeedf]" name="getResult" is-config="true" duration-ms="0" started-at="2019-03-06T10:43:08Z" finished-at="2019-03-06T10:43:08Z">
          <params>
            <param index="0">
              <value>
                <![CDATA[[TestResult name=locborrowregsaveexit status=SUCCESS method=CSR.locborrowregsaveexit()[pri:68, instance:QCHome.CSR@57baeedf] output={null}]]]>
              </value>
            </param>
          </params>
          <reporter-output>
          </reporter-output>
        </test-method> <!-- getResult -->
        <test-method status="PASS" signature="loceditborrowregsaveexit()[pri:69, instance:QCHome.CSR@57baeedf]" name="loceditborrowregsaveexit" duration-ms="88759" started-at="2019-03-06T10:43:08Z" finished-at="2019-03-06T10:44:36Z">
          <reporter-output>
          </reporter-output>
        </test-method> <!-- loceditborrowregsaveexit -->
        <test-method status="PASS" signature="getResult(org.testng.ITestResult)[pri:0, instance:QCHome.CSR@57baeedf]" name="getResult" is-config="true" duration-ms="0" started-at="2019-03-06T10:44:36Z" finished-at="2019-03-06T10:44:36Z">
          <params>
            <param index="0">
              <value>
                <![CDATA[[TestResult name=loceditborrowregsaveexit status=SUCCESS method=CSR.loceditborrowregsaveexit()[pri:69, instance:QCHome.CSR@57baeedf] output={null}]]]>
              </value>
            </param>
          </params>
          <reporter-output>
          </reporter-output>
        </test-method> <!-- getResult -->
        <test-method status="FAIL" signature="loceditborrowregsavenext()[pri:70, instance:QCHome.CSR@57baeedf]" name="loceditborrowregsavenext" duration-ms="194731" started-at="2019-03-06T10:44:36Z" finished-at="2019-03-06T10:47:51Z">
          <exception class="org.openqa.selenium.NoSuchElementException">
            <message>
              <![CDATA[Unable to find element with xpath == //input[@value='Go' and @type='button'] (WARNING: The server did not provide any stacktrace information)
Command duration or timeout: 0 milliseconds
For documentation on this error, please visit: http://seleniumhq.org/exceptions/no_such_element.html
Build info: version: '3.14.0', revision: 'aacccce0', time: '2018-08-02T20:19:58.91Z'
System info: host: 'QTLSYS2-238', ip: '192.168.3.29', os.name: 'Windows 7', os.arch: 'amd64', os.version: '6.1', java.version: '1.8.0_171'
Driver info: org.openqa.selenium.ie.InternetExplorerDriver
Capabilities {browserAttachTimeout: 0, browserName: internet explorer, cssSelectorsEnabled: true, elementScrollBehavior: 0, enableElementCacheCleanup: true, enablePersistentHover: true, handlesAlerts: true, ie.browserCommandLineSwitches: , ie.ensureCleanSession: false, ie.forceCreateProcessApi: false, ie.usePerProcessProxy: false, ignoreProtectedModeSettings: false, ignoreZoomSetting: false, initialBrowserUrl: http://localhost:8794/, javascriptEnabled: true, nativeEvents: true, platform: WINDOWS, platformName: WINDOWS, requireWindowFocus: false, takesScreenshot: true, unexpectedAlertBehaviour: dismiss, unhandledPromptBehavior: dismiss, version: 11}
Session ID: 294f686c-7d5f-4602-ae36-31f0ab60c0b2
*** Element info: {Using=xpath, value=//input[@value='Go' and @type='button']}]]>
            </message>
            <full-stacktrace>
              <![CDATA[org.openqa.selenium.NoSuchElementException: Unable to find element with xpath == //input[@value='Go' and @type='button'] (WARNING: The server did not provide any stacktrace information)
Command duration or timeout: 0 milliseconds
For documentation on this error, please visit: http://seleniumhq.org/exceptions/no_such_element.html
Build info: version: '3.14.0', revision: 'aacccce0', time: '2018-08-02T20:19:58.91Z'
System info: host: 'QTLSYS2-238', ip: '192.168.3.29', os.name: 'Windows 7', os.arch: 'amd64', os.version: '6.1', java.version: '1.8.0_171'
Driver info: org.openqa.selenium.ie.InternetExplorerDriver
Capabilities {browserAttachTimeout: 0, browserName: internet explorer, cssSelectorsEnabled: true, elementScrollBehavior: 0, enableElementCacheCleanup: true, enablePersistentHover: true, handlesAlerts: true, ie.browserCommandLineSwitches: , ie.ensureCleanSession: false, ie.forceCreateProcessApi: false, ie.usePerProcessProxy: false, ignoreProtectedModeSettings: false, ignoreZoomSetting: false, initialBrowserUrl: http://localhost:8794/, javascriptEnabled: true, nativeEvents: true, platform: WINDOWS, platformName: WINDOWS, requireWindowFocus: false, takesScreenshot: true, unexpectedAlertBehaviour: dismiss, unhandledPromptBehavior: dismiss, version: 11}
Session ID: 294f686c-7d5f-4602-ae36-31f0ab60c0b2
*** Element info: {Using=xpath, value=//input[@value='Go' and @type='button']}
at sun.reflect.NativeConstructorAccessorImpl.newInstance0(Native Method)
at sun.reflect.NativeConstructorAccessorImpl.newInstance(Unknown Source)
at sun.reflect.DelegatingConstructorAccessorImpl.newInstance(Unknown Source)
at java.lang.reflect.Constructor.newInstance(Unknown Source)
at org.openqa.selenium.remote.ErrorHandler.createThrowable(ErrorHandler.java:214)
at org.openqa.selenium.remote.ErrorHandler.throwIfResponseFailed(ErrorHandler.java:166)
at org.openqa.selenium.remote.http.JsonHttpResponseCodec.reconstructValue(JsonHttpResponseCodec.java:40)
at org.openqa.selenium.remote.http.AbstractHttpResponseCodec.decode(AbstractHttpResponseCodec.java:80)
at org.openqa.selenium.remote.http.AbstractHttpResponseCodec.decode(AbstractHttpResponseCodec.java:44)
at org.openqa.selenium.remote.HttpCommandExecutor.execute(HttpCommandExecutor.java:158)
at org.openqa.selenium.remote.service.DriverCommandExecutor.execute(DriverCommandExecutor.java:83)
at org.openqa.selenium.remote.RemoteWebDriver.execute(RemoteWebDriver.java:548)
at org.openqa.selenium.remote.RemoteWebDriver.findElement(RemoteWebDriver.java:322)
at org.openqa.selenium.remote.RemoteWebDriver.findElementByXPath(RemoteWebDriver.java:424)
at org.openqa.selenium.By$ByXPath.findElement(By.java:353)
at org.openqa.selenium.remote.RemoteWebDriver.findElement(RemoteWebDriver.java:314)
at QCHome.QC_Edit_BorrowRegestration.editborrower_savenext(QC_Edit_BorrowRegestration.java:319)
at QCHome.CSR.loceditborrowregsavenext(CSR.java:947)
at sun.reflect.NativeMethodAccessorImpl.invoke0(Native Method)
at sun.reflect.NativeMethodAccessorImpl.invoke(Unknown Source)
at sun.reflect.DelegatingMethodAccessorImpl.invoke(Unknown Source)
at java.lang.reflect.Method.invoke(Unknown Source)
at org.testng.internal.MethodInvocationHelper.invokeMethod(MethodInvocationHelper.java:124)
at org.testng.internal.Invoker.invokeMethod(Invoker.java:583)
at org.testng.internal.Invoker.invokeTestMethod(Invoker.java:719)
at org.testng.internal.Invoker.invokeTestMethods(Invoker.java:989)
at org.testng.internal.TestMethodWorker.invokeTestMethods(TestMethodWorker.java:125)
at org.testng.internal.TestMethodWorker.run(TestMethodWorker.java:109)
at org.testng.TestRunner.privateRun(TestRunner.java:648)
at org.testng.TestRunner.run(TestRunner.java:505)
at org.testng.SuiteRunner.runTest(SuiteRunner.java:455)
at org.testng.SuiteRunner.runSequentially(SuiteRunner.java:450)
at org.testng.SuiteRunner.privateRun(SuiteRunner.java:415)
at org.testng.SuiteRunner.run(SuiteRunner.java:364)
at org.testng.SuiteRunnerWorker.runSuite(SuiteRunnerWorker.java:52)
at org.testng.SuiteRunnerWorker.run(SuiteRunnerWorker.java:84)
at org.testng.TestNG.runSuitesSequentially(TestNG.java:1208)
at org.testng.TestNG.runSuitesLocally(TestNG.java:1137)
at org.testng.TestNG.runSuites(TestNG.java:1049)
at org.testng.TestNG.run(TestNG.java:1017)
at org.testng.remote.AbstractRemoteTestNG.run(AbstractRemoteTestNG.java:114)
at org.testng.remote.RemoteTestNG.initAndRun(RemoteTestNG.java:251)
at org.testng.remote.RemoteTestNG.main(RemoteTestNG.java:77)
]]>
            </full-stacktrace>
          </exception> <!-- org.openqa.selenium.NoSuchElementException -->
          <reporter-output>
          </reporter-output>
        </test-method> <!-- loceditborrowregsavenext -->
        <test-method status="PASS" signature="getResult(org.testng.ITestResult)[pri:0, instance:QCHome.CSR@57baeedf]" name="getResult" is-config="true" duration-ms="161" started-at="2019-03-06T10:47:51Z" finished-at="2019-03-06T10:47:51Z">
          <params>
            <param index="0">
              <value>
                <![CDATA[[TestResult name=loceditborrowregsavenext status=FAILURE method=CSR.loceditborrowregsavenext()[pri:70, instance:QCHome.CSR@57baeedf] output={null}]]]>
              </value>
            </param>
          </params>
          <reporter-output>
          </reporter-output>
        </test-method> <!-- getResult -->
        <test-method status="PASS" signature="loceditborrowregsaveloan()[pri:71, instance:QCHome.CSR@57baeedf]" name="loceditborrowregsaveloan" duration-ms="143141" started-at="2019-03-06T10:47:51Z" finished-at="2019-03-06T10:50:14Z">
          <reporter-output>
          </reporter-output>
        </test-method> <!-- loceditborrowregsaveloan -->
        <test-method status="PASS" signature="getResult(org.testng.ITestResult)[pri:0, instance:QCHome.CSR@57baeedf]" name="getResult" is-config="true" duration-ms="0" started-at="2019-03-06T10:50:14Z" finished-at="2019-03-06T10:50:14Z">
          <params>
            <param index="0">
              <value>
                <![CDATA[[TestResult name=loceditborrowregsaveloan status=SUCCESS method=CSR.loceditborrowregsaveloan()[pri:71, instance:QCHome.CSR@57baeedf] output={null}]]]>
              </value>
            </param>
          </params>
          <reporter-output>
          </reporter-output>
        </test-method> <!-- getResult -->
        <test-method status="FAIL" signature="locborrowregsaveexiteditssn()[pri:72, instance:QCHome.CSR@57baeedf]" name="locborrowregsaveexiteditssn" duration-ms="106107" started-at="2019-03-06T10:50:14Z" finished-at="2019-03-06T10:52:01Z">
          <exception class="org.openqa.selenium.NoSuchElementException">
            <message>
              <![CDATA[Unable to find element with xpath == /html/body/form/table/tbody/tr/td/table/tbody/tr/td/table/tbody/tr[1]/td/table/tbody/tr[3]/td/b/font (WARNING: The server did not provide any stacktrace information)
Command duration or timeout: 0 milliseconds
For documentation on this error, please visit: http://seleniumhq.org/exceptions/no_such_element.html
Build info: version: '3.14.0', revision: 'aacccce0', time: '2018-08-02T20:19:58.91Z'
System info: host: 'QTLSYS2-238', ip: '192.168.3.29', os.name: 'Windows 7', os.arch: 'amd64', os.version: '6.1', java.version: '1.8.0_171'
Driver info: org.openqa.selenium.ie.InternetExplorerDriver
Capabilities {browserAttachTimeout: 0, browserName: internet explorer, cssSelectorsEnabled: true, elementScrollBehavior: 0, enableElementCacheCleanup: true, enablePersistentHover: true, handlesAlerts: true, ie.browserCommandLineSwitches: , ie.ensureCleanSession: false, ie.forceCreateProcessApi: false, ie.usePerProcessProxy: false, ignoreProtectedModeSettings: false, ignoreZoomSetting: false, initialBrowserUrl: http://localhost:8794/, javascriptEnabled: true, nativeEvents: true, platform: WINDOWS, platformName: WINDOWS, requireWindowFocus: false, takesScreenshot: true, unexpectedAlertBehaviour: dismiss, unhandledPromptBehavior: dismiss, version: 11}
Session ID: 294f686c-7d5f-4602-ae36-31f0ab60c0b2
*** Element info: {Using=xpath, value=/html/body/form/table/tbody/tr/td/table/tbody/tr/td/table/tbody/tr[1]/td/table/tbody/tr[3]/td/b/font}]]>
            </message>
            <full-stacktrace>
              <![CDATA[org.openqa.selenium.NoSuchElementException: Unable to find element with xpath == /html/body/form/table/tbody/tr/td/table/tbody/tr/td/table/tbody/tr[1]/td/table/tbody/tr[3]/td/b/font (WARNING: The server did not provide any stacktrace information)
Command duration or timeout: 0 milliseconds
For documentation on this error, please visit: http://seleniumhq.org/exceptions/no_such_element.html
Build info: version: '3.14.0', revision: 'aacccce0', time: '2018-08-02T20:19:58.91Z'
System info: host: 'QTLSYS2-238', ip: '192.168.3.29', os.name: 'Windows 7', os.arch: 'amd64', os.version: '6.1', java.version: '1.8.0_171'
Driver info: org.openqa.selenium.ie.InternetExplorerDriver
Capabilities {browserAttachTimeout: 0, browserName: internet explorer, cssSelectorsEnabled: true, elementScrollBehavior: 0, enableElementCacheCleanup: true, enablePersistentHover: true, handlesAlerts: true, ie.browserCommandLineSwitches: , ie.ensureCleanSession: false, ie.forceCreateProcessApi: false, ie.usePerProcessProxy: false, ignoreProtectedModeSettings: false, ignoreZoomSetting: false, initialBrowserUrl: http://localhost:8794/, javascriptEnabled: true, nativeEvents: true, platform: WINDOWS, platformName: WINDOWS, requireWindowFocus: false, takesScreenshot: true, unexpectedAlertBehaviour: dismiss, unhandledPromptBehavior: dismiss, version: 11}
Session ID: 294f686c-7d5f-4602-ae36-31f0ab60c0b2
*** Element info: {Using=xpath, value=/html/body/form/table/tbody/tr/td/table/tbody/tr/td/table/tbody/tr[1]/td/table/tbody/tr[3]/td/b/font}
at sun.reflect.NativeConstructorAccessorImpl.newInstance0(Native Method)
at sun.reflect.NativeConstructorAccessorImpl.newInstance(Unknown Source)
at sun.reflect.DelegatingConstructorAccessorImpl.newInstance(Unknown Source)
at java.lang.reflect.Constructor.newInstance(Unknown Source)
at org.openqa.selenium.remote.ErrorHandler.createThrowable(ErrorHandler.java:214)
at org.openqa.selenium.remote.ErrorHandler.throwIfResponseFailed(ErrorHandler.java:166)
at org.openqa.selenium.remote.http.JsonHttpResponseCodec.reconstructValue(JsonHttpResponseCodec.java:40)
at org.openqa.selenium.remote.http.AbstractHttpResponseCodec.decode(AbstractHttpResponseCodec.java:80)
at org.openqa.selenium.remote.http.AbstractHttpResponseCodec.decode(AbstractHttpResponseCodec.java:44)
at org.openqa.selenium.remote.HttpCommandExecutor.execute(HttpCommandExecutor.java:158)
at org.openqa.selenium.remote.service.DriverCommandExecutor.execute(DriverCommandExecutor.java:83)
at org.openqa.selenium.remote.RemoteWebDriver.execute(RemoteWebDriver.java:548)
at org.openqa.selenium.remote.RemoteWebDriver.findElement(RemoteWebDriver.java:322)
at org.openqa.selenium.remote.RemoteWebDriver.findElementByXPath(RemoteWebDriver.java:424)
at org.openqa.selenium.By$ByXPath.findElement(By.java:353)
at org.openqa.selenium.remote.RemoteWebDriver.findElement(RemoteWebDriver.java:314)
at QCHome.QC_BorrowRegestration.qcborrowerreg_saveexit(QC_BorrowRegestration.java:1778)
at QCHome.CSR.locborrowregsaveexiteditssn(CSR.java:1002)
at sun.reflect.NativeMethodAccessorImpl.invoke0(Native Method)
at sun.reflect.NativeMethodAccessorImpl.invoke(Unknown Source)
at sun.reflect.DelegatingMethodAccessorImpl.invoke(Unknown Source)
at java.lang.reflect.Method.invoke(Unknown Source)
at org.testng.internal.MethodInvocationHelper.invokeMethod(MethodInvocationHelper.java:124)
at org.testng.internal.Invoker.invokeMethod(Invoker.java:583)
at org.testng.internal.Invoker.invokeTestMethod(Invoker.java:719)
at org.testng.internal.Invoker.invokeTestMethods(Invoker.java:989)
at org.testng.internal.TestMethodWorker.invokeTestMethods(TestMethodWorker.java:125)
at org.testng.internal.TestMethodWorker.run(TestMethodWorker.java:109)
at org.testng.TestRunner.privateRun(TestRunner.java:648)
at org.testng.TestRunner.run(TestRunner.java:505)
at org.testng.SuiteRunner.runTest(SuiteRunner.java:455)
at org.testng.SuiteRunner.runSequentially(SuiteRunner.java:450)
at org.testng.SuiteRunner.privateRun(SuiteRunner.java:415)
at org.testng.SuiteRunner.run(SuiteRunner.java:364)
at org.testng.SuiteRunnerWorker.runSuite(SuiteRunnerWorker.java:52)
at org.testng.SuiteRunnerWorker.run(SuiteRunnerWorker.java:84)
at org.testng.TestNG.runSuitesSequentially(TestNG.java:1208)
at org.testng.TestNG.runSuitesLocally(TestNG.java:1137)
at org.testng.TestNG.runSuites(TestNG.java:1049)
at org.testng.TestNG.run(TestNG.java:1017)
at org.testng.remote.AbstractRemoteTestNG.run(AbstractRemoteTestNG.java:114)
at org.testng.remote.RemoteTestNG.initAndRun(RemoteTestNG.java:251)
at org.testng.remote.RemoteTestNG.main(RemoteTestNG.java:77)
]]>
            </full-stacktrace>
          </exception> <!-- org.openqa.selenium.NoSuchElementException -->
          <reporter-output>
          </reporter-output>
        </test-method> <!-- locborrowregsaveexiteditssn -->
        <test-method status="PASS" signature="getResult(org.testng.ITestResult)[pri:0, instance:QCHome.CSR@57baeedf]" name="getResult" is-config="true" duration-ms="155" started-at="2019-03-06T10:52:01Z" finished-at="2019-03-06T10:52:01Z">
          <params>
            <param index="0">
              <value>
                <![CDATA[[TestResult name=locborrowregsaveexiteditssn status=FAILURE method=CSR.locborrowregsaveexiteditssn()[pri:72, instance:QCHome.CSR@57baeedf] output={null}]]]>
              </value>
            </param>
          </params>
          <reporter-output>
          </reporter-output>
        </test-method> <!-- getResult -->
        <test-method status="FAIL" signature="CSRBorrowerRegistration()[pri:73, instance:QCHome.CSR@57baeedf]" name="CSRBorrowerRegistration" duration-ms="81766" started-at="2019-03-06T10:52:01Z" finished-at="2019-03-06T10:53:23Z">
          <exception class="org.openqa.selenium.ElementNotVisibleException">
            <message>
              <![CDATA[Cannot click on element (WARNING: The server did not provide any stacktrace information)
Command duration or timeout: 0 milliseconds
Build info: version: '3.14.0', revision: 'aacccce0', time: '2018-08-02T20:19:58.91Z'
System info: host: 'QTLSYS2-238', ip: '192.168.3.29', os.name: 'Windows 7', os.arch: 'amd64', os.version: '6.1', java.version: '1.8.0_171'
Driver info: org.openqa.selenium.ie.InternetExplorerDriver
Capabilities {browserAttachTimeout: 0, browserName: internet explorer, cssSelectorsEnabled: true, elementScrollBehavior: 0, enableElementCacheCleanup: true, enablePersistentHover: true, handlesAlerts: true, ie.browserCommandLineSwitches: , ie.ensureCleanSession: false, ie.forceCreateProcessApi: false, ie.usePerProcessProxy: false, ignoreProtectedModeSettings: false, ignoreZoomSetting: false, initialBrowserUrl: http://localhost:8794/, javascriptEnabled: true, nativeEvents: true, platform: WINDOWS, platformName: WINDOWS, requireWindowFocus: false, takesScreenshot: true, unexpectedAlertBehaviour: dismiss, unhandledPromptBehavior: dismiss, version: 11}
Session ID: 294f686c-7d5f-4602-ae36-31f0ab60c0b2]]>
            </message>
            <full-stacktrace>
              <![CDATA[org.openqa.selenium.ElementNotVisibleException: Cannot click on element (WARNING: The server did not provide any stacktrace information)
Command duration or timeout: 0 milliseconds
Build info: version: '3.14.0', revision: 'aacccce0', time: '2018-08-02T20:19:58.91Z'
System info: host: 'QTLSYS2-238', ip: '192.168.3.29', os.name: 'Windows 7', os.arch: 'amd64', os.version: '6.1', java.version: '1.8.0_171'
Driver info: org.openqa.selenium.ie.InternetExplorerDriver
Capabilities {browserAttachTimeout: 0, browserName: internet explorer, cssSelectorsEnabled: true, elementScrollBehavior: 0, enableElementCacheCleanup: true, enablePersistentHover: true, handlesAlerts: true, ie.browserCommandLineSwitches: , ie.ensureCleanSession: false, ie.forceCreateProcessApi: false, ie.usePerProcessProxy: false, ignoreProtectedModeSettings: false, ignoreZoomSetting: false, initialBrowserUrl: http://localhost:8794/, javascriptEnabled: true, nativeEvents: true, platform: WINDOWS, platformName: WINDOWS, requireWindowFocus: false, takesScreenshot: true, unexpectedAlertBehaviour: dismiss, unhandledPromptBehavior: dismiss, version: 11}
Session ID: 294f686c-7d5f-4602-ae36-31f0ab60c0b2
at sun.reflect.NativeConstructorAccessorImpl.newInstance0(Native Method)
at sun.reflect.NativeConstructorAccessorImpl.newInstance(Unknown Source)
at sun.reflect.DelegatingConstructorAccessorImpl.newInstance(Unknown Source)
at java.lang.reflect.Constructor.newInstance(Unknown Source)
at org.openqa.selenium.remote.ErrorHandler.createThrowable(ErrorHandler.java:214)
at org.openqa.selenium.remote.ErrorHandler.throwIfResponseFailed(ErrorHandler.java:166)
at org.openqa.selenium.remote.http.JsonHttpResponseCodec.reconstructValue(JsonHttpResponseCodec.java:40)
at org.openqa.selenium.remote.http.AbstractHttpResponseCodec.decode(AbstractHttpResponseCodec.java:80)
at org.openqa.selenium.remote.http.AbstractHttpResponseCodec.decode(AbstractHttpResponseCodec.java:44)
at org.openqa.selenium.remote.HttpCommandExecutor.execute(HttpCommandExecutor.java:158)
at org.openqa.selenium.remote.service.DriverCommandExecutor.execute(DriverCommandExecutor.java:83)
at org.openqa.selenium.remote.RemoteWebDriver.execute(RemoteWebDriver.java:548)
at org.openqa.selenium.remote.RemoteWebElement.execute(RemoteWebElement.java:276)
at org.openqa.selenium.remote.RemoteWebElement.click(RemoteWebElement.java:83)
at QCHome.TLP_CoBorrower.coborrower(TLP_CoBorrower.java:215)
at QCHome.CSR.CSRBorrowerRegistration(CSR.java:1038)
at sun.reflect.NativeMethodAccessorImpl.invoke0(Native Method)
at sun.reflect.NativeMethodAccessorImpl.invoke(Unknown Source)
at sun.reflect.DelegatingMethodAccessorImpl.invoke(Unknown Source)
at java.lang.reflect.Method.invoke(Unknown Source)
at org.testng.internal.MethodInvocationHelper.invokeMethod(MethodInvocationHelper.java:124)
at org.testng.internal.Invoker.invokeMethod(Invoker.java:583)
at org.testng.internal.Invoker.invokeTestMethod(Invoker.java:719)
at org.testng.internal.Invoker.invokeTestMethods(Invoker.java:989)
at org.testng.internal.TestMethodWorker.invokeTestMethods(TestMethodWorker.java:125)
at org.testng.internal.TestMethodWorker.run(TestMethodWorker.java:109)
at org.testng.TestRunner.privateRun(TestRunner.java:648)
at org.testng.TestRunner.run(TestRunner.java:505)
at org.testng.SuiteRunner.runTest(SuiteRunner.java:455)
at org.testng.SuiteRunner.runSequentially(SuiteRunner.java:450)
at org.testng.SuiteRunner.privateRun(SuiteRunner.java:415)
at org.testng.SuiteRunner.run(SuiteRunner.java:364)
at org.testng.SuiteRunnerWorker.runSuite(SuiteRunnerWorker.java:52)
at org.testng.SuiteRunnerWorker.run(SuiteRunnerWorker.java:84)
at org.testng.TestNG.runSuitesSequentially(TestNG.java:1208)
at org.testng.TestNG.runSuitesLocally(TestNG.java:1137)
at org.testng.TestNG.runSuites(TestNG.java:1049)
at org.testng.TestNG.run(TestNG.java:1017)
at org.testng.remote.AbstractRemoteTestNG.run(AbstractRemoteTestNG.java:114)
at org.testng.remote.RemoteTestNG.initAndRun(RemoteTestNG.java:251)
at org.testng.remote.RemoteTestNG.main(RemoteTestNG.java:77)
]]>
            </full-stacktrace>
          </exception> <!-- org.openqa.selenium.ElementNotVisibleException -->
          <reporter-output>
          </reporter-output>
        </test-method> <!-- CSRBorrowerRegistration -->
        <test-method status="PASS" signature="getResult(org.testng.ITestResult)[pri:0, instance:QCHome.CSR@57baeedf]" name="getResult" is-config="true" duration-ms="145" started-at="2019-03-06T10:53:23Z" finished-at="2019-03-06T10:53:23Z">
          <params>
            <param index="0">
              <value>
                <![CDATA[[TestResult name=CSRBorrowerRegistration status=FAILURE method=CSR.CSRBorrowerRegistration()[pri:73, instance:QCHome.CSR@57baeedf] output={null}]]]>
              </value>
            </param>
          </params>
          <reporter-output>
          </reporter-output>
        </test-method> <!-- getResult -->
        <test-method status="PASS" signature="CSRCoBorrowerRegistrationsavenext()[pri:74, instance:QCHome.CSR@57baeedf]" name="CSRCoBorrowerRegistrationsavenext" duration-ms="113168" started-at="2019-03-06T10:53:23Z" finished-at="2019-03-06T10:55:16Z">
          <reporter-output>
          </reporter-output>
        </test-method> <!-- CSRCoBorrowerRegistrationsavenext -->
        <test-method status="PASS" signature="getResult(org.testng.ITestResult)[pri:0, instance:QCHome.CSR@57baeedf]" name="getResult" is-config="true" duration-ms="1" started-at="2019-03-06T10:55:16Z" finished-at="2019-03-06T10:55:16Z">
          <params>
            <param index="0">
              <value>
                <![CDATA[[TestResult name=CSRCoBorrowerRegistrationsavenext status=SUCCESS method=CSR.CSRCoBorrowerRegistrationsavenext()[pri:74, instance:QCHome.CSR@57baeedf] output={null}]]]>
              </value>
            </param>
          </params>
          <reporter-output>
          </reporter-output>
        </test-method> <!-- getResult -->
        <test-method status="PASS" signature="CSRCoBorrowerRegistrationsaveloan()[pri:75, instance:QCHome.CSR@57baeedf]" name="CSRCoBorrowerRegistrationsaveloan" duration-ms="127067" started-at="2019-03-06T10:55:16Z" finished-at="2019-03-06T10:57:23Z">
          <reporter-output>
          </reporter-output>
        </test-method> <!-- CSRCoBorrowerRegistrationsaveloan -->
        <test-method status="PASS" signature="getResult(org.testng.ITestResult)[pri:0, instance:QCHome.CSR@57baeedf]" name="getResult" is-config="true" duration-ms="1" started-at="2019-03-06T10:57:23Z" finished-at="2019-03-06T10:57:23Z">
          <params>
            <param index="0">
              <value>
                <![CDATA[[TestResult name=CSRCoBorrowerRegistrationsaveloan status=SUCCESS method=CSR.CSRCoBorrowerRegistrationsaveloan()[pri:75, instance:QCHome.CSR@57baeedf] output={null}]]]>
              </value>
            </param>
          </params>
          <reporter-output>
          </reporter-output>
        </test-method> <!-- getResult -->
        <test-method status="PASS" signature="CSRCoBorrowerRegistrationsavedeny()[pri:76, instance:QCHome.CSR@57baeedf]" name="CSRCoBorrowerRegistrationsavedeny" duration-ms="114718" started-at="2019-03-06T10:57:23Z" finished-at="2019-03-06T10:59:18Z">
          <reporter-output>
          </reporter-output>
        </test-method> <!-- CSRCoBorrowerRegistrationsavedeny -->
        <test-method status="PASS" signature="getResult(org.testng.ITestResult)[pri:0, instance:QCHome.CSR@57baeedf]" name="getResult" is-config="true" duration-ms="1" started-at="2019-03-06T10:59:18Z" finished-at="2019-03-06T10:59:18Z">
          <params>
            <param index="0">
              <value>
                <![CDATA[[TestResult name=CSRCoBorrowerRegistrationsavedeny status=SUCCESS method=CSR.CSRCoBorrowerRegistrationsavedeny()[pri:76, instance:QCHome.CSR@57baeedf] output={null}]]]>
              </value>
            </param>
          </params>
          <reporter-output>
          </reporter-output>
        </test-method> <!-- getResult -->
        <test-method status="PASS" signature="CSRCoBorrowerRegistrationsaveexit()[pri:77, instance:QCHome.CSR@57baeedf]" name="CSRCoBorrowerRegistrationsaveexit" duration-ms="110822" started-at="2019-03-06T10:59:18Z" finished-at="2019-03-06T11:01:08Z">
          <reporter-output>
          </reporter-output>
        </test-method> <!-- CSRCoBorrowerRegistrationsaveexit -->
        <test-method status="PASS" signature="getResult(org.testng.ITestResult)[pri:0, instance:QCHome.CSR@57baeedf]" name="getResult" is-config="true" duration-ms="0" started-at="2019-03-06T11:01:08Z" finished-at="2019-03-06T11:01:08Z">
          <params>
            <param index="0">
              <value>
                <![CDATA[[TestResult name=CSRCoBorrowerRegistrationsaveexit status=SUCCESS method=CSR.CSRCoBorrowerRegistrationsaveexit()[pri:77, instance:QCHome.CSR@57baeedf] output={null}]]]>
              </value>
            </param>
          </params>
          <reporter-output>
          </reporter-output>
        </test-method> <!-- getResult -->
        <test-method status="PASS" signature="QC_NE_PDL_Txn()[pri:78, instance:QCHome.CSR@57baeedf]" name="QC_NE_PDL_Txn" duration-ms="194768" started-at="2019-03-06T11:01:08Z" finished-at="2019-03-06T11:04:23Z">
          <reporter-output>
          </reporter-output>
        </test-method> <!-- QC_NE_PDL_Txn -->
        <test-method status="PASS" signature="getResult(org.testng.ITestResult)[pri:0, instance:QCHome.CSR@57baeedf]" name="getResult" is-config="true" duration-ms="1" started-at="2019-03-06T11:04:23Z" finished-at="2019-03-06T11:04:23Z">
          <params>
            <param index="0">
              <value>
                <![CDATA[[TestResult name=QC_NE_PDL_Txn status=SUCCESS method=CSR.QC_NE_PDL_Txn()[pri:78, instance:QCHome.CSR@57baeedf] output={null}]]]>
              </value>
            </param>
          </params>
          <reporter-output>
          </reporter-output>
        </test-method> <!-- getResult -->
        <test-method status="PASS" signature="QC_LA_PDL_Txn()[pri:79, instance:QCHome.CSR@57baeedf]" name="QC_LA_PDL_Txn" duration-ms="123346" started-at="2019-03-06T11:04:23Z" finished-at="2019-03-06T11:06:27Z">
          <reporter-output>
          </reporter-output>
        </test-method> <!-- QC_LA_PDL_Txn -->
        <test-method status="PASS" signature="QC_NV_PDL_Txn()[pri:80, instance:QCHome.CSR@57baeedf]" name="QC_NV_PDL_Txn" duration-ms="199884" started-at="2019-03-06T11:06:27Z" finished-at="2019-03-06T11:09:46Z">
          <reporter-output>
          </reporter-output>
        </test-method> <!-- QC_NV_PDL_Txn -->
        <test-method status="PASS" signature="getResult(org.testng.ITestResult)[pri:0, instance:QCHome.CSR@57baeedf]" name="getResult" is-config="true" duration-ms="0" started-at="2019-03-06T11:06:27Z" finished-at="2019-03-06T11:06:27Z">
          <params>
            <param index="0">
              <value>
                <![CDATA[[TestResult name=QC_LA_PDL_Txn status=SUCCESS method=CSR.QC_LA_PDL_Txn()[pri:79, instance:QCHome.CSR@57baeedf] output={null}]]]>
              </value>
            </param>
          </params>
          <reporter-output>
          </reporter-output>
        </test-method> <!-- getResult -->
        <test-method status="PASS" signature="getResult(org.testng.ITestResult)[pri:0, instance:QCHome.CSR@57baeedf]" name="getResult" is-config="true" duration-ms="0" started-at="2019-03-06T11:09:46Z" finished-at="2019-03-06T11:09:46Z">
          <params>
            <param index="0">
              <value>
                <![CDATA[[TestResult name=QC_NV_PDL_Txn status=SUCCESS method=CSR.QC_NV_PDL_Txn()[pri:80, instance:QCHome.CSR@57baeedf] output={null}]]]>
              </value>
            </param>
          </params>
          <reporter-output>
          </reporter-output>
        </test-method> <!-- getResult -->
        <test-method status="PASS" signature="QC_MO_PDL_Txn()[pri:81, instance:QCHome.CSR@57baeedf]" name="QC_MO_PDL_Txn" duration-ms="206775" started-at="2019-03-06T11:09:46Z" finished-at="2019-03-06T11:13:13Z">
          <reporter-output>
          </reporter-output>
        </test-method> <!-- QC_MO_PDL_Txn -->
        <test-method status="PASS" signature="getResult(org.testng.ITestResult)[pri:0, instance:QCHome.CSR@57baeedf]" name="getResult" is-config="true" duration-ms="1" started-at="2019-03-06T11:13:13Z" finished-at="2019-03-06T11:13:13Z">
          <params>
            <param index="0">
              <value>
                <![CDATA[[TestResult name=QC_MO_PDL_Txn status=SUCCESS method=CSR.QC_MO_PDL_Txn()[pri:81, instance:QCHome.CSR@57baeedf] output={null}]]]>
              </value>
            </param>
          </params>
          <reporter-output>
          </reporter-output>
        </test-method> <!-- getResult -->
        <test-method status="PASS" signature="QC_WI_ILP_Txn()[pri:82, instance:QCHome.CSR@57baeedf]" name="QC_WI_ILP_Txn" duration-ms="113655" started-at="2019-03-06T11:13:13Z" finished-at="2019-03-06T11:15:07Z">
          <reporter-output>
          </reporter-output>
        </test-method> <!-- QC_WI_ILP_Txn -->
        <test-method status="PASS" signature="getResult(org.testng.ITestResult)[pri:0, instance:QCHome.CSR@57baeedf]" name="getResult" is-config="true" duration-ms="0" started-at="2019-03-06T11:15:07Z" finished-at="2019-03-06T11:15:07Z">
          <params>
            <param index="0">
              <value>
                <![CDATA[[TestResult name=QC_WI_ILP_Txn status=SUCCESS method=CSR.QC_WI_ILP_Txn()[pri:82, instance:QCHome.CSR@57baeedf] output={null}]]]>
              </value>
            </param>
          </params>
          <reporter-output>
          </reporter-output>
        </test-method> <!-- getResult -->
        <test-method status="PASS" signature="QC_NM_ILP_Txn()[pri:83, instance:QCHome.CSR@57baeedf]" name="QC_NM_ILP_Txn" duration-ms="109246" started-at="2019-03-06T11:15:07Z" finished-at="2019-03-06T11:16:56Z">
          <reporter-output>
          </reporter-output>
        </test-method> <!-- QC_NM_ILP_Txn -->
        <test-method status="PASS" signature="QC_MO_ILP_Txn()[pri:84, instance:QCHome.CSR@57baeedf]" name="QC_MO_ILP_Txn" duration-ms="111776" started-at="2019-03-06T11:16:56Z" finished-at="2019-03-06T11:18:48Z">
          <reporter-output>
          </reporter-output>
        </test-method> <!-- QC_MO_ILP_Txn -->
        <test-method status="PASS" signature="getResult(org.testng.ITestResult)[pri:0, instance:QCHome.CSR@57baeedf]" name="getResult" is-config="true" duration-ms="0" started-at="2019-03-06T11:16:56Z" finished-at="2019-03-06T11:16:56Z">
          <params>
            <param index="0">
              <value>
                <![CDATA[[TestResult name=QC_NM_ILP_Txn status=SUCCESS method=CSR.QC_NM_ILP_Txn()[pri:83, instance:QCHome.CSR@57baeedf] output={null}]]]>
              </value>
            </param>
          </params>
          <reporter-output>
          </reporter-output>
        </test-method> <!-- getResult -->
        <test-method status="PASS" signature="getResult(org.testng.ITestResult)[pri:0, instance:QCHome.CSR@57baeedf]" name="getResult" is-config="true" duration-ms="1" started-at="2019-03-06T11:18:48Z" finished-at="2019-03-06T11:18:48Z">
          <params>
            <param index="0">
              <value>
                <![CDATA[[TestResult name=QC_MO_ILP_Txn status=SUCCESS method=CSR.QC_MO_ILP_Txn()[pri:84, instance:QCHome.CSR@57baeedf] output={null}]]]>
              </value>
            </param>
          </params>
          <reporter-output>
          </reporter-output>
        </test-method> <!-- getResult -->
        <test-method status="PASS" signature="QC_MO_TLP_Txn()[pri:85, instance:QCHome.CSR@57baeedf]" name="QC_MO_TLP_Txn" duration-ms="174281" started-at="2019-03-06T11:18:48Z" finished-at="2019-03-06T11:21:42Z">
          <reporter-output>
          </reporter-output>
        </test-method> <!-- QC_MO_TLP_Txn -->
        <test-method status="PASS" signature="getResult(org.testng.ITestResult)[pri:0, instance:QCHome.CSR@57baeedf]" name="getResult" is-config="true" duration-ms="0" started-at="2019-03-06T11:21:42Z" finished-at="2019-03-06T11:21:42Z">
          <params>
            <param index="0">
              <value>
                <![CDATA[[TestResult name=QC_MO_TLP_Txn status=SUCCESS method=CSR.QC_MO_TLP_Txn()[pri:85, instance:QCHome.CSR@57baeedf] output={null}]]]>
              </value>
            </param>
          </params>
          <reporter-output>
          </reporter-output>
        </test-method> <!-- getResult -->
        <test-method status="FAIL" signature="QC_NM_TLP_Txn()[pri:86, instance:QCHome.CSR@57baeedf]" name="QC_NM_TLP_Txn" duration-ms="473060" started-at="2019-03-06T11:21:42Z" finished-at="2019-03-06T11:29:35Z">
          <exception class="java.lang.AssertionError">
            <message>
              <![CDATA[expected [true] but found [false]]]>
            </message>
            <full-stacktrace>
              <![CDATA[java.lang.AssertionError: expected [true] but found [false]
at org.testng.Assert.fail(Assert.java:96)
at org.testng.Assert.failNotEquals(Assert.java:776)
at org.testng.Assert.assertTrue(Assert.java:44)
at org.testng.Assert.assertTrue(Assert.java:54)
at QCHome.QC_TLP_NewLoan.newLoan(QC_TLP_NewLoan.java:268)
at QCHome.CSR.QC_NM_TLP_Txn(CSR.java:1602)
at sun.reflect.NativeMethodAccessorImpl.invoke0(Native Method)
at sun.reflect.NativeMethodAccessorImpl.invoke(Unknown Source)
at sun.reflect.DelegatingMethodAccessorImpl.invoke(Unknown Source)
at java.lang.reflect.Method.invoke(Unknown Source)
at org.testng.internal.MethodInvocationHelper.invokeMethod(MethodInvocationHelper.java:124)
at org.testng.internal.Invoker.invokeMethod(Invoker.java:583)
at org.testng.internal.Invoker.invokeTestMethod(Invoker.java:719)
at org.testng.internal.Invoker.invokeTestMethods(Invoker.java:989)
at org.testng.internal.TestMethodWorker.invokeTestMethods(TestMethodWorker.java:125)
at org.testng.internal.TestMethodWorker.run(TestMethodWorker.java:109)
at org.testng.TestRunner.privateRun(TestRunner.java:648)
at org.testng.TestRunner.run(TestRunner.java:505)
at org.testng.SuiteRunner.runTest(SuiteRunner.java:455)
at org.testng.SuiteRunner.runSequentially(SuiteRunner.java:450)
at org.testng.SuiteRunner.privateRun(SuiteRunner.java:415)
at org.testng.SuiteRunner.run(SuiteRunner.java:364)
at org.testng.SuiteRunnerWorker.runSuite(SuiteRunnerWorker.java:52)
at org.testng.SuiteRunnerWorker.run(SuiteRunnerWorker.java:84)
at org.testng.TestNG.runSuitesSequentially(TestNG.java:1208)
at org.testng.TestNG.runSuitesLocally(TestNG.java:1137)
at org.testng.TestNG.runSuites(TestNG.java:1049)
at org.testng.TestNG.run(TestNG.java:1017)
at org.testng.remote.AbstractRemoteTestNG.run(AbstractRemoteTestNG.java:114)
at org.testng.remote.RemoteTestNG.initAndRun(RemoteTestNG.java:251)
at org.testng.remote.RemoteTestNG.main(RemoteTestNG.java:77)
]]>
            </full-stacktrace>
          </exception> <!-- java.lang.AssertionError -->
          <reporter-output>
          </reporter-output>
        </test-method> <!-- QC_NM_TLP_Txn -->
        <test-method status="PASS" signature="getResult(org.testng.ITestResult)[pri:0, instance:QCHome.CSR@57baeedf]" name="getResult" is-config="true" duration-ms="163" started-at="2019-03-06T11:29:35Z" finished-at="2019-03-06T11:29:35Z">
          <params>
            <param index="0">
              <value>
                <![CDATA[[TestResult name=QC_NM_TLP_Txn status=FAILURE method=CSR.QC_NM_TLP_Txn()[pri:86, instance:QCHome.CSR@57baeedf] output={null}]]]>
              </value>
            </param>
          </params>
          <reporter-output>
          </reporter-output>
        </test-method> <!-- getResult -->
        <test-method status="PASS" signature="QC_NV_TLP_Txn()[pri:87, instance:QCHome.CSR@57baeedf]" name="QC_NV_TLP_Txn" duration-ms="85454" started-at="2019-03-06T11:29:35Z" finished-at="2019-03-06T11:31:01Z">
          <reporter-output>
          </reporter-output>
        </test-method> <!-- QC_NV_TLP_Txn -->
        <test-method status="PASS" signature="getResult(org.testng.ITestResult)[pri:0, instance:QCHome.CSR@57baeedf]" name="getResult" is-config="true" duration-ms="0" started-at="2019-03-06T11:31:01Z" finished-at="2019-03-06T11:31:01Z">
          <params>
            <param index="0">
              <value>
                <![CDATA[[TestResult name=QC_NV_TLP_Txn status=SUCCESS method=CSR.QC_NV_TLP_Txn()[pri:87, instance:QCHome.CSR@57baeedf] output={null}]]]>
              </value>
            </param>
          </params>
          <reporter-output>
          </reporter-output>
        </test-method> <!-- getResult -->
        <test-method status="PASS" signature="QC_KS_LOC_Txn()[pri:88, instance:QCHome.CSR@57baeedf]" name="QC_KS_LOC_Txn" duration-ms="145122" started-at="2019-03-06T11:31:01Z" finished-at="2019-03-06T11:33:26Z">
          <reporter-output>
          </reporter-output>
        </test-method> <!-- QC_KS_LOC_Txn -->
        <test-method status="PASS" signature="getResult(org.testng.ITestResult)[pri:0, instance:QCHome.CSR@57baeedf]" name="getResult" is-config="true" duration-ms="0" started-at="2019-03-06T11:33:26Z" finished-at="2019-03-06T11:33:26Z">
          <params>
            <param index="0">
              <value>
                <![CDATA[[TestResult name=QC_KS_LOC_Txn status=SUCCESS method=CSR.QC_KS_LOC_Txn()[pri:88, instance:QCHome.CSR@57baeedf] output={null}]]]>
              </value>
            </param>
          </params>
          <reporter-output>
          </reporter-output>
        </test-method> <!-- getResult -->
        <test-method status="FAIL" signature="NewLoanVeritec()[pri:89, instance:QCHome.CSR@57baeedf]" name="NewLoanVeritec" duration-ms="118082" started-at="2019-03-06T11:33:26Z" finished-at="2019-03-06T11:35:24Z">
          <exception class="org.openqa.selenium.NoSuchElementException">
            <message>
              <![CDATA[Unable to find element with id == LoanButtonId (WARNING: The server did not provide any stacktrace information)
Command duration or timeout: 0 milliseconds
For documentation on this error, please visit: http://seleniumhq.org/exceptions/no_such_element.html
Build info: version: '3.14.0', revision: 'aacccce0', time: '2018-08-02T20:19:58.91Z'
System info: host: 'QTLSYS2-238', ip: '192.168.3.29', os.name: 'Windows 7', os.arch: 'amd64', os.version: '6.1', java.version: '1.8.0_171'
Driver info: org.openqa.selenium.ie.InternetExplorerDriver
Capabilities {browserAttachTimeout: 0, browserName: internet explorer, cssSelectorsEnabled: true, elementScrollBehavior: 0, enableElementCacheCleanup: true, enablePersistentHover: true, handlesAlerts: true, ie.browserCommandLineSwitches: , ie.ensureCleanSession: false, ie.forceCreateProcessApi: false, ie.usePerProcessProxy: false, ignoreProtectedModeSettings: false, ignoreZoomSetting: false, initialBrowserUrl: http://localhost:8794/, javascriptEnabled: true, nativeEvents: true, platform: WINDOWS, platformName: WINDOWS, requireWindowFocus: false, takesScreenshot: true, unexpectedAlertBehaviour: dismiss, unhandledPromptBehavior: dismiss, version: 11}
Session ID: 294f686c-7d5f-4602-ae36-31f0ab60c0b2
*** Element info: {Using=id, value=LoanButtonId}]]>
            </message>
            <full-stacktrace>
              <![CDATA[org.openqa.selenium.NoSuchElementException: Unable to find element with id == LoanButtonId (WARNING: The server did not provide any stacktrace information)
Command duration or timeout: 0 milliseconds
For documentation on this error, please visit: http://seleniumhq.org/exceptions/no_such_element.html
Build info: version: '3.14.0', revision: 'aacccce0', time: '2018-08-02T20:19:58.91Z'
System info: host: 'QTLSYS2-238', ip: '192.168.3.29', os.name: 'Windows 7', os.arch: 'amd64', os.version: '6.1', java.version: '1.8.0_171'
Driver info: org.openqa.selenium.ie.InternetExplorerDriver
Capabilities {browserAttachTimeout: 0, browserName: internet explorer, cssSelectorsEnabled: true, elementScrollBehavior: 0, enableElementCacheCleanup: true, enablePersistentHover: true, handlesAlerts: true, ie.browserCommandLineSwitches: , ie.ensureCleanSession: false, ie.forceCreateProcessApi: false, ie.usePerProcessProxy: false, ignoreProtectedModeSettings: false, ignoreZoomSetting: false, initialBrowserUrl: http://localhost:8794/, javascriptEnabled: true, nativeEvents: true, platform: WINDOWS, platformName: WINDOWS, requireWindowFocus: false, takesScreenshot: true, unexpectedAlertBehaviour: dismiss, unhandledPromptBehavior: dismiss, version: 11}
Session ID: 294f686c-7d5f-4602-ae36-31f0ab60c0b2
*** Element info: {Using=id, value=LoanButtonId}
at sun.reflect.NativeConstructorAccessorImpl.newInstance0(Native Method)
at sun.reflect.NativeConstructorAccessorImpl.newInstance(Unknown Source)
at sun.reflect.DelegatingConstructorAccessorImpl.newInstance(Unknown Source)
at java.lang.reflect.Constructor.newInstance(Unknown Source)
at org.openqa.selenium.remote.ErrorHandler.createThrowable(ErrorHandler.java:214)
at org.openqa.selenium.remote.ErrorHandler.throwIfResponseFailed(ErrorHandler.java:166)
at org.openqa.selenium.remote.http.JsonHttpResponseCodec.reconstructValue(JsonHttpResponseCodec.java:40)
at org.openqa.selenium.remote.http.AbstractHttpResponseCodec.decode(AbstractHttpResponseCodec.java:80)
at org.openqa.selenium.remote.http.AbstractHttpResponseCodec.decode(AbstractHttpResponseCodec.java:44)
at org.openqa.selenium.remote.HttpCommandExecutor.execute(HttpCommandExecutor.java:158)
at org.openqa.selenium.remote.service.DriverCommandExecutor.execute(DriverCommandExecutor.java:83)
at org.openqa.selenium.remote.RemoteWebDriver.execute(RemoteWebDriver.java:548)
at org.openqa.selenium.remote.RemoteWebDriver.findElement(RemoteWebDriver.java:322)
at org.openqa.selenium.remote.RemoteWebDriver.findElementById(RemoteWebDriver.java:368)
at org.openqa.selenium.By$ById.findElement(By.java:188)
at org.openqa.selenium.remote.RemoteWebDriver.findElement(RemoteWebDriver.java:314)
at QCHome.QC_NewLoan_Veritec.newLoan(QC_NewLoan_Veritec.java:289)
at QCHome.CSR.NewLoanVeritec(CSR.java:1741)
at sun.reflect.NativeMethodAccessorImpl.invoke0(Native Method)
at sun.reflect.NativeMethodAccessorImpl.invoke(Unknown Source)
at sun.reflect.DelegatingMethodAccessorImpl.invoke(Unknown Source)
at java.lang.reflect.Method.invoke(Unknown Source)
at org.testng.internal.MethodInvocationHelper.invokeMethod(MethodInvocationHelper.java:124)
at org.testng.internal.Invoker.invokeMethod(Invoker.java:583)
at org.testng.internal.Invoker.invokeTestMethod(Invoker.java:719)
at org.testng.internal.Invoker.invokeTestMethods(Invoker.java:989)
at org.testng.internal.TestMethodWorker.invokeTestMethods(TestMethodWorker.java:125)
at org.testng.internal.TestMethodWorker.run(TestMethodWorker.java:109)
at org.testng.TestRunner.privateRun(TestRunner.java:648)
at org.testng.TestRunner.run(TestRunner.java:505)
at org.testng.SuiteRunner.runTest(SuiteRunner.java:455)
at org.testng.SuiteRunner.runSequentially(SuiteRunner.java:450)
at org.testng.SuiteRunner.privateRun(SuiteRunner.java:415)
at org.testng.SuiteRunner.run(SuiteRunner.java:364)
at org.testng.SuiteRunnerWorker.runSuite(SuiteRunnerWorker.java:52)
at org.testng.SuiteRunnerWorker.run(SuiteRunnerWorker.java:84)
at org.testng.TestNG.runSuitesSequentially(TestNG.java:1208)
at org.testng.TestNG.runSuitesLocally(TestNG.java:1137)
at org.testng.TestNG.runSuites(TestNG.java:1049)
at org.testng.TestNG.run(TestNG.java:1017)
at org.testng.remote.AbstractRemoteTestNG.run(AbstractRemoteTestNG.java:114)
at org.testng.remote.RemoteTestNG.initAndRun(RemoteTestNG.java:251)
at org.testng.remote.RemoteTestNG.main(RemoteTestNG.java:77)
]]>
            </full-stacktrace>
          </exception> <!-- org.openqa.selenium.NoSuchElementException -->
          <reporter-output>
          </reporter-output>
        </test-method> <!-- NewLoanVeritec -->
        <test-method status="PASS" signature="getResult(org.testng.ITestResult)[pri:0, instance:QCHome.CSR@57baeedf]" name="getResult" is-config="true" duration-ms="108" started-at="2019-03-06T11:35:24Z" finished-at="2019-03-06T11:35:24Z">
          <params>
            <param index="0">
              <value>
                <![CDATA[[TestResult name=NewLoanVeritec status=FAILURE method=CSR.NewLoanVeritec()[pri:89, instance:QCHome.CSR@57baeedf] output={null}]]]>
              </value>
            </param>
          </params>
          <reporter-output>
          </reporter-output>
        </test-method> <!-- getResult -->
        <test-method status="PASS" signature="endReport()[pri:0, instance:QCHome.CSR@57baeedf]" name="endReport" is-config="true" duration-ms="326" started-at="2019-03-06T11:35:24Z" finished-at="2019-03-06T11:35:25Z">
>>>>>>> brahmith1.1
          <reporter-output>
          </reporter-output>
        </test-method> <!-- endReport -->
      </class> <!-- QCHome.CSR -->
    </test> <!-- Default test -->
  </suite> <!-- Default suite -->
</testng-results>
