<?xml version="1.0" encoding="UTF-8"?>
<testng-results skipped="0" failed="1" ignored="0" total="2" passed="1">
  <reporter-output>
  </reporter-output>
  <suite name="Default suite" duration-ms="518013" started-at="2019-11-26T13:06:47Z" finished-at="2019-11-26T13:15:25Z">
    <groups>
      <group name="Samatha">
        <method signature="LendNation.LendNation_ACH_SimpleLoan()[pri:0, instance:tests.LendNation@5383967b]" name="LendNation_ACH_SimpleLoan" class="tests.LendNation"/>
      </group> <!-- Samatha -->
    </groups>
    <test name="Default test" duration-ms="518013" started-at="2019-11-26T13:06:47Z" finished-at="2019-11-26T13:15:25Z">
      <class name="tests.LendNation">
        <test-method status="PASS" signature="setup()[pri:0, instance:tests.LendNation@5383967b]" name="setup" is-config="true" duration-ms="3706" started-at="2019-11-26T13:06:47Z" finished-at="2019-11-26T13:06:50Z">
          <reporter-output>
          </reporter-output>
        </test-method> <!-- setup -->
        <test-method status="PASS" signature="LendNation_ACH_SimpleLoan()[pri:0, instance:tests.LendNation@5383967b]" name="LendNation_ACH_SimpleLoan" duration-ms="482677" started-at="2019-11-26T13:06:50Z" finished-at="2019-11-26T13:14:53Z">
          <reporter-output>
          </reporter-output>
        </test-method> <!-- LendNation_ACH_SimpleLoan -->
        <test-method status="PASS" signature="getResult(org.testng.ITestResult)[pri:0, instance:tests.LendNation@5383967b]" name="getResult" is-config="true" duration-ms="1" started-at="2019-11-26T13:14:53Z" finished-at="2019-11-26T13:14:53Z">
          <params>
            <param index="0">
              <value>
                <![CDATA[[TestResult name=LendNation_ACH_SimpleLoan status=SUCCESS method=LendNation.LendNation_ACH_SimpleLoan()[pri:0, instance:tests.LendNation@5383967b] output={null}]]]>
              </value>
            </param>
          </params>
          <reporter-output>
          </reporter-output>
        </test-method> <!-- getResult -->
        <test-method status="FAIL" signature="QC_Accounting_OnlineAdvance_LateFee_Deposit_Txn_Testdata()[pri:5, instance:tests.LendNation@5383967b]" name="QC_Accounting_OnlineAdvance_LateFee_Deposit_Txn_Testdata" duration-ms="31438" started-at="2019-11-26T13:14:53Z" finished-at="2019-11-26T13:15:25Z">
          <exception class="java.lang.AssertionError">
            <message>
              <![CDATA[expected [true] but found [false]]]>
            </message>
            <full-stacktrace>
              <![CDATA[java.lang.AssertionError: expected [true] but found [false]
at org.testng.Assert.fail(Assert.java:96)
at org.testng.Assert.failNotEquals(Assert.java:776)
at org.testng.Assert.assertTrue(Assert.java:44)
at org.testng.Assert.assertTrue(Assert.java:54)
at tests.LendNationRegistration.registration(LendNationRegistration.java:245)
at tests.LendNation.QC_Accounting_OnlineAdvance_LateFee_Deposit_Txn_Testdata(LendNation.java:581)
at sun.reflect.NativeMethodAccessorImpl.invoke0(Native Method)
at sun.reflect.NativeMethodAccessorImpl.invoke(Unknown Source)
at sun.reflect.DelegatingMethodAccessorImpl.invoke(Unknown Source)
at java.lang.reflect.Method.invoke(Unknown Source)
at org.testng.internal.MethodInvocationHelper.invokeMethod(MethodInvocationHelper.java:124)
at org.testng.internal.Invoker.invokeMethod(Invoker.java:583)
at org.testng.internal.Invoker.invokeTestMethod(Invoker.java:719)
at org.testng.internal.Invoker.invokeTestMethods(Invoker.java:989)
at org.testng.internal.TestMethodWorker.invokeTestMethods(TestMethodWorker.java:125)
at org.testng.internal.TestMethodWorker.run(TestMethodWorker.java:109)
at org.testng.TestRunner.privateRun(TestRunner.java:648)
at org.testng.TestRunner.run(TestRunner.java:505)
at org.testng.SuiteRunner.runTest(SuiteRunner.java:455)
at org.testng.SuiteRunner.runSequentially(SuiteRunner.java:450)
at org.testng.SuiteRunner.privateRun(SuiteRunner.java:415)
at org.testng.SuiteRunner.run(SuiteRunner.java:364)
at org.testng.SuiteRunnerWorker.runSuite(SuiteRunnerWorker.java:52)
at org.testng.SuiteRunnerWorker.run(SuiteRunnerWorker.java:84)
at org.testng.TestNG.runSuitesSequentially(TestNG.java:1208)
at org.testng.TestNG.runSuitesLocally(TestNG.java:1137)
at org.testng.TestNG.runSuites(TestNG.java:1049)
at org.testng.TestNG.run(TestNG.java:1017)
at org.testng.remote.AbstractRemoteTestNG.run(AbstractRemoteTestNG.java:114)
at org.testng.remote.RemoteTestNG.initAndRun(RemoteTestNG.java:251)
at org.testng.remote.RemoteTestNG.main(RemoteTestNG.java:77)
]]>
            </full-stacktrace>
          </exception> <!-- java.lang.AssertionError -->
          <reporter-output>
          </reporter-output>
        </test-method> <!-- QC_Accounting_OnlineAdvance_LateFee_Deposit_Txn_Testdata -->
        <test-method status="PASS" signature="getResult(org.testng.ITestResult)[pri:0, instance:tests.LendNation@5383967b]" name="getResult" is-config="true" duration-ms="0" started-at="2019-11-26T13:15:25Z" finished-at="2019-11-26T13:15:25Z">
          <params>
            <param index="0">
              <value>
                <![CDATA[[TestResult name=QC_Accounting_OnlineAdvance_LateFee_Deposit_Txn_Testdata status=FAILURE method=LendNation.QC_Accounting_OnlineAdvance_LateFee_Deposit_Txn_Testdata()[pri:5, instance:tests.LendNation@5383967b] output={null}]]]>
              </value>
            </param>
          </params>
          <reporter-output>
          </reporter-output>
        </test-method> <!-- getResult -->
        <test-method status="PASS" signature="endReport()[pri:0, instance:tests.LendNation@5383967b]" name="endReport" is-config="true" duration-ms="173" started-at="2019-11-26T13:15:25Z" finished-at="2019-11-26T13:15:25Z">
          <reporter-output>
          </reporter-output>
        </test-method> <!-- endReport -->
      </class> <!-- tests.LendNation -->
    </test> <!-- Default test -->
  </suite> <!-- Default suite -->
</testng-results>
