
<!DOCTYPE html>
<html>
	<head>
		<!--
			ExtentReports Library 2.41.1 | http://relevantcodes.com/extentreports-for-selenium/ | https://github.com/anshooarora/
			Copyright (c) 2015, Anshoo Arora (Relevant Codes) | Copyrights licensed under the New BSD License | http://opensource.org/licenses/BSD-3-Clause
			Documentation: http://extentreports.relevantcodes.com 
		-->

		<meta charset='UTF-8' /> 
		<meta name='description' content='ExtentReports (by Anshoo Arora) is a reporting library for automation testing for .NET and Java. It creates detailed and beautiful HTML reports for modern browsers. ExtentReports shows test and step summary along with dashboards, system and environment details for quick analysis of your tests.' />
		<meta name='robots' content='noodp, noydir' />
		<meta name='viewport' content='width=device-width, initial-scale=1' />
		<meta name='extentx' id='extentx' content='' />
		
		<title>
				ExtentReports 2.0
		</title>
		
		
		<link href='https://fonts.googleapis.com/css?family=Source+Sans+Pro:400,600' rel='stylesheet' type='text/css'>
		<link href='https://cdn.rawgit.com/anshooarora/extentreports/6032d73243ba4fe4fb8769eb9c315d4fdf16fe68/cdn/extent.css' type='text/css' rel='stylesheet' />
		
		<style>
				
            
                
            
        
		</style>
	</head>
	
	
	<body class='extent default standard hide-overflow'>
		<!-- nav -->
		<nav>
			<div class='logo-container blue darken-2'>
				<a class='logo-content' href='http://extentreports.relevantcodes.com'>
					<span>ExtentReports</span>
				</a>
				<a href='#' data-activates='slide-out' class='button-collapse hide-on-large-only'><i class='mdi-navigation-apps'></i></a>
			</div>
			<ul id='slide-out' class='side-nav fixed hide-on-med-and-down'>
				<li class='analysis waves-effect active'><a href='#!' class='test-view' onclick="_updateCurrentStage(0)"><i class='mdi-action-dashboard'></i>Test Details</a></li>
				<li class='analysis waves-effect'>
					<a href='#!' onclick="_updateCurrentStage(-1)" class='dashboard-view'><i class='mdi-action-track-changes'></i></i>Analysis</a>
				</li>
			</ul>
			<span class='report-name'>Automation Report</span> <span class='report-headline'></span>
			<ul class='right hide-on-med-and-down nav-right'>
				<li class='theme-selector' alt='Click to toggle dark theme. To enable by default, use js configuration $("body").addClass("dark");' title='Click to toggle dark theme. To enable by default, use js configuration $("body").addClass("dark");'>
					<i class='mdi-hardware-desktop-windows'></i>
				</li>
				<li>
					<span class='suite-started-time'>2019-06-27 13:35:26</span>
				</li>
				<li>
					<span>v2.41.1</span>
				</li>
			</ul>
		</nav>
		<!-- /nav -->
		
		<!-- container -->
		<div class='container'>
			
			<!-- dashboard -->
			<div id='dashboard-view' class='row'>
				<div class='time-totals'>
					<div class='col l2 m4 s6'>
						<div class='card suite-total-tests'> 
							<span class='panel-name'>Total Tests</span> 
							<span class='total-tests'> <span class='panel-lead'></span> </span> 
						</div> 
					</div>
					<div class='col l2 m4 s6'>
						<div class='card suite-total-steps'> 
							<span class='panel-name'>Total Steps</span> 
							<span class='total-steps'> <span class='panel-lead'></span> </span> 
						</div> 
					</div>
					<div class='col l2 m4 s12'>
						<div class='card suite-total-time-current'> 
							<span class='panel-name'>Total Time Taken (Current Run)</span> 
							<span class='suite-total-time-current-value panel-lead'>0h 24m 46s+684ms</span> 
						</div> 
					</div>
					<div class='col l2 m4 s12'>
						<div class='card suite-total-time-overall'> 
							<span class='panel-name'>Total Time Taken (Overall)</span> 
							<span class='suite-total-time-overall-value panel-lead'>0h 24m 46s+684ms</span> 
						</div> 
					</div>
					<div class='col l2 m4 s6 suite-start-time'>
						<div class='card accent green-accent'> 
							<span class='panel-name'>Start</span> 
							<span class='panel-lead suite-started-time'>2019-06-27 13:10:39</span> 
						</div> 
					</div>
					<div class='col l2 m4 s6 suite-end-time'>
						<div class='card accent pink-accent'> 
							<span class='panel-name'>End</span> 
							<span class='panel-lead suite-ended-time'>2019-06-27 13:35:26</span> 
						</div> 
					</div>
				</div>
				<div class='charts'>
					<div class='col s12 m6 l4 fh'> 
						<div class='card-panel'> 
							<div>
								<span class='panel-name'>Tests View</span>
							</div> 
							<div class='panel-setting modal-trigger test-count-setting right'>
								<a href='#test-count-setting'><i class='mdi-navigation-more-vert text-md'></i></a>
							</div> 
							<div class='chart-box'>
								<canvas class='text-centered' id='test-analysis'></canvas>
							</div> 
							<div>
								<span class='weight-light'><span class='t-pass-count weight-normal'></span> test(s) passed</span>
							</div> 
							<div>
								<span class='weight-light'><span class='t-fail-count weight-normal'></span> test(s) failed, <span class='t-others-count weight-normal'></span> others</span>
							</div> 
						</div> 
					</div> 
					<div class='col s12 m6 l4 fh'> 
						<div class='card-panel'> 
							<div>
								<span class='panel-name'>Steps View</span>
							</div> 
							<div class='panel-setting modal-trigger step-status-filter right'>
								<a href='#step-status-filter'><i class='mdi-navigation-more-vert text-md'></i></a>
							</div> 
							<div class='chart-box'>
								<canvas class='text-centered' id='step-analysis'></canvas>
							</div> 
							<div>
								<span class='weight-light'><span class='s-pass-count weight-normal'></span> step(s) passed </span>
							</div> 
							<div>
								<span class='weight-light'><span class='s-fail-count weight-normal'></span> step(s) failed, <span class='s-others-count weight-normal'></span> others</span>
							</div> 
						</div> 
					</div>
					<div class='col s12 m12 l4 fh'> 
						<div class='card-panel'> 
							<span class='panel-name'>Pass Percentage</span> 
							<span class='pass-percentage panel-lead'></span> 
							<div class='progress light-blue lighten-3'> 
								<div class='determinate light-blue'></div> 
							</div> 
						</div> 
					</div>
				</div>
				<div class='system-view'>
					<div class='col l4 m12 s12'>
						<div class='card-panel'>
							<span class='label info outline right'>Environment</span>
							<table>
								<thead>
									<tr>
										<th>Param</th>
										<th>Value</th>
									</tr>
								</thead>
								<tbody>
										<tr>
											<td>User Name</td>
											<td>brahmithchary.p</td>
										</tr>
										<tr>
											<td>OS</td>
											<td>Windows 7</td>
										</tr>
										<tr>
											<td>Java Version</td>
											<td>1.8.0_171</td>
										</tr>
										<tr>
											<td>Host Name</td>
											<td>QTLSYS2-238</td>
										</tr>
								</tbody>
							</table>
						</div>
					</div>
				</div>
			</div>
			<!-- /dashboard -->
			
			<!-- tests -->
			<div id='test-view' class='row _addedTable'>
				<div class='col _addedCell1'>
					<div class='contents'>
						<div class='card-panel heading'>
							<h5>Tests</h5>
						</div>
						<div class='card-panel filters'>
							<div>
								<a class='dropdown-button btn-floating btn-small waves-effect waves-light grey tests-toggle' data-activates='tests-toggle' data-constrainwidth='true' data-beloworigin='true' data-hover='true' href='#'>
									<i class='mdi-action-reorder'></i>
								</a>
								<ul id='tests-toggle' class='dropdown-content'>
									<li class='pass'><a href='#!'>Pass</a></li>
									<li class='fail'><a href='#!'>Fail</a></li>
									<li class='skip'><a href='#!'>Skip</a></li>
									<li class='divider'></li>
									<li class='clear'><a href='#!'>Clear Filters</a></li>
								</ul>
							</div>
							<div>
								<a class='btn-floating btn-small waves-effect waves-light grey' id='clear-filters' alt='Clear Filters' title='Clear Filters'>
									<i class='mdi-navigation-close'></i>
								</a>
							</div>
							<div>
								<a class='btn-floating btn-small waves-effect waves-light grey' id='enableDashboard' alt='Enable Dashboard' title='Enable Dashboard'>
									<i class='mdi-action-track-changes'></i>
								</a>
							</div>
							<div>
								<a class='btn-floating btn-small waves-effect waves-light blue enabled' id='refreshCharts' alt='Refresh Charts on Filters' title='Refresh Charts on Filters'>
									<i class='mdi-navigation-refresh'></i>
								</a>
							</div>
							<div class='search' alt='Search Tests' title='Search Tests'>
								<div class='input-field left'>
									<input id='searchTests' type='text' class='validate' placeholder='Search Tests...'>
								</div>
								<a href="#" class='btn-floating btn-small waves-effect waves-light grey'>
									<i class='mdi-action-search'></i>
								</a>
							</div>
						</div>
						<div class='card-panel no-padding-h no-padding-v no-margin-v'>
							<div class='wrapper'>
								<ul id='test-collection' class='test-collection'>
										<li class='collection-item test displayed active fail ' extentid='5d8b3c99-e73d-4898-bed6-57a52abb4d1f'>
											<div class='test-head'>
												<span class='test-name'>Recon_ILP_Debit_Card_Variance </span>
												<span class='test-status label right outline capitalize fail'>fail</span>
												<span class='category-assigned hide '></span>
											</div>
											<div class='test-body'>
												<div class='test-info'>
													<span title='Test started time' alt='Test started time' class='test-started-time label green lighten-1 text-white'>2019-06-27 13:10:44</span>
													<span title='Test ended time' alt='Test ended time' class='test-ended-time label red lighten-1 text-white'></span>
													<span title='Time taken to finish' alt='Time taken to finish' class='test-time-taken label blue-grey lighten-3 text-white'></span>
												</div>
												<div class='test-desc'>New ILP Loan->Age the store after Rescind period->Refinance</div>
												<div class='test-attributes'>
												</div>
												<div class='test-steps'>
													<table class='bordered table-results'>
														<thead>
															<tr>
																<th>Status</th>
																<th>Timestamp</th>
																<th>Details</th>
															</tr>
														</thead>
														<tbody>
																<tr>
																	<td class='status info' title='info' alt='info'><i class='mdi-action-info-outline'></i></td>
																	<td class='timestamp'>13:10:48</td>
																	<td class='step-details'><FONT color=green style=Calibri > Opened the CSR URL https://qclocalreg/cc/demoIndex.do</td>
																</tr>
																<tr>
																	<td class='status info' title='info' alt='info'><i class='mdi-action-info-outline'></i></td>
																	<td class='timestamp'>13:10:48</td>
																	<td class='step-details'>CSR Application is launched</td>
																</tr>
																<tr>
																	<td class='status fail' title='fail' alt='fail'><i class='mdi-navigation-cancel'></i></td>
																	<td class='timestamp'>13:11:20</td>
																	<td class='step-details'>CSR login is failed</td>
																</tr>
																<tr>
																	<td class='status info' title='info' alt='info'><i class='mdi-action-info-outline'></i></td>
																	<td class='timestamp'>13:11:20</td>
																	<td class='step-details'>Borrower Registration has started</td>
																</tr>
																<tr>
																	<td class='status info' title='info' alt='info'><i class='mdi-action-info-outline'></i></td>
																	<td class='timestamp'>13:12:21</td>
																	<td class='step-details'>Exception occured org.openqa.selenium.NoSuchFrameException: No frame element found by name or id bottom
Build info: version: '3.14.0', revision: 'aacccce0', time: '2018-08-02T20:19:58.91Z'
System info: host: 'QTLSYS2-238', ip: '192.168.3.29', os.name: 'Windows 7', os.</td>
																</tr>
																<tr>
																	<td class='status info' title='info' alt='info'><i class='mdi-action-info-outline'></i></td>
																	<td class='timestamp'>13:12:21</td>
																	<td class='step-details'><a href='C:\QC_Batch\QC_Accouting/ExecutionReports/QCStore/ILP/FailedTestsScreenshots/Borrower2019.06.27.01.12.21.png' data-featherlight='image'><img class='report-img' src='file:///C:\QC_Batch\QC_Accouting/ExecutionReports/QCStore/ILP/FailedTestsScreenshots/Borrower2019.06.27.01.12.21.png' /></a></td>
																</tr>
																<tr>
																	<td class='status info' title='info' alt='info'><i class='mdi-action-info-outline'></i></td>
																	<td class='timestamp'>13:12:21</td>
																	<td class='step-details'>Borrower Registration process is initiated again due to Application sync issue</td>
																</tr>
																<tr>
																	<td class='status info' title='info' alt='info'><i class='mdi-action-info-outline'></i></td>
																	<td class='timestamp'>13:12:22</td>
																	<td class='step-details'>Borrower Registration has started</td>
																</tr>
																<tr>
																	<td class='status info' title='info' alt='info'><i class='mdi-action-info-outline'></i></td>
																	<td class='timestamp'>13:12:52</td>
																	<td class='step-details'>Exception occured org.openqa.selenium.NoSuchElementException: Unable to find element with xpath == /html/body/blink/table/tbody/tr/td[4] (WARNING: The server did not provide any stacktrace information)
Command duration or timeout: 0 milliseconds
For documentation on t</td>
																</tr>
																<tr>
																	<td class='status info' title='info' alt='info'><i class='mdi-action-info-outline'></i></td>
																	<td class='timestamp'>13:12:52</td>
																	<td class='step-details'><a href='C:\QC_Batch\QC_Accouting/ExecutionReports/QCStore/ILP/FailedTestsScreenshots/Borrower2019.06.27.01.12.52.png' data-featherlight='image'><img class='report-img' src='file:///C:\QC_Batch\QC_Accouting/ExecutionReports/QCStore/ILP/FailedTestsScreenshots/Borrower2019.06.27.01.12.52.png' /></a></td>
																</tr>
																<tr>
																	<td class='status info' title='info' alt='info'><i class='mdi-action-info-outline'></i></td>
																	<td class='timestamp'>13:12:52</td>
																	<td class='step-details'>Borrower Registration process is initiated again due to Application sync issue</td>
																</tr>
																<tr>
																	<td class='status info' title='info' alt='info'><i class='mdi-action-info-outline'></i></td>
																	<td class='timestamp'>13:12:53</td>
																	<td class='step-details'>Borrower Registration has started</td>
																</tr>
																<tr>
																	<td class='status info' title='info' alt='info'><i class='mdi-action-info-outline'></i></td>
																	<td class='timestamp'>13:13:23</td>
																	<td class='step-details'>Exception occured org.openqa.selenium.NoSuchElementException: Unable to find element with xpath == /html/body/blink/table/tbody/tr/td[4] (WARNING: The server did not provide any stacktrace information)
Command duration or timeout: 0 milliseconds
For documentation on t</td>
																</tr>
																<tr>
																	<td class='status info' title='info' alt='info'><i class='mdi-action-info-outline'></i></td>
																	<td class='timestamp'>13:13:23</td>
																	<td class='step-details'><a href='C:\QC_Batch\QC_Accouting/ExecutionReports/QCStore/ILP/FailedTestsScreenshots/Borrower2019.06.27.01.13.23.png' data-featherlight='image'><img class='report-img' src='file:///C:\QC_Batch\QC_Accouting/ExecutionReports/QCStore/ILP/FailedTestsScreenshots/Borrower2019.06.27.01.13.23.png' /></a></td>
																</tr>
																<tr>
																	<td class='status info' title='info' alt='info'><i class='mdi-action-info-outline'></i></td>
																	<td class='timestamp'>13:13:23</td>
																	<td class='step-details'>Borrower Registration process is initiated again due to Application sync issue</td>
																</tr>
																<tr>
																	<td class='status fail' title='fail' alt='fail'><i class='mdi-navigation-cancel'></i></td>
																	<td class='timestamp'>13:13:24</td>
																	<td class='step-details'>Borrower Registration is failed</td>
																</tr>
																<tr>
																	<td class='status fail' title='fail' alt='fail'><i class='mdi-navigation-cancel'></i></td>
																	<td class='timestamp'>13:13:24</td>
																	<td class='step-details'>Test Case Failed is Txn1_Recon_ILP_Debit_Card_Variance_scenario</td>
																</tr>
																<tr>
																	<td class='status fail' title='fail' alt='fail'><i class='mdi-navigation-cancel'></i></td>
																	<td class='timestamp'>13:13:24</td>
																	<td class='step-details'><a href='C:\QC_Batch\QC_Accouting/ExecutionReports/QCStore/ILP/FailedTestsScreenshots/Txn1_Recon_ILP_Debit_Card_Variance_scenario2019.06.27.01.13.24.png' data-featherlight='image'><img class='report-img' src='file:///C:\QC_Batch\QC_Accouting/ExecutionReports/QCStore/ILP/FailedTestsScreenshots/Txn1_Recon_ILP_Debit_Card_Variance_scenario2019.06.27.01.13.24.png' /></a></td>
																</tr>
														</tbody>
													</table>
													<ul class='collapsible node-list' data-collapsible='accordion'>
													</ul>
												</div>
											</div>
										</li>
										<li class='collection-item test displayed active fail ' extentid='3b1bb034-b258-4d49-a371-4ec6bb402d0b'>
											<div class='test-head'>
												<span class='test-name'>Reverse_and_Reallocation </span>
												<span class='test-status label right outline capitalize fail'>fail</span>
												<span class='category-assigned hide '></span>
											</div>
											<div class='test-body'>
												<div class='test-info'>
													<span title='Test started time' alt='Test started time' class='test-started-time label green lighten-1 text-white'>2019-06-27 13:13:30</span>
													<span title='Test ended time' alt='Test ended time' class='test-ended-time label red lighten-1 text-white'></span>
													<span title='Time taken to finish' alt='Time taken to finish' class='test-time-taken label blue-grey lighten-3 text-white'></span>
												</div>
												<div class='test-desc'>While posting chargeback transaction for current / DLQ customers Checking Reverse and reallocation</div>
												<div class='test-attributes'>
												</div>
												<div class='test-steps'>
													<table class='bordered table-results'>
														<thead>
															<tr>
																<th>Status</th>
																<th>Timestamp</th>
																<th>Details</th>
															</tr>
														</thead>
														<tbody>
																<tr>
																	<td class='status info' title='info' alt='info'><i class='mdi-action-info-outline'></i></td>
																	<td class='timestamp'>13:13:34</td>
																	<td class='step-details'><FONT color=green style=Calibri > Opened the CSR URL https://qclocalreg/cc/demoIndex.do</td>
																</tr>
																<tr>
																	<td class='status info' title='info' alt='info'><i class='mdi-action-info-outline'></i></td>
																	<td class='timestamp'>13:13:34</td>
																	<td class='step-details'>CSR Application is launched</td>
																</tr>
																<tr>
																	<td class='status fail' title='fail' alt='fail'><i class='mdi-navigation-cancel'></i></td>
																	<td class='timestamp'>13:14:06</td>
																	<td class='step-details'>CSR login is failed</td>
																</tr>
																<tr>
																	<td class='status info' title='info' alt='info'><i class='mdi-action-info-outline'></i></td>
																	<td class='timestamp'>13:14:06</td>
																	<td class='step-details'>Borrower Registration has started</td>
																</tr>
																<tr>
																	<td class='status info' title='info' alt='info'><i class='mdi-action-info-outline'></i></td>
																	<td class='timestamp'>13:15:06</td>
																	<td class='step-details'>Exception occured org.openqa.selenium.NoSuchFrameException: No frame element found by name or id bottom
Build info: version: '3.14.0', revision: 'aacccce0', time: '2018-08-02T20:19:58.91Z'
System info: host: 'QTLSYS2-238', ip: '192.168.3.29', os.name: 'Windows 7', os.</td>
																</tr>
																<tr>
																	<td class='status info' title='info' alt='info'><i class='mdi-action-info-outline'></i></td>
																	<td class='timestamp'>13:15:07</td>
																	<td class='step-details'><a href='C:\QC_Batch\QC_Accouting/ExecutionReports/QCStore/ILP/FailedTestsScreenshots/Borrower2019.06.27.01.15.06.png' data-featherlight='image'><img class='report-img' src='file:///C:\QC_Batch\QC_Accouting/ExecutionReports/QCStore/ILP/FailedTestsScreenshots/Borrower2019.06.27.01.15.06.png' /></a></td>
																</tr>
																<tr>
																	<td class='status info' title='info' alt='info'><i class='mdi-action-info-outline'></i></td>
																	<td class='timestamp'>13:15:07</td>
																	<td class='step-details'>Borrower Registration process is initiated again due to Application sync issue</td>
																</tr>
																<tr>
																	<td class='status info' title='info' alt='info'><i class='mdi-action-info-outline'></i></td>
																	<td class='timestamp'>13:15:08</td>
																	<td class='step-details'>Borrower Registration has started</td>
																</tr>
																<tr>
																	<td class='status info' title='info' alt='info'><i class='mdi-action-info-outline'></i></td>
																	<td class='timestamp'>13:15:38</td>
																	<td class='step-details'>Exception occured org.openqa.selenium.NoSuchElementException: Unable to find element with xpath == /html/body/blink/table/tbody/tr/td[4] (WARNING: The server did not provide any stacktrace information)
Command duration or timeout: 0 milliseconds
For documentation on t</td>
																</tr>
																<tr>
																	<td class='status info' title='info' alt='info'><i class='mdi-action-info-outline'></i></td>
																	<td class='timestamp'>13:15:38</td>
																	<td class='step-details'><a href='C:\QC_Batch\QC_Accouting/ExecutionReports/QCStore/ILP/FailedTestsScreenshots/Borrower2019.06.27.01.15.38.png' data-featherlight='image'><img class='report-img' src='file:///C:\QC_Batch\QC_Accouting/ExecutionReports/QCStore/ILP/FailedTestsScreenshots/Borrower2019.06.27.01.15.38.png' /></a></td>
																</tr>
																<tr>
																	<td class='status info' title='info' alt='info'><i class='mdi-action-info-outline'></i></td>
																	<td class='timestamp'>13:15:38</td>
																	<td class='step-details'>Borrower Registration process is initiated again due to Application sync issue</td>
																</tr>
																<tr>
																	<td class='status info' title='info' alt='info'><i class='mdi-action-info-outline'></i></td>
																	<td class='timestamp'>13:15:39</td>
																	<td class='step-details'>Borrower Registration has started</td>
																</tr>
																<tr>
																	<td class='status info' title='info' alt='info'><i class='mdi-action-info-outline'></i></td>
																	<td class='timestamp'>13:16:09</td>
																	<td class='step-details'>Exception occured org.openqa.selenium.NoSuchElementException: Unable to find element with xpath == /html/body/blink/table/tbody/tr/td[4] (WARNING: The server did not provide any stacktrace information)
Command duration or timeout: 0 milliseconds
For documentation on t</td>
																</tr>
																<tr>
																	<td class='status info' title='info' alt='info'><i class='mdi-action-info-outline'></i></td>
																	<td class='timestamp'>13:16:09</td>
																	<td class='step-details'><a href='C:\QC_Batch\QC_Accouting/ExecutionReports/QCStore/ILP/FailedTestsScreenshots/Borrower2019.06.27.01.16.09.png' data-featherlight='image'><img class='report-img' src='file:///C:\QC_Batch\QC_Accouting/ExecutionReports/QCStore/ILP/FailedTestsScreenshots/Borrower2019.06.27.01.16.09.png' /></a></td>
																</tr>
																<tr>
																	<td class='status info' title='info' alt='info'><i class='mdi-action-info-outline'></i></td>
																	<td class='timestamp'>13:16:09</td>
																	<td class='step-details'>Borrower Registration process is initiated again due to Application sync issue</td>
																</tr>
																<tr>
																	<td class='status fail' title='fail' alt='fail'><i class='mdi-navigation-cancel'></i></td>
																	<td class='timestamp'>13:16:09</td>
																	<td class='step-details'>Borrower Registration is failed</td>
																</tr>
																<tr>
																	<td class='status fail' title='fail' alt='fail'><i class='mdi-navigation-cancel'></i></td>
																	<td class='timestamp'>13:16:09</td>
																	<td class='step-details'>Test Case Failed is Txn3_4_Reverse_and_Reallocation</td>
																</tr>
																<tr>
																	<td class='status fail' title='fail' alt='fail'><i class='mdi-navigation-cancel'></i></td>
																	<td class='timestamp'>13:16:09</td>
																	<td class='step-details'><a href='C:\QC_Batch\QC_Accouting/ExecutionReports/QCStore/ILP/FailedTestsScreenshots/Txn3_4_Reverse_and_Reallocation2019.06.27.01.16.09.png' data-featherlight='image'><img class='report-img' src='file:///C:\QC_Batch\QC_Accouting/ExecutionReports/QCStore/ILP/FailedTestsScreenshots/Txn3_4_Reverse_and_Reallocation2019.06.27.01.16.09.png' /></a></td>
																</tr>
														</tbody>
													</table>
													<ul class='collapsible node-list' data-collapsible='accordion'>
													</ul>
												</div>
											</div>
										</li>
										<li class='collection-item test displayed active fail ' extentid='ed5dcd06-52fe-490e-946b-94769de3ef34'>
											<div class='test-head'>
												<span class='test-name'>EPP </span>
												<span class='test-status label right outline capitalize fail'>fail</span>
												<span class='category-assigned hide '></span>
											</div>
											<div class='test-body'>
												<div class='test-info'>
													<span title='Test started time' alt='Test started time' class='test-started-time label green lighten-1 text-white'>2019-06-27 13:16:15</span>
													<span title='Test ended time' alt='Test ended time' class='test-ended-time label red lighten-1 text-white'></span>
													<span title='Time taken to finish' alt='Time taken to finish' class='test-time-taken label blue-grey lighten-3 text-white'></span>
												</div>
												<div class='test-desc'>In Payment Plan, while doing installment check deposit,the tran ID is being stored as DP instead of PPay</div>
												<div class='test-attributes'>
												</div>
												<div class='test-steps'>
													<table class='bordered table-results'>
														<thead>
															<tr>
																<th>Status</th>
																<th>Timestamp</th>
																<th>Details</th>
															</tr>
														</thead>
														<tbody>
																<tr>
																	<td class='status info' title='info' alt='info'><i class='mdi-action-info-outline'></i></td>
																	<td class='timestamp'>13:16:19</td>
																	<td class='step-details'><FONT color=green style=Calibri > Opened the CSR URL https://qclocalreg/cc/demoIndex.do</td>
																</tr>
																<tr>
																	<td class='status info' title='info' alt='info'><i class='mdi-action-info-outline'></i></td>
																	<td class='timestamp'>13:16:19</td>
																	<td class='step-details'>CSR Application is launched</td>
																</tr>
																<tr>
																	<td class='status fail' title='fail' alt='fail'><i class='mdi-navigation-cancel'></i></td>
																	<td class='timestamp'>13:16:51</td>
																	<td class='step-details'>CSR login is failed</td>
																</tr>
																<tr>
																	<td class='status info' title='info' alt='info'><i class='mdi-action-info-outline'></i></td>
																	<td class='timestamp'>13:16:51</td>
																	<td class='step-details'>Borrower Registration has started</td>
																</tr>
																<tr>
																	<td class='status info' title='info' alt='info'><i class='mdi-action-info-outline'></i></td>
																	<td class='timestamp'>13:17:51</td>
																	<td class='step-details'>Exception occured org.openqa.selenium.NoSuchFrameException: No frame element found by name or id bottom
Build info: version: '3.14.0', revision: 'aacccce0', time: '2018-08-02T20:19:58.91Z'
System info: host: 'QTLSYS2-238', ip: '192.168.3.29', os.name: 'Windows 7', os.</td>
																</tr>
																<tr>
																	<td class='status info' title='info' alt='info'><i class='mdi-action-info-outline'></i></td>
																	<td class='timestamp'>13:17:51</td>
																	<td class='step-details'><a href='C:\QC_Batch\QC_Accouting/ExecutionReports/QCStore/ILP/FailedTestsScreenshots/Borrower2019.06.27.01.17.51.png' data-featherlight='image'><img class='report-img' src='file:///C:\QC_Batch\QC_Accouting/ExecutionReports/QCStore/ILP/FailedTestsScreenshots/Borrower2019.06.27.01.17.51.png' /></a></td>
																</tr>
																<tr>
																	<td class='status info' title='info' alt='info'><i class='mdi-action-info-outline'></i></td>
																	<td class='timestamp'>13:17:51</td>
																	<td class='step-details'>Borrower Registration process is initiated again due to Application sync issue</td>
																</tr>
																<tr>
																	<td class='status info' title='info' alt='info'><i class='mdi-action-info-outline'></i></td>
																	<td class='timestamp'>13:17:52</td>
																	<td class='step-details'>Borrower Registration has started</td>
																</tr>
																<tr>
																	<td class='status info' title='info' alt='info'><i class='mdi-action-info-outline'></i></td>
																	<td class='timestamp'>13:18:22</td>
																	<td class='step-details'>Exception occured org.openqa.selenium.NoSuchElementException: Unable to find element with xpath == /html/body/blink/table/tbody/tr/td[4] (WARNING: The server did not provide any stacktrace information)
Command duration or timeout: 0 milliseconds
For documentation on t</td>
																</tr>
																<tr>
																	<td class='status info' title='info' alt='info'><i class='mdi-action-info-outline'></i></td>
																	<td class='timestamp'>13:18:23</td>
																	<td class='step-details'><a href='C:\QC_Batch\QC_Accouting/ExecutionReports/QCStore/ILP/FailedTestsScreenshots/Borrower2019.06.27.01.18.22.png' data-featherlight='image'><img class='report-img' src='file:///C:\QC_Batch\QC_Accouting/ExecutionReports/QCStore/ILP/FailedTestsScreenshots/Borrower2019.06.27.01.18.22.png' /></a></td>
																</tr>
																<tr>
																	<td class='status info' title='info' alt='info'><i class='mdi-action-info-outline'></i></td>
																	<td class='timestamp'>13:18:23</td>
																	<td class='step-details'>Borrower Registration process is initiated again due to Application sync issue</td>
																</tr>
																<tr>
																	<td class='status info' title='info' alt='info'><i class='mdi-action-info-outline'></i></td>
																	<td class='timestamp'>13:18:23</td>
																	<td class='step-details'>Borrower Registration has started</td>
																</tr>
																<tr>
																	<td class='status info' title='info' alt='info'><i class='mdi-action-info-outline'></i></td>
																	<td class='timestamp'>13:18:53</td>
																	<td class='step-details'>Exception occured org.openqa.selenium.NoSuchElementException: Unable to find element with xpath == /html/body/blink/table/tbody/tr/td[4] (WARNING: The server did not provide any stacktrace information)
Command duration or timeout: 0 milliseconds
For documentation on t</td>
																</tr>
																<tr>
																	<td class='status info' title='info' alt='info'><i class='mdi-action-info-outline'></i></td>
																	<td class='timestamp'>13:18:53</td>
																	<td class='step-details'><a href='C:\QC_Batch\QC_Accouting/ExecutionReports/QCStore/ILP/FailedTestsScreenshots/Borrower2019.06.27.01.18.53.png' data-featherlight='image'><img class='report-img' src='file:///C:\QC_Batch\QC_Accouting/ExecutionReports/QCStore/ILP/FailedTestsScreenshots/Borrower2019.06.27.01.18.53.png' /></a></td>
																</tr>
																<tr>
																	<td class='status info' title='info' alt='info'><i class='mdi-action-info-outline'></i></td>
																	<td class='timestamp'>13:18:53</td>
																	<td class='step-details'>Borrower Registration process is initiated again due to Application sync issue</td>
																</tr>
																<tr>
																	<td class='status fail' title='fail' alt='fail'><i class='mdi-navigation-cancel'></i></td>
																	<td class='timestamp'>13:18:54</td>
																	<td class='step-details'>Borrower Registration is failed</td>
																</tr>
																<tr>
																	<td class='status fail' title='fail' alt='fail'><i class='mdi-navigation-cancel'></i></td>
																	<td class='timestamp'>13:18:54</td>
																	<td class='step-details'>Test Case Failed is Txn11_EPP</td>
																</tr>
																<tr>
																	<td class='status fail' title='fail' alt='fail'><i class='mdi-navigation-cancel'></i></td>
																	<td class='timestamp'>13:18:54</td>
																	<td class='step-details'><a href='C:\QC_Batch\QC_Accouting/ExecutionReports/QCStore/ILP/FailedTestsScreenshots/Txn11_EPP2019.06.27.01.18.54.png' data-featherlight='image'><img class='report-img' src='file:///C:\QC_Batch\QC_Accouting/ExecutionReports/QCStore/ILP/FailedTestsScreenshots/Txn11_EPP2019.06.27.01.18.54.png' /></a></td>
																</tr>
														</tbody>
													</table>
													<ul class='collapsible node-list' data-collapsible='accordion'>
													</ul>
												</div>
											</div>
										</li>
										<li class='collection-item test displayed active fail ' extentid='9acd673c-75a9-4b7c-bbb5-6722e1852033'>
											<div class='test-head'>
												<span class='test-name'>Recon_CashRoll </span>
												<span class='test-status label right outline capitalize fail'>fail</span>
												<span class='category-assigned hide '></span>
											</div>
											<div class='test-body'>
												<div class='test-info'>
													<span title='Test started time' alt='Test started time' class='test-started-time label green lighten-1 text-white'>2019-06-27 13:19:00</span>
													<span title='Test ended time' alt='Test ended time' class='test-ended-time label red lighten-1 text-white'></span>
													<span title='Time taken to finish' alt='Time taken to finish' class='test-time-taken label blue-grey lighten-3 text-white'></span>
												</div>
												<div class='test-desc'>New Loan->Age the store date to Due date->DC Deposit->Return DC Deposit->NSF Payment</div>
												<div class='test-attributes'>
												</div>
												<div class='test-steps'>
													<table class='bordered table-results'>
														<thead>
															<tr>
																<th>Status</th>
																<th>Timestamp</th>
																<th>Details</th>
															</tr>
														</thead>
														<tbody>
																<tr>
																	<td class='status info' title='info' alt='info'><i class='mdi-action-info-outline'></i></td>
																	<td class='timestamp'>13:19:04</td>
																	<td class='step-details'><FONT color=green style=Calibri > Opened the CSR URL https://qclocalreg/cc/demoIndex.do</td>
																</tr>
																<tr>
																	<td class='status info' title='info' alt='info'><i class='mdi-action-info-outline'></i></td>
																	<td class='timestamp'>13:19:04</td>
																	<td class='step-details'>CSR Application is launched</td>
																</tr>
																<tr>
																	<td class='status fail' title='fail' alt='fail'><i class='mdi-navigation-cancel'></i></td>
																	<td class='timestamp'>13:19:35</td>
																	<td class='step-details'>CSR login is failed</td>
																</tr>
																<tr>
																	<td class='status info' title='info' alt='info'><i class='mdi-action-info-outline'></i></td>
																	<td class='timestamp'>13:19:35</td>
																	<td class='step-details'>Borrower Registration has started</td>
																</tr>
																<tr>
																	<td class='status info' title='info' alt='info'><i class='mdi-action-info-outline'></i></td>
																	<td class='timestamp'>13:20:36</td>
																	<td class='step-details'>Exception occured org.openqa.selenium.NoSuchFrameException: No frame element found by name or id bottom
Build info: version: '3.14.0', revision: 'aacccce0', time: '2018-08-02T20:19:58.91Z'
System info: host: 'QTLSYS2-238', ip: '192.168.3.29', os.name: 'Windows 7', os.</td>
																</tr>
																<tr>
																	<td class='status info' title='info' alt='info'><i class='mdi-action-info-outline'></i></td>
																	<td class='timestamp'>13:20:36</td>
																	<td class='step-details'><a href='C:\QC_Batch\QC_Accouting/ExecutionReports/QCStore/ILP/FailedTestsScreenshots/Borrower2019.06.27.01.20.36.png' data-featherlight='image'><img class='report-img' src='file:///C:\QC_Batch\QC_Accouting/ExecutionReports/QCStore/ILP/FailedTestsScreenshots/Borrower2019.06.27.01.20.36.png' /></a></td>
																</tr>
																<tr>
																	<td class='status info' title='info' alt='info'><i class='mdi-action-info-outline'></i></td>
																	<td class='timestamp'>13:20:36</td>
																	<td class='step-details'>Borrower Registration process is initiated again due to Application sync issue</td>
																</tr>
																<tr>
																	<td class='status info' title='info' alt='info'><i class='mdi-action-info-outline'></i></td>
																	<td class='timestamp'>13:20:37</td>
																	<td class='step-details'>Borrower Registration has started</td>
																</tr>
																<tr>
																	<td class='status info' title='info' alt='info'><i class='mdi-action-info-outline'></i></td>
																	<td class='timestamp'>13:21:07</td>
																	<td class='step-details'>Exception occured org.openqa.selenium.NoSuchElementException: Unable to find element with xpath == /html/body/blink/table/tbody/tr/td[4] (WARNING: The server did not provide any stacktrace information)
Command duration or timeout: 0 milliseconds
For documentation on t</td>
																</tr>
																<tr>
																	<td class='status info' title='info' alt='info'><i class='mdi-action-info-outline'></i></td>
																	<td class='timestamp'>13:21:07</td>
																	<td class='step-details'><a href='C:\QC_Batch\QC_Accouting/ExecutionReports/QCStore/ILP/FailedTestsScreenshots/Borrower2019.06.27.01.21.07.png' data-featherlight='image'><img class='report-img' src='file:///C:\QC_Batch\QC_Accouting/ExecutionReports/QCStore/ILP/FailedTestsScreenshots/Borrower2019.06.27.01.21.07.png' /></a></td>
																</tr>
																<tr>
																	<td class='status info' title='info' alt='info'><i class='mdi-action-info-outline'></i></td>
																	<td class='timestamp'>13:21:07</td>
																	<td class='step-details'>Borrower Registration process is initiated again due to Application sync issue</td>
																</tr>
																<tr>
																	<td class='status info' title='info' alt='info'><i class='mdi-action-info-outline'></i></td>
																	<td class='timestamp'>13:21:08</td>
																	<td class='step-details'>Borrower Registration has started</td>
																</tr>
																<tr>
																	<td class='status info' title='info' alt='info'><i class='mdi-action-info-outline'></i></td>
																	<td class='timestamp'>13:21:38</td>
																	<td class='step-details'>Exception occured org.openqa.selenium.NoSuchElementException: Unable to find element with xpath == /html/body/blink/table/tbody/tr/td[4] (WARNING: The server did not provide any stacktrace information)
Command duration or timeout: 0 milliseconds
For documentation on t</td>
																</tr>
																<tr>
																	<td class='status info' title='info' alt='info'><i class='mdi-action-info-outline'></i></td>
																	<td class='timestamp'>13:21:38</td>
																	<td class='step-details'><a href='C:\QC_Batch\QC_Accouting/ExecutionReports/QCStore/ILP/FailedTestsScreenshots/Borrower2019.06.27.01.21.38.png' data-featherlight='image'><img class='report-img' src='file:///C:\QC_Batch\QC_Accouting/ExecutionReports/QCStore/ILP/FailedTestsScreenshots/Borrower2019.06.27.01.21.38.png' /></a></td>
																</tr>
																<tr>
																	<td class='status info' title='info' alt='info'><i class='mdi-action-info-outline'></i></td>
																	<td class='timestamp'>13:21:38</td>
																	<td class='step-details'>Borrower Registration process is initiated again due to Application sync issue</td>
																</tr>
																<tr>
																	<td class='status fail' title='fail' alt='fail'><i class='mdi-navigation-cancel'></i></td>
																	<td class='timestamp'>13:21:39</td>
																	<td class='step-details'>Borrower Registration is failed</td>
																</tr>
																<tr>
																	<td class='status fail' title='fail' alt='fail'><i class='mdi-navigation-cancel'></i></td>
																	<td class='timestamp'>13:21:39</td>
																	<td class='step-details'>Test Case Failed is Txn6_Recon_CashRoll</td>
																</tr>
																<tr>
																	<td class='status fail' title='fail' alt='fail'><i class='mdi-navigation-cancel'></i></td>
																	<td class='timestamp'>13:21:39</td>
																	<td class='step-details'><a href='C:\QC_Batch\QC_Accouting/ExecutionReports/QCStore/ILP/FailedTestsScreenshots/Txn6_Recon_CashRoll2019.06.27.01.21.39.png' data-featherlight='image'><img class='report-img' src='file:///C:\QC_Batch\QC_Accouting/ExecutionReports/QCStore/ILP/FailedTestsScreenshots/Txn6_Recon_CashRoll2019.06.27.01.21.39.png' /></a></td>
																</tr>
														</tbody>
													</table>
													<ul class='collapsible node-list' data-collapsible='accordion'>
													</ul>
												</div>
											</div>
										</li>
										<li class='collection-item test displayed active fail ' extentid='e61efc62-2b43-4505-bfaa-dbe2eda6573d'>
											<div class='test-head'>
												<span class='test-name'>Recon_ILP_EARNED_FEE_Variance </span>
												<span class='test-status label right outline capitalize fail'>fail</span>
												<span class='category-assigned hide '></span>
											</div>
											<div class='test-body'>
												<div class='test-info'>
													<span title='Test started time' alt='Test started time' class='test-started-time label green lighten-1 text-white'>2019-06-27 13:21:44</span>
													<span title='Test ended time' alt='Test ended time' class='test-ended-time label red lighten-1 text-white'></span>
													<span title='Time taken to finish' alt='Time taken to finish' class='test-time-taken label blue-grey lighten-3 text-white'></span>
												</div>
												<div class='test-desc'>New ILP Loan->Age the store after Rescind period->Refinance</div>
												<div class='test-attributes'>
												</div>
												<div class='test-steps'>
													<table class='bordered table-results'>
														<thead>
															<tr>
																<th>Status</th>
																<th>Timestamp</th>
																<th>Details</th>
															</tr>
														</thead>
														<tbody>
																<tr>
																	<td class='status info' title='info' alt='info'><i class='mdi-action-info-outline'></i></td>
																	<td class='timestamp'>13:21:48</td>
																	<td class='step-details'><FONT color=green style=Calibri > Opened the CSR URL https://qclocalreg/cc/demoIndex.do</td>
																</tr>
																<tr>
																	<td class='status info' title='info' alt='info'><i class='mdi-action-info-outline'></i></td>
																	<td class='timestamp'>13:21:48</td>
																	<td class='step-details'>CSR Application is launched</td>
																</tr>
																<tr>
																	<td class='status fail' title='fail' alt='fail'><i class='mdi-navigation-cancel'></i></td>
																	<td class='timestamp'>13:22:20</td>
																	<td class='step-details'>CSR login is failed</td>
																</tr>
																<tr>
																	<td class='status info' title='info' alt='info'><i class='mdi-action-info-outline'></i></td>
																	<td class='timestamp'>13:22:20</td>
																	<td class='step-details'>Borrower Registration has started</td>
																</tr>
																<tr>
																	<td class='status info' title='info' alt='info'><i class='mdi-action-info-outline'></i></td>
																	<td class='timestamp'>13:23:21</td>
																	<td class='step-details'>Exception occured org.openqa.selenium.NoSuchFrameException: No frame element found by name or id bottom
Build info: version: '3.14.0', revision: 'aacccce0', time: '2018-08-02T20:19:58.91Z'
System info: host: 'QTLSYS2-238', ip: '192.168.3.29', os.name: 'Windows 7', os.</td>
																</tr>
																<tr>
																	<td class='status info' title='info' alt='info'><i class='mdi-action-info-outline'></i></td>
																	<td class='timestamp'>13:23:21</td>
																	<td class='step-details'><a href='C:\QC_Batch\QC_Accouting/ExecutionReports/QCStore/ILP/FailedTestsScreenshots/Borrower2019.06.27.01.23.21.png' data-featherlight='image'><img class='report-img' src='file:///C:\QC_Batch\QC_Accouting/ExecutionReports/QCStore/ILP/FailedTestsScreenshots/Borrower2019.06.27.01.23.21.png' /></a></td>
																</tr>
																<tr>
																	<td class='status info' title='info' alt='info'><i class='mdi-action-info-outline'></i></td>
																	<td class='timestamp'>13:23:21</td>
																	<td class='step-details'>Borrower Registration process is initiated again due to Application sync issue</td>
																</tr>
																<tr>
																	<td class='status info' title='info' alt='info'><i class='mdi-action-info-outline'></i></td>
																	<td class='timestamp'>13:23:22</td>
																	<td class='step-details'>Borrower Registration has started</td>
																</tr>
																<tr>
																	<td class='status info' title='info' alt='info'><i class='mdi-action-info-outline'></i></td>
																	<td class='timestamp'>13:23:52</td>
																	<td class='step-details'>Exception occured org.openqa.selenium.NoSuchElementException: Unable to find element with xpath == /html/body/blink/table/tbody/tr/td[4] (WARNING: The server did not provide any stacktrace information)
Command duration or timeout: 0 milliseconds
For documentation on t</td>
																</tr>
																<tr>
																	<td class='status info' title='info' alt='info'><i class='mdi-action-info-outline'></i></td>
																	<td class='timestamp'>13:23:52</td>
																	<td class='step-details'><a href='C:\QC_Batch\QC_Accouting/ExecutionReports/QCStore/ILP/FailedTestsScreenshots/Borrower2019.06.27.01.23.52.png' data-featherlight='image'><img class='report-img' src='file:///C:\QC_Batch\QC_Accouting/ExecutionReports/QCStore/ILP/FailedTestsScreenshots/Borrower2019.06.27.01.23.52.png' /></a></td>
																</tr>
																<tr>
																	<td class='status info' title='info' alt='info'><i class='mdi-action-info-outline'></i></td>
																	<td class='timestamp'>13:23:52</td>
																	<td class='step-details'>Borrower Registration process is initiated again due to Application sync issue</td>
																</tr>
																<tr>
																	<td class='status info' title='info' alt='info'><i class='mdi-action-info-outline'></i></td>
																	<td class='timestamp'>13:23:53</td>
																	<td class='step-details'>Borrower Registration has started</td>
																</tr>
																<tr>
																	<td class='status info' title='info' alt='info'><i class='mdi-action-info-outline'></i></td>
																	<td class='timestamp'>13:24:23</td>
																	<td class='step-details'>Exception occured org.openqa.selenium.NoSuchElementException: Unable to find element with xpath == /html/body/blink/table/tbody/tr/td[4] (WARNING: The server did not provide any stacktrace information)
Command duration or timeout: 0 milliseconds
For documentation on t</td>
																</tr>
																<tr>
																	<td class='status info' title='info' alt='info'><i class='mdi-action-info-outline'></i></td>
																	<td class='timestamp'>13:24:23</td>
																	<td class='step-details'><a href='C:\QC_Batch\QC_Accouting/ExecutionReports/QCStore/ILP/FailedTestsScreenshots/Borrower2019.06.27.01.24.23.png' data-featherlight='image'><img class='report-img' src='file:///C:\QC_Batch\QC_Accouting/ExecutionReports/QCStore/ILP/FailedTestsScreenshots/Borrower2019.06.27.01.24.23.png' /></a></td>
																</tr>
																<tr>
																	<td class='status info' title='info' alt='info'><i class='mdi-action-info-outline'></i></td>
																	<td class='timestamp'>13:24:23</td>
																	<td class='step-details'>Borrower Registration process is initiated again due to Application sync issue</td>
																</tr>
																<tr>
																	<td class='status fail' title='fail' alt='fail'><i class='mdi-navigation-cancel'></i></td>
																	<td class='timestamp'>13:24:24</td>
																	<td class='step-details'>Borrower Registration is failed</td>
																</tr>
																<tr>
																	<td class='status fail' title='fail' alt='fail'><i class='mdi-navigation-cancel'></i></td>
																	<td class='timestamp'>13:24:24</td>
																	<td class='step-details'>Test Case Failed is Txn8_Recon_ILP_EARNED_FEE_Variance</td>
																</tr>
																<tr>
																	<td class='status fail' title='fail' alt='fail'><i class='mdi-navigation-cancel'></i></td>
																	<td class='timestamp'>13:24:24</td>
																	<td class='step-details'><a href='C:\QC_Batch\QC_Accouting/ExecutionReports/QCStore/ILP/FailedTestsScreenshots/Txn8_Recon_ILP_EARNED_FEE_Variance2019.06.27.01.24.24.png' data-featherlight='image'><img class='report-img' src='file:///C:\QC_Batch\QC_Accouting/ExecutionReports/QCStore/ILP/FailedTestsScreenshots/Txn8_Recon_ILP_EARNED_FEE_Variance2019.06.27.01.24.24.png' /></a></td>
																</tr>
														</tbody>
													</table>
													<ul class='collapsible node-list' data-collapsible='accordion'>
													</ul>
												</div>
											</div>
										</li>
										<li class='collection-item test displayed active fail ' extentid='a725c8f8-86ea-4a8e-8561-9ea9a7069937'>
											<div class='test-head'>
												<span class='test-name'>Bi-Weekly_frequency </span>
												<span class='test-status label right outline capitalize fail'>fail</span>
												<span class='category-assigned hide '></span>
											</div>
											<div class='test-body'>
												<div class='test-info'>
													<span title='Test started time' alt='Test started time' class='test-started-time label green lighten-1 text-white'>2019-06-27 13:24:29</span>
													<span title='Test ended time' alt='Test ended time' class='test-ended-time label red lighten-1 text-white'></span>
													<span title='Time taken to finish' alt='Time taken to finish' class='test-time-taken label blue-grey lighten-3 text-white'></span>
												</div>
												<div class='test-desc'>Frequency verification</div>
												<div class='test-attributes'>
												</div>
												<div class='test-steps'>
													<table class='bordered table-results'>
														<thead>
															<tr>
																<th>Status</th>
																<th>Timestamp</th>
																<th>Details</th>
															</tr>
														</thead>
														<tbody>
																<tr>
																	<td class='status info' title='info' alt='info'><i class='mdi-action-info-outline'></i></td>
																	<td class='timestamp'>13:24:34</td>
																	<td class='step-details'><FONT color=green style=Calibri > Opened the CSR URL https://qclocalreg/cc/demoIndex.do</td>
																</tr>
																<tr>
																	<td class='status info' title='info' alt='info'><i class='mdi-action-info-outline'></i></td>
																	<td class='timestamp'>13:24:34</td>
																	<td class='step-details'>CSR Application is launched</td>
																</tr>
																<tr>
																	<td class='status fail' title='fail' alt='fail'><i class='mdi-navigation-cancel'></i></td>
																	<td class='timestamp'>13:25:05</td>
																	<td class='step-details'>CSR login is failed</td>
																</tr>
																<tr>
																	<td class='status info' title='info' alt='info'><i class='mdi-action-info-outline'></i></td>
																	<td class='timestamp'>13:25:05</td>
																	<td class='step-details'>Borrower Registration has started</td>
																</tr>
																<tr>
																	<td class='status info' title='info' alt='info'><i class='mdi-action-info-outline'></i></td>
																	<td class='timestamp'>13:26:06</td>
																	<td class='step-details'>Exception occured org.openqa.selenium.NoSuchFrameException: No frame element found by name or id bottom
Build info: version: '3.14.0', revision: 'aacccce0', time: '2018-08-02T20:19:58.91Z'
System info: host: 'QTLSYS2-238', ip: '192.168.3.29', os.name: 'Windows 7', os.</td>
																</tr>
																<tr>
																	<td class='status info' title='info' alt='info'><i class='mdi-action-info-outline'></i></td>
																	<td class='timestamp'>13:26:06</td>
																	<td class='step-details'><a href='C:\QC_Batch\QC_Accouting/ExecutionReports/QCStore/ILP/FailedTestsScreenshots/Borrower2019.06.27.01.26.06.png' data-featherlight='image'><img class='report-img' src='file:///C:\QC_Batch\QC_Accouting/ExecutionReports/QCStore/ILP/FailedTestsScreenshots/Borrower2019.06.27.01.26.06.png' /></a></td>
																</tr>
																<tr>
																	<td class='status info' title='info' alt='info'><i class='mdi-action-info-outline'></i></td>
																	<td class='timestamp'>13:26:06</td>
																	<td class='step-details'>Borrower Registration process is initiated again due to Application sync issue</td>
																</tr>
																<tr>
																	<td class='status info' title='info' alt='info'><i class='mdi-action-info-outline'></i></td>
																	<td class='timestamp'>13:26:07</td>
																	<td class='step-details'>Borrower Registration has started</td>
																</tr>
																<tr>
																	<td class='status info' title='info' alt='info'><i class='mdi-action-info-outline'></i></td>
																	<td class='timestamp'>13:26:38</td>
																	<td class='step-details'>Exception occured org.openqa.selenium.NoSuchElementException: Unable to find element with xpath == /html/body/blink/table/tbody/tr/td[4] (WARNING: The server did not provide any stacktrace information)
Command duration or timeout: 0 milliseconds
For documentation on t</td>
																</tr>
																<tr>
																	<td class='status info' title='info' alt='info'><i class='mdi-action-info-outline'></i></td>
																	<td class='timestamp'>13:26:38</td>
																	<td class='step-details'><a href='C:\QC_Batch\QC_Accouting/ExecutionReports/QCStore/ILP/FailedTestsScreenshots/Borrower2019.06.27.01.26.38.png' data-featherlight='image'><img class='report-img' src='file:///C:\QC_Batch\QC_Accouting/ExecutionReports/QCStore/ILP/FailedTestsScreenshots/Borrower2019.06.27.01.26.38.png' /></a></td>
																</tr>
																<tr>
																	<td class='status info' title='info' alt='info'><i class='mdi-action-info-outline'></i></td>
																	<td class='timestamp'>13:26:38</td>
																	<td class='step-details'>Borrower Registration process is initiated again due to Application sync issue</td>
																</tr>
																<tr>
																	<td class='status info' title='info' alt='info'><i class='mdi-action-info-outline'></i></td>
																	<td class='timestamp'>13:26:38</td>
																	<td class='step-details'>Borrower Registration has started</td>
																</tr>
																<tr>
																	<td class='status info' title='info' alt='info'><i class='mdi-action-info-outline'></i></td>
																	<td class='timestamp'>13:27:08</td>
																	<td class='step-details'>Exception occured org.openqa.selenium.NoSuchElementException: Unable to find element with xpath == /html/body/blink/table/tbody/tr/td[4] (WARNING: The server did not provide any stacktrace information)
Command duration or timeout: 0 milliseconds
For documentation on t</td>
																</tr>
																<tr>
																	<td class='status info' title='info' alt='info'><i class='mdi-action-info-outline'></i></td>
																	<td class='timestamp'>13:27:09</td>
																	<td class='step-details'><a href='C:\QC_Batch\QC_Accouting/ExecutionReports/QCStore/ILP/FailedTestsScreenshots/Borrower2019.06.27.01.27.08.png' data-featherlight='image'><img class='report-img' src='file:///C:\QC_Batch\QC_Accouting/ExecutionReports/QCStore/ILP/FailedTestsScreenshots/Borrower2019.06.27.01.27.08.png' /></a></td>
																</tr>
																<tr>
																	<td class='status info' title='info' alt='info'><i class='mdi-action-info-outline'></i></td>
																	<td class='timestamp'>13:27:09</td>
																	<td class='step-details'>Borrower Registration process is initiated again due to Application sync issue</td>
																</tr>
																<tr>
																	<td class='status fail' title='fail' alt='fail'><i class='mdi-navigation-cancel'></i></td>
																	<td class='timestamp'>13:27:09</td>
																	<td class='step-details'>Borrower Registration is failed</td>
																</tr>
																<tr>
																	<td class='status fail' title='fail' alt='fail'><i class='mdi-navigation-cancel'></i></td>
																	<td class='timestamp'>13:27:09</td>
																	<td class='step-details'>Test Case Failed is Payfrequency_Biweekly</td>
																</tr>
																<tr>
																	<td class='status fail' title='fail' alt='fail'><i class='mdi-navigation-cancel'></i></td>
																	<td class='timestamp'>13:27:09</td>
																	<td class='step-details'><a href='C:\QC_Batch\QC_Accouting/ExecutionReports/QCStore/ILP/FailedTestsScreenshots/Payfrequency_Biweekly2019.06.27.01.27.09.png' data-featherlight='image'><img class='report-img' src='file:///C:\QC_Batch\QC_Accouting/ExecutionReports/QCStore/ILP/FailedTestsScreenshots/Payfrequency_Biweekly2019.06.27.01.27.09.png' /></a></td>
																</tr>
														</tbody>
													</table>
													<ul class='collapsible node-list' data-collapsible='accordion'>
													</ul>
												</div>
											</div>
										</li>
										<li class='collection-item test displayed active fail ' extentid='00f1fee7-c0c5-44f0-b181-997cb9948682'>
											<div class='test-head'>
												<span class='test-name'>Monthly_frequency </span>
												<span class='test-status label right outline capitalize fail'>fail</span>
												<span class='category-assigned hide '></span>
											</div>
											<div class='test-body'>
												<div class='test-info'>
													<span title='Test started time' alt='Test started time' class='test-started-time label green lighten-1 text-white'>2019-06-27 13:27:15</span>
													<span title='Test ended time' alt='Test ended time' class='test-ended-time label red lighten-1 text-white'></span>
													<span title='Time taken to finish' alt='Time taken to finish' class='test-time-taken label blue-grey lighten-3 text-white'></span>
												</div>
												<div class='test-desc'>Frequency verification</div>
												<div class='test-attributes'>
												</div>
												<div class='test-steps'>
													<table class='bordered table-results'>
														<thead>
															<tr>
																<th>Status</th>
																<th>Timestamp</th>
																<th>Details</th>
															</tr>
														</thead>
														<tbody>
																<tr>
																	<td class='status info' title='info' alt='info'><i class='mdi-action-info-outline'></i></td>
																	<td class='timestamp'>13:27:19</td>
																	<td class='step-details'><FONT color=green style=Calibri > Opened the CSR URL https://qclocalreg/cc/demoIndex.do</td>
																</tr>
																<tr>
																	<td class='status info' title='info' alt='info'><i class='mdi-action-info-outline'></i></td>
																	<td class='timestamp'>13:27:19</td>
																	<td class='step-details'>CSR Application is launched</td>
																</tr>
																<tr>
																	<td class='status fail' title='fail' alt='fail'><i class='mdi-navigation-cancel'></i></td>
																	<td class='timestamp'>13:27:50</td>
																	<td class='step-details'>CSR login is failed</td>
																</tr>
																<tr>
																	<td class='status info' title='info' alt='info'><i class='mdi-action-info-outline'></i></td>
																	<td class='timestamp'>13:27:50</td>
																	<td class='step-details'>Borrower Registration has started</td>
																</tr>
																<tr>
																	<td class='status info' title='info' alt='info'><i class='mdi-action-info-outline'></i></td>
																	<td class='timestamp'>13:28:51</td>
																	<td class='step-details'>Exception occured org.openqa.selenium.NoSuchFrameException: No frame element found by name or id bottom
Build info: version: '3.14.0', revision: 'aacccce0', time: '2018-08-02T20:19:58.91Z'
System info: host: 'QTLSYS2-238', ip: '192.168.3.29', os.name: 'Windows 7', os.</td>
																</tr>
																<tr>
																	<td class='status info' title='info' alt='info'><i class='mdi-action-info-outline'></i></td>
																	<td class='timestamp'>13:28:51</td>
																	<td class='step-details'><a href='C:\QC_Batch\QC_Accouting/ExecutionReports/QCStore/ILP/FailedTestsScreenshots/Borrower2019.06.27.01.28.51.png' data-featherlight='image'><img class='report-img' src='file:///C:\QC_Batch\QC_Accouting/ExecutionReports/QCStore/ILP/FailedTestsScreenshots/Borrower2019.06.27.01.28.51.png' /></a></td>
																</tr>
																<tr>
																	<td class='status info' title='info' alt='info'><i class='mdi-action-info-outline'></i></td>
																	<td class='timestamp'>13:28:51</td>
																	<td class='step-details'>Borrower Registration process is initiated again due to Application sync issue</td>
																</tr>
																<tr>
																	<td class='status info' title='info' alt='info'><i class='mdi-action-info-outline'></i></td>
																	<td class='timestamp'>13:28:52</td>
																	<td class='step-details'>Borrower Registration has started</td>
																</tr>
																<tr>
																	<td class='status info' title='info' alt='info'><i class='mdi-action-info-outline'></i></td>
																	<td class='timestamp'>13:29:23</td>
																	<td class='step-details'>Exception occured org.openqa.selenium.NoSuchElementException: Unable to find element with xpath == /html/body/blink/table/tbody/tr/td[4] (WARNING: The server did not provide any stacktrace information)
Command duration or timeout: 0 milliseconds
For documentation on t</td>
																</tr>
																<tr>
																	<td class='status info' title='info' alt='info'><i class='mdi-action-info-outline'></i></td>
																	<td class='timestamp'>13:29:24</td>
																	<td class='step-details'><a href='C:\QC_Batch\QC_Accouting/ExecutionReports/QCStore/ILP/FailedTestsScreenshots/Borrower2019.06.27.01.29.23.png' data-featherlight='image'><img class='report-img' src='file:///C:\QC_Batch\QC_Accouting/ExecutionReports/QCStore/ILP/FailedTestsScreenshots/Borrower2019.06.27.01.29.23.png' /></a></td>
																</tr>
																<tr>
																	<td class='status info' title='info' alt='info'><i class='mdi-action-info-outline'></i></td>
																	<td class='timestamp'>13:29:24</td>
																	<td class='step-details'>Borrower Registration process is initiated again due to Application sync issue</td>
																</tr>
																<tr>
																	<td class='status info' title='info' alt='info'><i class='mdi-action-info-outline'></i></td>
																	<td class='timestamp'>13:29:25</td>
																	<td class='step-details'>Borrower Registration has started</td>
																</tr>
																<tr>
																	<td class='status info' title='info' alt='info'><i class='mdi-action-info-outline'></i></td>
																	<td class='timestamp'>13:29:55</td>
																	<td class='step-details'>Exception occured org.openqa.selenium.NoSuchElementException: Unable to find element with xpath == /html/body/blink/table/tbody/tr/td[4] (WARNING: The server did not provide any stacktrace information)
Command duration or timeout: 0 milliseconds
For documentation on t</td>
																</tr>
																<tr>
																	<td class='status info' title='info' alt='info'><i class='mdi-action-info-outline'></i></td>
																	<td class='timestamp'>13:29:55</td>
																	<td class='step-details'><a href='C:\QC_Batch\QC_Accouting/ExecutionReports/QCStore/ILP/FailedTestsScreenshots/Borrower2019.06.27.01.29.55.png' data-featherlight='image'><img class='report-img' src='file:///C:\QC_Batch\QC_Accouting/ExecutionReports/QCStore/ILP/FailedTestsScreenshots/Borrower2019.06.27.01.29.55.png' /></a></td>
																</tr>
																<tr>
																	<td class='status info' title='info' alt='info'><i class='mdi-action-info-outline'></i></td>
																	<td class='timestamp'>13:29:55</td>
																	<td class='step-details'>Borrower Registration process is initiated again due to Application sync issue</td>
																</tr>
																<tr>
																	<td class='status fail' title='fail' alt='fail'><i class='mdi-navigation-cancel'></i></td>
																	<td class='timestamp'>13:29:55</td>
																	<td class='step-details'>Borrower Registration is failed</td>
																</tr>
																<tr>
																	<td class='status fail' title='fail' alt='fail'><i class='mdi-navigation-cancel'></i></td>
																	<td class='timestamp'>13:29:55</td>
																	<td class='step-details'>Test Case Failed is Payfrequency_Monthly</td>
																</tr>
																<tr>
																	<td class='status fail' title='fail' alt='fail'><i class='mdi-navigation-cancel'></i></td>
																	<td class='timestamp'>13:29:56</td>
																	<td class='step-details'><a href='C:\QC_Batch\QC_Accouting/ExecutionReports/QCStore/ILP/FailedTestsScreenshots/Payfrequency_Monthly2019.06.27.01.29.55.png' data-featherlight='image'><img class='report-img' src='file:///C:\QC_Batch\QC_Accouting/ExecutionReports/QCStore/ILP/FailedTestsScreenshots/Payfrequency_Monthly2019.06.27.01.29.55.png' /></a></td>
																</tr>
														</tbody>
													</table>
													<ul class='collapsible node-list' data-collapsible='accordion'>
													</ul>
												</div>
											</div>
										</li>
										<li class='collection-item test displayed active fail ' extentid='733e4426-280f-4e58-800b-c12c6eba232f'>
											<div class='test-head'>
												<span class='test-name'>Semi_monthly_frequency </span>
												<span class='test-status label right outline capitalize fail'>fail</span>
												<span class='category-assigned hide '></span>
											</div>
											<div class='test-body'>
												<div class='test-info'>
													<span title='Test started time' alt='Test started time' class='test-started-time label green lighten-1 text-white'>2019-06-27 13:30:01</span>
													<span title='Test ended time' alt='Test ended time' class='test-ended-time label red lighten-1 text-white'></span>
													<span title='Time taken to finish' alt='Time taken to finish' class='test-time-taken label blue-grey lighten-3 text-white'></span>
												</div>
												<div class='test-desc'>Frequency verification</div>
												<div class='test-attributes'>
												</div>
												<div class='test-steps'>
													<table class='bordered table-results'>
														<thead>
															<tr>
																<th>Status</th>
																<th>Timestamp</th>
																<th>Details</th>
															</tr>
														</thead>
														<tbody>
																<tr>
																	<td class='status info' title='info' alt='info'><i class='mdi-action-info-outline'></i></td>
																	<td class='timestamp'>13:30:05</td>
																	<td class='step-details'><FONT color=green style=Calibri > Opened the CSR URL https://qclocalreg/cc/demoIndex.do</td>
																</tr>
																<tr>
																	<td class='status info' title='info' alt='info'><i class='mdi-action-info-outline'></i></td>
																	<td class='timestamp'>13:30:05</td>
																	<td class='step-details'>CSR Application is launched</td>
																</tr>
																<tr>
																	<td class='status fail' title='fail' alt='fail'><i class='mdi-navigation-cancel'></i></td>
																	<td class='timestamp'>13:30:37</td>
																	<td class='step-details'>CSR login is failed</td>
																</tr>
																<tr>
																	<td class='status info' title='info' alt='info'><i class='mdi-action-info-outline'></i></td>
																	<td class='timestamp'>13:30:37</td>
																	<td class='step-details'>Borrower Registration has started</td>
																</tr>
																<tr>
																	<td class='status info' title='info' alt='info'><i class='mdi-action-info-outline'></i></td>
																	<td class='timestamp'>13:31:37</td>
																	<td class='step-details'>Exception occured org.openqa.selenium.NoSuchFrameException: No frame element found by name or id bottom
Build info: version: '3.14.0', revision: 'aacccce0', time: '2018-08-02T20:19:58.91Z'
System info: host: 'QTLSYS2-238', ip: '192.168.3.29', os.name: 'Windows 7', os.</td>
																</tr>
																<tr>
																	<td class='status info' title='info' alt='info'><i class='mdi-action-info-outline'></i></td>
																	<td class='timestamp'>13:31:38</td>
																	<td class='step-details'><a href='C:\QC_Batch\QC_Accouting/ExecutionReports/QCStore/ILP/FailedTestsScreenshots/Borrower2019.06.27.01.31.37.png' data-featherlight='image'><img class='report-img' src='file:///C:\QC_Batch\QC_Accouting/ExecutionReports/QCStore/ILP/FailedTestsScreenshots/Borrower2019.06.27.01.31.37.png' /></a></td>
																</tr>
																<tr>
																	<td class='status info' title='info' alt='info'><i class='mdi-action-info-outline'></i></td>
																	<td class='timestamp'>13:31:38</td>
																	<td class='step-details'>Borrower Registration process is initiated again due to Application sync issue</td>
																</tr>
																<tr>
																	<td class='status info' title='info' alt='info'><i class='mdi-action-info-outline'></i></td>
																	<td class='timestamp'>13:31:39</td>
																	<td class='step-details'>Borrower Registration has started</td>
																</tr>
																<tr>
																	<td class='status info' title='info' alt='info'><i class='mdi-action-info-outline'></i></td>
																	<td class='timestamp'>13:32:10</td>
																	<td class='step-details'>Exception occured org.openqa.selenium.NoSuchElementException: Unable to find element with xpath == /html/body/blink/table/tbody/tr/td[4] (WARNING: The server did not provide any stacktrace information)
Command duration or timeout: 0 milliseconds
For documentation on t</td>
																</tr>
																<tr>
																	<td class='status info' title='info' alt='info'><i class='mdi-action-info-outline'></i></td>
																	<td class='timestamp'>13:32:10</td>
																	<td class='step-details'><a href='C:\QC_Batch\QC_Accouting/ExecutionReports/QCStore/ILP/FailedTestsScreenshots/Borrower2019.06.27.01.32.10.png' data-featherlight='image'><img class='report-img' src='file:///C:\QC_Batch\QC_Accouting/ExecutionReports/QCStore/ILP/FailedTestsScreenshots/Borrower2019.06.27.01.32.10.png' /></a></td>
																</tr>
																<tr>
																	<td class='status info' title='info' alt='info'><i class='mdi-action-info-outline'></i></td>
																	<td class='timestamp'>13:32:10</td>
																	<td class='step-details'>Borrower Registration process is initiated again due to Application sync issue</td>
																</tr>
																<tr>
																	<td class='status info' title='info' alt='info'><i class='mdi-action-info-outline'></i></td>
																	<td class='timestamp'>13:32:10</td>
																	<td class='step-details'>Borrower Registration has started</td>
																</tr>
																<tr>
																	<td class='status info' title='info' alt='info'><i class='mdi-action-info-outline'></i></td>
																	<td class='timestamp'>13:32:40</td>
																	<td class='step-details'>Exception occured org.openqa.selenium.NoSuchElementException: Unable to find element with xpath == /html/body/blink/table/tbody/tr/td[4] (WARNING: The server did not provide any stacktrace information)
Command duration or timeout: 0 milliseconds
For documentation on t</td>
																</tr>
																<tr>
																	<td class='status info' title='info' alt='info'><i class='mdi-action-info-outline'></i></td>
																	<td class='timestamp'>13:32:41</td>
																	<td class='step-details'><a href='C:\QC_Batch\QC_Accouting/ExecutionReports/QCStore/ILP/FailedTestsScreenshots/Borrower2019.06.27.01.32.40.png' data-featherlight='image'><img class='report-img' src='file:///C:\QC_Batch\QC_Accouting/ExecutionReports/QCStore/ILP/FailedTestsScreenshots/Borrower2019.06.27.01.32.40.png' /></a></td>
																</tr>
																<tr>
																	<td class='status info' title='info' alt='info'><i class='mdi-action-info-outline'></i></td>
																	<td class='timestamp'>13:32:41</td>
																	<td class='step-details'>Borrower Registration process is initiated again due to Application sync issue</td>
																</tr>
																<tr>
																	<td class='status fail' title='fail' alt='fail'><i class='mdi-navigation-cancel'></i></td>
																	<td class='timestamp'>13:32:41</td>
																	<td class='step-details'>Borrower Registration is failed</td>
																</tr>
																<tr>
																	<td class='status fail' title='fail' alt='fail'><i class='mdi-navigation-cancel'></i></td>
																	<td class='timestamp'>13:32:41</td>
																	<td class='step-details'>Test Case Failed is Payfrequency_Semi_monthly</td>
																</tr>
																<tr>
																	<td class='status fail' title='fail' alt='fail'><i class='mdi-navigation-cancel'></i></td>
																	<td class='timestamp'>13:32:41</td>
																	<td class='step-details'><a href='C:\QC_Batch\QC_Accouting/ExecutionReports/QCStore/ILP/FailedTestsScreenshots/Payfrequency_Semi_monthly2019.06.27.01.32.41.png' data-featherlight='image'><img class='report-img' src='file:///C:\QC_Batch\QC_Accouting/ExecutionReports/QCStore/ILP/FailedTestsScreenshots/Payfrequency_Semi_monthly2019.06.27.01.32.41.png' /></a></td>
																</tr>
														</tbody>
													</table>
													<ul class='collapsible node-list' data-collapsible='accordion'>
													</ul>
												</div>
											</div>
										</li>
										<li class='collection-item test displayed active fail ' extentid='e5c01f13-a9ba-47dc-94c2-eeebd9812ef8'>
											<div class='test-head'>
												<span class='test-name'>Weekly_frequency </span>
												<span class='test-status label right outline capitalize fail'>fail</span>
												<span class='category-assigned hide '></span>
											</div>
											<div class='test-body'>
												<div class='test-info'>
													<span title='Test started time' alt='Test started time' class='test-started-time label green lighten-1 text-white'>2019-06-27 13:32:47</span>
													<span title='Test ended time' alt='Test ended time' class='test-ended-time label red lighten-1 text-white'></span>
													<span title='Time taken to finish' alt='Time taken to finish' class='test-time-taken label blue-grey lighten-3 text-white'></span>
												</div>
												<div class='test-desc'>Frequency verification</div>
												<div class='test-attributes'>
												</div>
												<div class='test-steps'>
													<table class='bordered table-results'>
														<thead>
															<tr>
																<th>Status</th>
																<th>Timestamp</th>
																<th>Details</th>
															</tr>
														</thead>
														<tbody>
																<tr>
																	<td class='status info' title='info' alt='info'><i class='mdi-action-info-outline'></i></td>
																	<td class='timestamp'>13:32:51</td>
																	<td class='step-details'><FONT color=green style=Calibri > Opened the CSR URL https://qclocalreg/cc/demoIndex.do</td>
																</tr>
																<tr>
																	<td class='status info' title='info' alt='info'><i class='mdi-action-info-outline'></i></td>
																	<td class='timestamp'>13:32:51</td>
																	<td class='step-details'>CSR Application is launched</td>
																</tr>
																<tr>
																	<td class='status fail' title='fail' alt='fail'><i class='mdi-navigation-cancel'></i></td>
																	<td class='timestamp'>13:33:22</td>
																	<td class='step-details'>CSR login is failed</td>
																</tr>
																<tr>
																	<td class='status info' title='info' alt='info'><i class='mdi-action-info-outline'></i></td>
																	<td class='timestamp'>13:33:22</td>
																	<td class='step-details'>Borrower Registration has started</td>
																</tr>
																<tr>
																	<td class='status info' title='info' alt='info'><i class='mdi-action-info-outline'></i></td>
																	<td class='timestamp'>13:34:22</td>
																	<td class='step-details'>Exception occured org.openqa.selenium.NoSuchFrameException: No frame element found by name or id bottom
Build info: version: '3.14.0', revision: 'aacccce0', time: '2018-08-02T20:19:58.91Z'
System info: host: 'QTLSYS2-238', ip: '192.168.3.29', os.name: 'Windows 7', os.</td>
																</tr>
																<tr>
																	<td class='status info' title='info' alt='info'><i class='mdi-action-info-outline'></i></td>
																	<td class='timestamp'>13:34:23</td>
																	<td class='step-details'><a href='C:\QC_Batch\QC_Accouting/ExecutionReports/QCStore/ILP/FailedTestsScreenshots/Borrower2019.06.27.01.34.22.png' data-featherlight='image'><img class='report-img' src='file:///C:\QC_Batch\QC_Accouting/ExecutionReports/QCStore/ILP/FailedTestsScreenshots/Borrower2019.06.27.01.34.22.png' /></a></td>
																</tr>
																<tr>
																	<td class='status info' title='info' alt='info'><i class='mdi-action-info-outline'></i></td>
																	<td class='timestamp'>13:34:23</td>
																	<td class='step-details'>Borrower Registration process is initiated again due to Application sync issue</td>
																</tr>
																<tr>
																	<td class='status info' title='info' alt='info'><i class='mdi-action-info-outline'></i></td>
																	<td class='timestamp'>13:34:24</td>
																	<td class='step-details'>Borrower Registration has started</td>
																</tr>
																<tr>
																	<td class='status info' title='info' alt='info'><i class='mdi-action-info-outline'></i></td>
																	<td class='timestamp'>13:34:54</td>
																	<td class='step-details'>Exception occured org.openqa.selenium.NoSuchElementException: Unable to find element with xpath == /html/body/blink/table/tbody/tr/td[4] (WARNING: The server did not provide any stacktrace information)
Command duration or timeout: 0 milliseconds
For documentation on t</td>
																</tr>
																<tr>
																	<td class='status info' title='info' alt='info'><i class='mdi-action-info-outline'></i></td>
																	<td class='timestamp'>13:34:54</td>
																	<td class='step-details'><a href='C:\QC_Batch\QC_Accouting/ExecutionReports/QCStore/ILP/FailedTestsScreenshots/Borrower2019.06.27.01.34.54.png' data-featherlight='image'><img class='report-img' src='file:///C:\QC_Batch\QC_Accouting/ExecutionReports/QCStore/ILP/FailedTestsScreenshots/Borrower2019.06.27.01.34.54.png' /></a></td>
																</tr>
																<tr>
																	<td class='status info' title='info' alt='info'><i class='mdi-action-info-outline'></i></td>
																	<td class='timestamp'>13:34:54</td>
																	<td class='step-details'>Borrower Registration process is initiated again due to Application sync issue</td>
																</tr>
																<tr>
																	<td class='status info' title='info' alt='info'><i class='mdi-action-info-outline'></i></td>
																	<td class='timestamp'>13:34:54</td>
																	<td class='step-details'>Borrower Registration has started</td>
																</tr>
																<tr>
																	<td class='status info' title='info' alt='info'><i class='mdi-action-info-outline'></i></td>
																	<td class='timestamp'>13:35:25</td>
																	<td class='step-details'>Exception occured org.openqa.selenium.NoSuchElementException: Unable to find element with xpath == /html/body/blink/table/tbody/tr/td[4] (WARNING: The server did not provide any stacktrace information)
Command duration or timeout: 0 milliseconds
For documentation on t</td>
																</tr>
																<tr>
																	<td class='status info' title='info' alt='info'><i class='mdi-action-info-outline'></i></td>
																	<td class='timestamp'>13:35:25</td>
																	<td class='step-details'><a href='C:\QC_Batch\QC_Accouting/ExecutionReports/QCStore/ILP/FailedTestsScreenshots/Borrower2019.06.27.01.35.25.png' data-featherlight='image'><img class='report-img' src='file:///C:\QC_Batch\QC_Accouting/ExecutionReports/QCStore/ILP/FailedTestsScreenshots/Borrower2019.06.27.01.35.25.png' /></a></td>
																</tr>
																<tr>
																	<td class='status info' title='info' alt='info'><i class='mdi-action-info-outline'></i></td>
																	<td class='timestamp'>13:35:25</td>
																	<td class='step-details'>Borrower Registration process is initiated again due to Application sync issue</td>
																</tr>
																<tr>
																	<td class='status fail' title='fail' alt='fail'><i class='mdi-navigation-cancel'></i></td>
																	<td class='timestamp'>13:35:25</td>
																	<td class='step-details'>Borrower Registration is failed</td>
																</tr>
																<tr>
																	<td class='status fail' title='fail' alt='fail'><i class='mdi-navigation-cancel'></i></td>
																	<td class='timestamp'>13:35:25</td>
																	<td class='step-details'>Test Case Failed is Payfrequency_Weekly</td>
																</tr>
																<tr>
																	<td class='status fail' title='fail' alt='fail'><i class='mdi-navigation-cancel'></i></td>
																	<td class='timestamp'>13:35:26</td>
																	<td class='step-details'><a href='C:\QC_Batch\QC_Accouting/ExecutionReports/QCStore/ILP/FailedTestsScreenshots/Payfrequency_Weekly2019.06.27.01.35.25.png' data-featherlight='image'><img class='report-img' src='file:///C:\QC_Batch\QC_Accouting/ExecutionReports/QCStore/ILP/FailedTestsScreenshots/Payfrequency_Weekly2019.06.27.01.35.25.png' /></a></td>
																</tr>
														</tbody>
													</table>
													<ul class='collapsible node-list' data-collapsible='accordion'>
													</ul>
												</div>
											</div>
										</li>
								</ul>
							</div>
						</div>
					</div>
				</div>
				<div id='test-details-wrapper' class='col _addedCell2'>
					<div class='contents'>
						<div class='card-panel details-view'>
							<h5 class='details-name'></h5>
							<div class='step-filters right'>
								<span class='btn-floating btn-small waves-effect waves-light blue' status='info' alt='info' title='info'><i class='mdi-action-info-outline'></i></span>
								<span class='btn-floating btn-small waves-effect waves-light green' status='pass' alt='pass' title='pass'><i class='mdi-action-check-circle'></i></span>
								<span class='btn-floating btn-small waves-effect waves-light red' status='fail' alt='fail' title='fail'><i class='mdi-navigation-cancel'></i></span>
								<span class='btn-floating btn-small waves-effect waves-light red darken-4' status='fatal' alt='fatal' title='fatal'><i class='mdi-navigation-cancel'></i></span>
								<span class='btn-floating btn-small waves-effect waves-light red lighten-2' status='error' alt='error' title='error'><i class='mdi-alert-error'></i></span>
								<span class='btn-floating btn-small waves-effect waves-light orange' alt='warning' status='warning' title='warning'><i class='mdi-alert-warning'></i></span>
								<span class='btn-floating btn-small waves-effect waves-light cyan' status='skip' alt='skip' title='skip'><i class='mdi-content-redo'></i></span>
								<span class='btn-floating btn-small waves-effect waves-light grey darken-2' status='clear-step-filter' alt='Clear filters' title='Clear filters'><i class='mdi-content-clear'></i></span>
							</div>
							<div class='details-container'>
							</div>
						</div>
					</div>
				</div>
			</div>
			<!-- /tests -->
			
			<!-- categories -->
			<!-- /categories -->
			
			<!-- exceptions -->
			<!-- /exceptions -->
			
			<!-- testrunner logs -->
			<!-- /testrunner logs -->
			
		</div>
		<!-- /container -->
		
		<!-- test dashboard counts setting -->
		<div id='test-count-setting' class='modal bottom-sheet'> 
			<div class='modal-content'> 
				<h5>Configure Tests Count Setting</h5> 
				<input name='test-count-setting' type='radio' id='parentWithoutNodes' class='with-gap'> 
				<label for='parentWithoutNodes'>Parent Tests Only (Does not include child nodes in counts)</label> 
				<br> 
				<input name='test-count-setting' type='radio' id='parentWithoutNodesAndNodes' class='with-gap'> 
				<label for='parentWithoutNodesAndNodes'>Parent Tests Without Child Tests + Child Tests</label> 
				<br> 
				<input name='test-count-setting' type='radio' id='childNodes' class='with-gap'> 
				<label for='childNodes'>Child Tests Only</label> 
			</div> 
			<div class='modal-footer'> 
				<a href='#!' class='modal-action modal-close waves-effect waves-green btn'>Save</a> 
			</div> 
		</div>
		<!-- /test dashboard counts setting -->
		
		<!-- filter for step status -->
		<div id='step-status-filter' class='modal bottom-sheet'> 
			<div class='modal-content'> 
				<h5>Select status</h5> 
				<input checked class='filled-in' type='checkbox' id='step-dashboard-filter-pass'> 
				<label for='step-dashboard-filter-pass'>Pass</label> 
				<br> 
				<input checked class='filled-in' type='checkbox' id='step-dashboard-filter-fail'> 
				<label for='step-dashboard-filter-fail'>Fail</label> 
				<br> 
				<input checked class='filled-in' type='checkbox' id='step-dashboard-filter-fatal'> 
				<label for='step-dashboard-filter-fatal'>Fatal</label> 
				<br> 
				<input checked class='filled-in' type='checkbox' id='step-dashboard-filter-error'> 
				<label for='step-dashboard-filter-error'>Error</label> 
				<br> 
				<input checked class='filled-in' type='checkbox' id='step-dashboard-filter-warning'> 
				<label for='step-dashboard-filter-warning'>Warning</label> 
				<br> 
				<input checked class='filled-in' type='checkbox' id='step-dashboard-filter-skip'> 
				<label for='step-dashboard-filter-skip'>Skipped</label> 
				<br> 
				<input checked class='filled-in' type='checkbox' id='step-dashboard-filter-info'> 
				<label for='step-dashboard-filter-info'>Info</label> 
				<br> 
				<input checked class='filled-in' type='checkbox' id='step-dashboard-filter-unknown'> 
				<label for='step-dashboard-filter-unknown'>Unknown</label> 
			</div>
			<div class='modal-footer'> 
				<a href='#!' class='modal-action modal-close waves-effect waves-green btn'>Save</a> 
			</div> 
		</div>
		<!-- /filter for step status -->
		
		<script src='https://cdn.rawgit.com/anshooarora/extentreports/6032d73243ba4fe4fb8769eb9c315d4fdf16fe68/cdn/extent.js' type='text/javascript'></script>

		<script>$(document).ready(function() { $('.logo span').html('ExtentReports'); });</script>
		<script>
				
            
                $(document).ready(function() {
                    
                });
            
        
		</script>
	</body>
</html>
